<?xml version="1.0" encoding="UTF-8"?>
<coverage generated="1765803697006" clover="3.2.0">
  <project timestamp="1765803697006" name="All files">
    <metrics statements="1329" coveredstatements="622" conditionals="1157" coveredconditionals="435" methods="209" coveredmethods="102" elements="2695" coveredelements="1159" complexity="0" loc="1329" ncloc="1329" packages="4" files="9" classes="9"/>
    <package name="config">
      <metrics statements="6" coveredstatements="6" conditionals="0" coveredconditionals="0" methods="0" coveredmethods="0"/>
      <file name="branding.js" path="E:\Projeler\UHAWebSitesi\server\config\branding.js">
        <metrics statements="4" coveredstatements="4" conditionals="0" coveredconditionals="0" methods="0" coveredmethods="0"/>
        <line num="4" count="2" type="stmt"/>
        <line num="5" count="2" type="stmt"/>
        <line num="6" count="2" type="stmt"/>
        <line num="8" count="2" type="stmt"/>
      </file>
      <file name="cms-tabs.js" path="E:\Projeler\UHAWebSitesi\server\config\cms-tabs.js">
        <metrics statements="2" coveredstatements="2" conditionals="0" coveredconditionals="0" methods="0" coveredmethods="0"/>
        <line num="5" count="3" type="stmt"/>
        <line num="18" count="3" type="stmt"/>
      </file>
    </package>
    <package name="middleware">
      <metrics statements="24" coveredstatements="20" conditionals="35" coveredconditionals="28" methods="3" coveredmethods="3"/>
      <file name="auth.js" path="E:\Projeler\UHAWebSitesi\server\middleware\auth.js">
        <metrics statements="24" coveredstatements="20" conditionals="35" coveredconditionals="28" methods="3" coveredmethods="3"/>
        <line num="5" count="2" type="stmt"/>
        <line num="6" count="7" type="cond" truecount="4" falsecount="0"/>
        <line num="7" count="2" type="stmt"/>
        <line num="11" count="5" type="cond" truecount="3" falsecount="1"/>
        <line num="12" count="0" type="stmt"/>
        <line num="16" count="5" type="cond" truecount="3" falsecount="1"/>
        <line num="21" count="5" type="cond" truecount="1" falsecount="1"/>
        <line num="22" count="0" type="stmt"/>
        <line num="26" count="5" type="stmt"/>
        <line num="29" count="2" type="stmt"/>
        <line num="30" count="8" type="stmt"/>
        <line num="32" count="15" type="cond" truecount="3" falsecount="2"/>
        <line num="37" count="15" type="cond" truecount="4" falsecount="0"/>
        <line num="38" count="8" type="cond" truecount="1" falsecount="1"/>
        <line num="39" count="8" type="stmt"/>
        <line num="41" count="0" type="stmt"/>
        <line num="45" count="7" type="cond" truecount="4" falsecount="0"/>
        <line num="46" count="3" type="stmt"/>
        <line num="50" count="4" type="cond" truecount="4" falsecount="0"/>
        <line num="51" count="1" type="stmt"/>
        <line num="55" count="3" type="cond" truecount="1" falsecount="1"/>
        <line num="56" count="3" type="stmt"/>
        <line num="59" count="0" type="stmt"/>
        <line num="65" count="2" type="stmt"/>
      </file>
    </package>
    <package name="routes">
      <metrics statements="650" coveredstatements="275" conditionals="376" coveredconditionals="123" methods="82" coveredmethods="37"/>
      <file name="auth.js" path="E:\Projeler\UHAWebSitesi\server\routes\auth.js">
        <metrics statements="83" coveredstatements="43" conditionals="34" coveredconditionals="17" methods="8" coveredmethods="6"/>
        <line num="1" count="1" type="stmt"/>
        <line num="2" count="1" type="stmt"/>
        <line num="3" count="1" type="stmt"/>
        <line num="4" count="1" type="stmt"/>
        <line num="6" count="1" type="stmt"/>
        <line num="7" count="1" type="stmt"/>
        <line num="10" count="1" type="cond" truecount="2" falsecount="0"/>
        <line num="11" count="1" type="cond" truecount="2" falsecount="0"/>
        <line num="16" count="1" type="stmt"/>
        <line num="17" count="42" type="stmt"/>
        <line num="19" count="42" type="cond" truecount="3" falsecount="1"/>
        <line num="20" count="0" type="stmt"/>
        <line num="24" count="42" type="cond" truecount="4" falsecount="0"/>
        <line num="25" count="5" type="stmt"/>
        <line num="26" count="5" type="stmt"/>
        <line num="27" count="5" type="stmt"/>
        <line num="28" count="5" type="stmt"/>
        <line num="29" count="5" type="stmt"/>
        <line num="30" count="5" type="stmt"/>
        <line num="32" count="5" type="stmt"/>
        <line num="36" count="37" type="stmt"/>
        <line num="38" count="37" type="cond" truecount="3" falsecount="1"/>
        <line num="39" count="0" type="stmt"/>
        <line num="40" count="0" type="stmt"/>
        <line num="41" count="0" type="stmt"/>
        <line num="42" count="0" type="stmt"/>
        <line num="43" count="0" type="stmt"/>
        <line num="44" count="0" type="cond" truecount="0" falsecount="2"/>
        <line num="45" count="0" type="stmt"/>
        <line num="48" count="0" type="stmt"/>
        <line num="50" count="0" type="stmt"/>
        <line num="54" count="37" type="stmt"/>
        <line num="60" count="1" type="stmt"/>
        <line num="61" count="1" type="stmt"/>
        <line num="62" count="1" type="cond" truecount="1" falsecount="1"/>
        <line num="63" count="0" type="stmt"/>
        <line num="64" count="0" type="stmt"/>
        <line num="66" count="1" type="stmt"/>
        <line num="67" count="1" type="stmt"/>
        <line num="74" count="1" type="stmt"/>
        <line num="75" count="2" type="stmt"/>
        <line num="93" count="1" type="stmt"/>
        <line num="94" count="0" type="stmt"/>
        <line num="95" count="0" type="stmt"/>
        <line num="97" count="0" type="stmt"/>
        <line num="99" count="0" type="stmt"/>
        <line num="100" count="0" type="stmt"/>
        <line num="107" count="1" type="stmt"/>
        <line num="108" count="0" type="stmt"/>
        <line num="109" count="0" type="stmt"/>
        <line num="111" count="0" type="cond" truecount="0" falsecount="4"/>
        <line num="112" count="0" type="stmt"/>
        <line num="116" count="0" type="stmt"/>
        <line num="117" count="0" type="cond" truecount="0" falsecount="2"/>
        <line num="118" count="0" type="stmt"/>
        <line num="121" count="0" type="stmt"/>
        <line num="130" count="0" type="stmt"/>
        <line num="132" count="0" type="stmt"/>
        <line num="133" count="0" type="stmt"/>
        <line num="140" count="1" type="stmt"/>
        <line num="141" count="1" type="stmt"/>
        <line num="142" count="1" type="stmt"/>
        <line num="143" count="1" type="stmt"/>
        <line num="146" count="1" type="cond" truecount="1" falsecount="1"/>
        <line num="147" count="1" type="stmt"/>
        <line num="150" count="0" type="stmt"/>
        <line num="152" count="0" type="cond" truecount="0" falsecount="2"/>
        <line num="153" count="0" type="stmt"/>
        <line num="156" count="0" type="stmt"/>
        <line num="158" count="0" type="stmt"/>
        <line num="159" count="0" type="stmt"/>
        <line num="166" count="1" type="stmt"/>
        <line num="167" count="1" type="stmt"/>
        <line num="168" count="1" type="stmt"/>
        <line num="171" count="1" type="cond" truecount="1" falsecount="1"/>
        <line num="172" count="1" type="stmt"/>
        <line num="175" count="0" type="stmt"/>
        <line num="177" count="0" type="cond" truecount="0" falsecount="2"/>
        <line num="178" count="0" type="stmt"/>
        <line num="181" count="0" type="stmt"/>
        <line num="183" count="0" type="stmt"/>
        <line num="184" count="0" type="stmt"/>
        <line num="188" count="1" type="stmt"/>
      </file>
      <file name="cms.js" path="E:\Projeler\UHAWebSitesi\server\routes\cms.js">
        <metrics statements="567" coveredstatements="232" conditionals="342" coveredconditionals="106" methods="74" coveredmethods="31"/>
        <line num="1" count="1" type="stmt"/>
        <line num="2" count="1" type="stmt"/>
        <line num="3" count="1" type="stmt"/>
        <line num="4" count="1" type="stmt"/>
        <line num="5" count="1" type="stmt"/>
        <line num="6" count="1" type="stmt"/>
        <line num="7" count="1" type="stmt"/>
        <line num="8" count="1" type="stmt"/>
        <line num="9" count="1" type="stmt"/>
        <line num="14" count="1" type="stmt"/>
        <line num="16" count="1" type="stmt"/>
        <line num="19" count="1" type="stmt"/>
        <line num="20" count="1" type="stmt"/>
        <line num="21" count="88" type="cond" truecount="1" falsecount="1"/>
        <line num="22" count="88" type="stmt"/>
        <line num="25" count="0" type="cond" truecount="0" falsecount="2"/>
        <line num="26" count="0" type="stmt"/>
        <line num="31" count="0" type="cond" truecount="0" falsecount="2"/>
        <line num="32" count="0" type="stmt"/>
        <line num="34" count="0" type="stmt"/>
        <line num="38" count="1" type="stmt"/>
        <line num="39" count="1" type="stmt"/>
        <line num="42" count="1" type="stmt"/>
        <line num="43" count="1" type="stmt"/>
        <line num="44" count="1" type="stmt"/>
        <line num="48" count="1" type="stmt"/>
        <line num="50" count="86" type="stmt"/>
        <line num="51" count="86" type="stmt"/>
        <line num="55" count="1" type="stmt"/>
        <line num="57" count="1" type="stmt"/>
        <line num="58" count="1" type="stmt"/>
        <line num="60" count="1" type="stmt"/>
        <line num="69" count="1" type="stmt"/>
        <line num="71" count="0" type="stmt"/>
        <line num="74" count="0" type="cond" truecount="0" falsecount="2"/>
        <line num="75" count="0" type="cond" truecount="0" falsecount="2"/>
        <line num="76" count="0" type="stmt"/>
        <line num="80" count="1" type="stmt"/>
        <line num="84" count="0" type="cond" truecount="0" falsecount="2"/>
        <line num="85" count="0" type="stmt"/>
        <line num="87" count="0" type="stmt"/>
        <line num="93" count="1" type="stmt"/>
        <line num="94" count="30" type="stmt"/>
        <line num="95" count="30" type="stmt"/>
        <line num="99" count="9" type="cond" truecount="1" falsecount="1"/>
        <line num="100" count="0" type="stmt"/>
        <line num="102" count="9" type="cond" truecount="1" falsecount="1"/>
        <line num="103" count="0" type="stmt"/>
        <line num="105" count="0" type="stmt"/>
        <line num="107" count="0" type="stmt"/>
        <line num="109" count="9" type="stmt"/>
        <line num="113" count="3" type="cond" truecount="1" falsecount="1"/>
        <line num="114" count="0" type="stmt"/>
        <line num="116" count="3" type="cond" truecount="1" falsecount="1"/>
        <line num="117" count="0" type="stmt"/>
        <line num="119" count="0" type="stmt"/>
        <line num="122" count="3" type="stmt"/>
        <line num="126" count="3" type="cond" truecount="1" falsecount="1"/>
        <line num="127" count="0" type="stmt"/>
        <line num="130" count="3" type="cond" truecount="1" falsecount="1"/>
        <line num="131" count="0" type="stmt"/>
        <line num="132" count="0" type="cond" truecount="0" falsecount="2"/>
        <line num="134" count="0" type="stmt"/>
        <line num="135" count="0" type="stmt"/>
        <line num="136" count="0" type="cond" truecount="0" falsecount="2"/>
        <line num="137" count="0" type="stmt"/>
        <line num="143" count="0" type="stmt"/>
        <line num="150" count="3" type="stmt"/>
        <line num="154" count="3" type="cond" truecount="1" falsecount="1"/>
        <line num="155" count="3" type="stmt"/>
        <line num="157" count="0" type="cond" truecount="0" falsecount="2"/>
        <line num="158" count="0" type="stmt"/>
        <line num="161" count="0" type="cond" truecount="0" falsecount="2"/>
        <line num="162" count="0" type="stmt"/>
        <line num="163" count="0" type="cond" truecount="0" falsecount="2"/>
        <line num="165" count="0" type="stmt"/>
        <line num="166" count="0" type="stmt"/>
        <line num="167" count="0" type="stmt"/>
        <line num="169" count="0" type="stmt"/>
        <line num="173" count="0" type="cond" truecount="0" falsecount="2"/>
        <line num="174" count="0" type="stmt"/>
        <line num="175" count="0" type="cond" truecount="0" falsecount="2"/>
        <line num="176" count="0" type="cond" truecount="0" falsecount="5"/>
        <line num="177" count="0" type="cond" truecount="0" falsecount="2"/>
        <line num="178" count="0" type="stmt"/>
        <line num="181" count="0" type="cond" truecount="0" falsecount="4"/>
        <line num="184" count="0" type="stmt"/>
        <line num="188" count="3" type="cond" truecount="2" falsecount="0"/>
        <line num="189" count="1" type="stmt"/>
        <line num="190" count="1" type="cond" truecount="1" falsecount="1"/>
        <line num="194" count="0" type="cond" truecount="0" falsecount="4"/>
        <line num="195" count="0" type="stmt"/>
        <line num="196" count="0" type="stmt"/>
        <line num="197" count="0" type="cond" truecount="0" falsecount="2"/>
        <line num="198" count="0" type="cond" truecount="0" falsecount="2"/>
        <line num="202" count="0" type="stmt"/>
        <line num="206" count="3" type="stmt"/>
        <line num="207" count="3" type="cond" truecount="1" falsecount="1"/>
        <line num="208" count="3" type="stmt"/>
        <line num="210" count="0" type="stmt"/>
        <line num="211" count="0" type="cond" truecount="0" falsecount="2"/>
        <line num="212" count="0" type="stmt"/>
        <line num="214" count="0" type="stmt"/>
        <line num="218" count="2" type="cond" truecount="1" falsecount="1"/>
        <line num="219" count="2" type="stmt"/>
        <line num="229" count="2" type="cond" truecount="1" falsecount="1"/>
        <line num="230" count="2" type="stmt"/>
        <line num="233" count="2" type="stmt"/>
        <line num="237" count="3" type="stmt"/>
        <line num="250" count="3" type="stmt"/>
        <line num="257" count="3" type="stmt"/>
        <line num="258" count="3" type="stmt"/>
        <line num="259" count="9" type="cond" truecount="1" falsecount="1"/>
        <line num="260" count="0" type="cond" truecount="0" falsecount="2"/>
        <line num="263" count="3" type="stmt"/>
        <line num="273" count="0" type="cond" truecount="0" falsecount="2"/>
        <line num="274" count="0" type="cond" truecount="0" falsecount="2"/>
        <line num="275" count="0" type="stmt"/>
        <line num="279" count="0" type="cond" truecount="0" falsecount="2"/>
        <line num="280" count="0" type="cond" truecount="0" falsecount="2"/>
        <line num="281" count="0" type="stmt"/>
        <line num="282" count="0" type="cond" truecount="0" falsecount="4"/>
        <line num="283" count="0" type="stmt"/>
        <line num="284" count="0" type="stmt"/>
        <line num="286" count="0" type="stmt"/>
        <line num="294" count="1" type="stmt"/>
        <line num="295" count="2" type="stmt"/>
        <line num="296" count="2" type="stmt"/>
        <line num="298" count="2" type="cond" truecount="1" falsecount="1"/>
        <line num="305" count="2" type="cond" truecount="1" falsecount="1"/>
        <line num="306" count="2" type="cond" truecount="1" falsecount="1"/>
        <line num="311" count="2" type="stmt"/>
        <line num="313" count="2" type="cond" truecount="1" falsecount="1"/>
        <line num="314" count="2" type="cond" truecount="0" falsecount="1"/>
        <line num="316" count="2" type="cond" truecount="1" falsecount="1"/>
        <line num="317" count="2" type="cond" truecount="0" falsecount="1"/>
        <line num="321" count="2" type="stmt"/>
        <line num="322" count="2" type="stmt"/>
        <line num="324" count="2" type="cond" truecount="3" falsecount="1"/>
        <line num="325" count="0" type="stmt"/>
        <line num="328" count="2" type="stmt"/>
        <line num="334" count="2" type="cond" truecount="1" falsecount="1"/>
        <line num="338" count="2" type="stmt"/>
        <line num="339" count="2" type="stmt"/>
        <line num="340" count="2" type="stmt"/>
        <line num="341" count="2" type="cond" truecount="3" falsecount="1"/>
        <line num="342" count="0" type="stmt"/>
        <line num="344" count="2" type="stmt"/>
        <line num="350" count="2" type="cond" truecount="1" falsecount="1"/>
        <line num="351" count="2" type="stmt"/>
        <line num="353" count="2" type="stmt"/>
        <line num="354" count="2" type="stmt"/>
        <line num="357" count="2" type="stmt"/>
        <line num="365" count="2" type="stmt"/>
        <line num="366" count="2" type="cond" truecount="3" falsecount="1"/>
        <line num="367" count="0" type="cond" truecount="0" falsecount="2"/>
        <line num="370" count="2" type="stmt"/>
        <line num="379" count="2" type="stmt"/>
        <line num="391" count="2" type="cond" truecount="1" falsecount="1"/>
        <line num="395" count="2" type="stmt"/>
        <line num="397" count="2" type="stmt"/>
        <line num="398" count="2" type="stmt"/>
        <line num="400" count="2" type="stmt"/>
        <line num="425" count="2" type="stmt"/>
        <line num="427" count="2" type="stmt"/>
        <line num="439" count="0" type="stmt"/>
        <line num="440" count="0" type="stmt"/>
        <line num="441" count="0" type="stmt"/>
        <line num="443" count="0" type="cond" truecount="0" falsecount="2"/>
        <line num="444" count="0" type="stmt"/>
        <line num="463" count="1" type="stmt"/>
        <line num="464" count="1" type="stmt"/>
        <line num="465" count="1" type="stmt"/>
        <line num="466" count="1" type="stmt"/>
        <line num="468" count="0" type="stmt"/>
        <line num="469" count="0" type="stmt"/>
        <line num="476" count="1" type="stmt"/>
        <line num="477" count="0" type="stmt"/>
        <line num="483" count="0" type="stmt"/>
        <line num="484" count="0" type="cond" truecount="0" falsecount="2"/>
        <line num="485" count="0" type="stmt"/>
        <line num="486" count="0" type="cond" truecount="0" falsecount="2"/>
        <line num="488" count="0" type="stmt"/>
        <line num="491" count="0" type="stmt"/>
        <line num="492" count="0" type="stmt"/>
        <line num="493" count="0" type="cond" truecount="0" falsecount="2"/>
        <line num="495" count="0" type="stmt"/>
        <line num="509" count="0" type="stmt"/>
        <line num="510" count="0" type="stmt"/>
        <line num="511" count="0" type="stmt"/>
        <line num="513" count="0" type="cond" truecount="0" falsecount="2"/>
        <line num="514" count="0" type="stmt"/>
        <line num="515" count="0" type="stmt"/>
        <line num="518" count="0" type="cond" truecount="0" falsecount="2"/>
        <line num="519" count="0" type="stmt"/>
        <line num="520" count="0" type="stmt"/>
        <line num="523" count="0" type="cond" truecount="0" falsecount="2"/>
        <line num="524" count="0" type="stmt"/>
        <line num="525" count="0" type="stmt"/>
        <line num="528" count="0" type="stmt"/>
        <line num="529" count="0" type="stmt"/>
        <line num="531" count="0" type="stmt"/>
        <line num="536" count="0" type="stmt"/>
        <line num="537" count="0" type="stmt"/>
        <line num="544" count="1" type="stmt"/>
        <line num="545" count="0" type="stmt"/>
        <line num="547" count="0" type="stmt"/>
        <line num="550" count="0" type="stmt"/>
        <line num="553" count="0" type="stmt"/>
        <line num="559" count="0" type="stmt"/>
        <line num="562" count="0" type="stmt"/>
        <line num="563" count="0" type="stmt"/>
        <line num="570" count="1" type="stmt"/>
        <line num="571" count="2" type="stmt"/>
        <line num="579" count="2" type="stmt"/>
        <line num="581" count="2" type="stmt"/>
        <line num="591" count="2" type="stmt"/>
        <line num="593" count="2" type="stmt"/>
        <line num="600" count="2" type="stmt"/>
        <line num="603" count="0" type="stmt"/>
        <line num="604" count="0" type="stmt"/>
        <line num="611" count="1" type="stmt"/>
        <line num="612" count="0" type="stmt"/>
        <line num="613" count="0" type="stmt"/>
        <line num="614" count="0" type="stmt"/>
        <line num="616" count="0" type="cond" truecount="0" falsecount="2"/>
        <line num="617" count="0" type="stmt"/>
        <line num="621" count="0" type="stmt"/>
        <line num="627" count="0" type="stmt"/>
        <line num="630" count="0" type="stmt"/>
        <line num="631" count="0" type="stmt"/>
        <line num="638" count="1" type="stmt"/>
        <line num="639" count="3" type="stmt"/>
        <line num="640" count="3" type="stmt"/>
        <line num="643" count="3" type="cond" truecount="4" falsecount="0"/>
        <line num="644" count="1" type="stmt"/>
        <line num="647" count="2" type="stmt"/>
        <line num="649" count="2" type="stmt"/>
        <line num="671" count="2" type="stmt"/>
        <line num="679" count="0" type="cond" truecount="0" falsecount="2"/>
        <line num="680" count="0" type="stmt"/>
        <line num="683" count="0" type="stmt"/>
        <line num="686" count="2" type="stmt"/>
        <line num="687" count="2" type="stmt"/>
        <line num="694" count="1" type="stmt"/>
        <line num="695" count="2" type="stmt"/>
        <line num="696" count="2" type="stmt"/>
        <line num="697" count="2" type="stmt"/>
        <line num="698" count="2" type="stmt"/>
        <line num="700" count="2" type="cond" truecount="2" falsecount="0"/>
        <line num="701" count="1" type="stmt"/>
        <line num="705" count="1" type="cond" truecount="3" falsecount="1"/>
        <line num="706" count="0" type="stmt"/>
        <line num="709" count="1" type="stmt"/>
        <line num="711" count="1" type="stmt"/>
        <line num="730" count="1" type="cond" truecount="1" falsecount="1"/>
        <line num="731" count="0" type="stmt"/>
        <line num="735" count="1" type="cond" truecount="2" falsecount="0"/>
        <line num="736" count="1" type="cond" truecount="1" falsecount="1"/>
        <line num="738" count="1" type="cond" truecount="1" falsecount="2"/>
        <line num="741" count="0" type="cond" truecount="0" falsecount="5"/>
        <line num="745" count="1" type="cond" truecount="2" falsecount="0"/>
        <line num="749" count="1" type="stmt"/>
        <line num="754" count="1" type="cond" truecount="1" falsecount="1"/>
        <line num="755" count="0" type="stmt"/>
        <line num="759" count="1" type="cond" truecount="1" falsecount="1"/>
        <line num="760" count="1" type="stmt"/>
        <line num="763" count="1" type="stmt"/>
        <line num="766" count="0" type="stmt"/>
        <line num="767" count="0" type="stmt"/>
        <line num="774" count="1" type="stmt"/>
        <line num="775" count="0" type="stmt"/>
        <line num="776" count="0" type="stmt"/>
        <line num="777" count="0" type="cond" truecount="0" falsecount="4"/>
        <line num="779" count="0" type="stmt"/>
        <line num="780" count="0" type="cond" truecount="0" falsecount="2"/>
        <line num="781" count="0" type="stmt"/>
        <line num="784" count="0" type="stmt"/>
        <line num="785" count="0" type="cond" truecount="0" falsecount="2"/>
        <line num="788" count="0" type="cond" truecount="0" falsecount="4"/>
        <line num="789" count="0" type="stmt"/>
        <line num="794" count="0" type="stmt"/>
        <line num="795" count="0" type="stmt"/>
        <line num="797" count="0" type="cond" truecount="0" falsecount="4"/>
        <line num="798" count="0" type="stmt"/>
        <line num="801" count="0" type="cond" truecount="0" falsecount="2"/>
        <line num="805" count="0" type="cond" truecount="0" falsecount="2"/>
        <line num="806" count="0" type="stmt"/>
        <line num="809" count="0" type="stmt"/>
        <line num="810" count="0" type="cond" truecount="0" falsecount="2"/>
        <line num="811" count="0" type="stmt"/>
        <line num="815" count="0" type="stmt"/>
        <line num="819" count="0" type="cond" truecount="0" falsecount="4"/>
        <line num="820" count="0" type="stmt"/>
        <line num="824" count="0" type="stmt"/>
        <line num="825" count="0" type="stmt"/>
        <line num="827" count="0" type="stmt"/>
        <line num="828" count="0" type="cond" truecount="0" falsecount="4"/>
        <line num="829" count="0" type="stmt"/>
        <line num="832" count="0" type="cond" truecount="0" falsecount="4"/>
        <line num="833" count="0" type="stmt"/>
        <line num="834" count="0" type="cond" truecount="0" falsecount="2"/>
        <line num="837" count="0" type="stmt"/>
        <line num="838" count="0" type="stmt"/>
        <line num="839" count="0" type="stmt"/>
        <line num="840" count="0" type="cond" truecount="0" falsecount="2"/>
        <line num="841" count="0" type="cond" truecount="0" falsecount="2"/>
        <line num="842" count="0" type="cond" truecount="0" falsecount="2"/>
        <line num="843" count="0" type="stmt"/>
        <line num="844" count="0" type="stmt"/>
        <line num="851" count="0" type="stmt"/>
        <line num="858" count="0" type="stmt"/>
        <line num="859" count="0" type="stmt"/>
        <line num="866" count="1" type="stmt"/>
        <line num="867" count="1" type="stmt"/>
        <line num="868" count="1" type="stmt"/>
        <line num="869" count="1" type="stmt"/>
        <line num="871" count="1" type="stmt"/>
        <line num="872" count="1" type="cond" truecount="1" falsecount="1"/>
        <line num="873" count="0" type="stmt"/>
        <line num="876" count="1" type="cond" truecount="1" falsecount="1"/>
        <line num="879" count="1" type="stmt"/>
        <line num="885" count="1" type="cond" truecount="1" falsecount="1"/>
        <line num="886" count="0" type="stmt"/>
        <line num="889" count="1" type="stmt"/>
        <line num="892" count="0" type="stmt"/>
        <line num="893" count="0" type="stmt"/>
        <line num="900" count="1" type="stmt"/>
        <line num="901" count="0" type="stmt"/>
        <line num="902" count="0" type="stmt"/>
        <line num="905" count="0" type="stmt"/>
        <line num="906" count="0" type="cond" truecount="0" falsecount="2"/>
        <line num="907" count="0" type="stmt"/>
        <line num="912" count="0" type="cond" truecount="0" falsecount="2"/>
        <line num="914" count="0" type="cond" truecount="0" falsecount="2"/>
        <line num="917" count="0" type="cond" truecount="0" falsecount="2"/>
        <line num="918" count="0" type="cond" truecount="0" falsecount="2"/>
        <line num="919" count="0" type="stmt"/>
        <line num="924" count="0" type="stmt"/>
        <line num="926" count="0" type="cond" truecount="0" falsecount="2"/>
        <line num="927" count="0" type="stmt"/>
        <line num="931" count="0" type="stmt"/>
        <line num="933" count="0" type="stmt"/>
        <line num="936" count="0" type="stmt"/>
        <line num="937" count="0" type="stmt"/>
        <line num="944" count="1" type="stmt"/>
        <line num="945" count="1" type="stmt"/>
        <line num="946" count="1" type="stmt"/>
        <line num="947" count="1" type="stmt"/>
        <line num="950" count="0" type="stmt"/>
        <line num="951" count="0" type="stmt"/>
        <line num="958" count="1" type="stmt"/>
        <line num="959" count="4" type="stmt"/>
        <line num="960" count="4" type="stmt"/>
        <line num="962" count="4" type="cond" truecount="4" falsecount="0"/>
        <line num="963" count="1" type="stmt"/>
        <line num="966" count="3" type="stmt"/>
        <line num="967" count="3" type="cond" truecount="2" falsecount="0"/>
        <line num="968" count="3" type="stmt"/>
        <line num="970" count="3" type="stmt"/>
        <line num="976" count="3" type="stmt"/>
        <line num="979" count="0" type="stmt"/>
        <line num="980" count="0" type="cond" truecount="0" falsecount="5"/>
        <line num="981" count="0" type="stmt"/>
        <line num="983" count="0" type="stmt"/>
        <line num="990" count="1" type="stmt"/>
        <line num="991" count="1" type="stmt"/>
        <line num="992" count="1" type="stmt"/>
        <line num="993" count="1" type="stmt"/>
        <line num="995" count="1" type="cond" truecount="3" falsecount="1"/>
        <line num="996" count="0" type="stmt"/>
        <line num="999" count="1" type="stmt"/>
        <line num="1000" count="1" type="cond" truecount="1" falsecount="1"/>
        <line num="1001" count="1" type="stmt"/>
        <line num="1003" count="1" type="stmt"/>
        <line num="1009" count="1" type="cond" truecount="1" falsecount="1"/>
        <line num="1010" count="0" type="stmt"/>
        <line num="1013" count="1" type="stmt"/>
        <line num="1015" count="0" type="stmt"/>
        <line num="1016" count="0" type="cond" truecount="0" falsecount="5"/>
        <line num="1017" count="0" type="stmt"/>
        <line num="1019" count="0" type="stmt"/>
        <line num="1026" count="1" type="stmt"/>
        <line num="1027" count="1" type="stmt"/>
        <line num="1028" count="1" type="stmt"/>
        <line num="1029" count="1" type="stmt"/>
        <line num="1031" count="1" type="cond" truecount="1" falsecount="1"/>
        <line num="1032" count="0" type="stmt"/>
        <line num="1035" count="1" type="stmt"/>
        <line num="1037" count="0" type="stmt"/>
        <line num="1038" count="0" type="stmt"/>
        <line num="1045" count="1" type="stmt"/>
        <line num="1046" count="0" type="stmt"/>
        <line num="1048" count="0" type="stmt"/>
        <line num="1071" count="0" type="stmt"/>
        <line num="1074" count="0" type="stmt"/>
        <line num="1075" count="0" type="stmt"/>
        <line num="1082" count="1" type="stmt"/>
        <line num="1083" count="0" type="stmt"/>
        <line num="1084" count="0" type="stmt"/>
        <line num="1087" count="0" type="cond" truecount="0" falsecount="4"/>
        <line num="1088" count="0" type="stmt"/>
        <line num="1092" count="0" type="stmt"/>
        <line num="1099" count="0" type="stmt"/>
        <line num="1102" count="0" type="stmt"/>
        <line num="1103" count="0" type="stmt"/>
        <line num="1112" count="1" type="stmt"/>
        <line num="1113" count="2" type="stmt"/>
        <line num="1114" count="6" type="stmt"/>
        <line num="1115" count="2" type="cond" truecount="1" falsecount="1"/>
        <line num="1118" count="1" type="stmt"/>
        <line num="1119" count="1" type="stmt"/>
        <line num="1122" count="1" type="stmt"/>
        <line num="1123" count="0" type="stmt"/>
        <line num="1126" count="0" type="stmt"/>
        <line num="1133" count="0" type="stmt"/>
        <line num="1135" count="0" type="stmt"/>
        <line num="1142" count="0" type="stmt"/>
        <line num="1143" count="0" type="stmt"/>
        <line num="1148" count="1" type="stmt"/>
        <line num="1149" count="0" type="stmt"/>
        <line num="1150" count="0" type="cond" truecount="0" falsecount="2"/>
        <line num="1154" count="0" type="stmt"/>
        <line num="1160" count="0" type="stmt"/>
        <line num="1161" count="0" type="stmt"/>
        <line num="1165" count="1" type="stmt"/>
        <line num="1166" count="0" type="stmt"/>
        <line num="1167" count="0" type="stmt"/>
        <line num="1168" count="0" type="cond" truecount="0" falsecount="2"/>
        <line num="1169" count="0" type="stmt"/>
        <line num="1172" count="0" type="stmt"/>
        <line num="1173" count="0" type="stmt"/>
        <line num="1174" count="0" type="cond" truecount="0" falsecount="2"/>
        <line num="1175" count="0" type="stmt"/>
        <line num="1177" count="0" type="cond" truecount="0" falsecount="2"/>
        <line num="1181" count="0" type="stmt"/>
        <line num="1186" count="0" type="stmt"/>
        <line num="1187" count="0" type="stmt"/>
        <line num="1191" count="1" type="stmt"/>
        <line num="1192" count="0" type="stmt"/>
        <line num="1193" count="0" type="stmt"/>
        <line num="1194" count="0" type="cond" truecount="0" falsecount="2"/>
        <line num="1195" count="0" type="stmt"/>
        <line num="1198" count="0" type="cond" truecount="0" falsecount="2"/>
        <line num="1202" count="0" type="stmt"/>
        <line num="1208" count="0" type="stmt"/>
        <line num="1209" count="0" type="stmt"/>
        <line num="1214" count="1" type="stmt"/>
        <line num="1215" count="0" type="stmt"/>
        <line num="1216" count="0" type="stmt"/>
        <line num="1218" count="0" type="cond" truecount="0" falsecount="2"/>
        <line num="1219" count="0" type="stmt"/>
        <line num="1222" count="0" type="stmt"/>
        <line num="1224" count="0" type="stmt"/>
        <line num="1225" count="0" type="cond" truecount="0" falsecount="2"/>
        <line num="1226" count="0" type="stmt"/>
        <line num="1229" count="0" type="stmt"/>
        <line num="1230" count="0" type="stmt"/>
        <line num="1235" count="0" type="stmt"/>
        <line num="1236" count="0" type="stmt"/>
        <line num="1241" count="1" type="stmt"/>
        <line num="1242" count="0" type="stmt"/>
        <line num="1243" count="0" type="stmt"/>
        <line num="1244" count="0" type="cond" truecount="0" falsecount="2"/>
        <line num="1245" count="0" type="stmt"/>
        <line num="1248" count="0" type="stmt"/>
        <line num="1249" count="0" type="stmt"/>
        <line num="1252" count="0" type="cond" truecount="0" falsecount="2"/>
        <line num="1253" count="0" type="stmt"/>
        <line num="1257" count="0" type="stmt"/>
        <line num="1259" count="0" type="stmt"/>
        <line num="1262" count="0" type="cond" truecount="0" falsecount="2"/>
        <line num="1263" count="0" type="stmt"/>
        <line num="1267" count="0" type="stmt"/>
        <line num="1269" count="0" type="stmt"/>
        <line num="1270" count="0" type="stmt"/>
        <line num="1276" count="0" type="stmt"/>
        <line num="1277" count="0" type="stmt"/>
        <line num="1284" count="1" type="stmt"/>
        <line num="1285" count="2" type="stmt"/>
        <line num="1286" count="2" type="stmt"/>
        <line num="1288" count="2" type="stmt"/>
        <line num="1289" count="2" type="stmt"/>
        <line num="1290" count="2" type="stmt"/>
        <line num="1292" count="2" type="cond" truecount="2" falsecount="0"/>
        <line num="1293" count="1" type="stmt"/>
        <line num="1297" count="1" type="stmt"/>
        <line num="1298" count="1" type="stmt"/>
        <line num="1299" count="1" type="stmt"/>
        <line num="1300" count="1" type="stmt"/>
        <line num="1301" count="1" type="stmt"/>
        <line num="1302" count="1" type="stmt"/>
        <line num="1303" count="1" type="stmt"/>
        <line num="1304" count="1" type="stmt"/>
        <line num="1305" count="2" type="stmt"/>
        <line num="1306" count="2" type="stmt"/>
        <line num="1307" count="6" type="cond" truecount="2" falsecount="0"/>
        <line num="1309" count="1" type="stmt"/>
        <line num="1311" count="1" type="stmt"/>
        <line num="1314" count="1" type="stmt"/>
        <line num="1317" count="1" type="stmt"/>
        <line num="1319" count="1" type="stmt"/>
        <line num="1320" count="1" type="stmt"/>
        <line num="1323" count="0" type="stmt"/>
        <line num="1324" count="0" type="stmt"/>
        <line num="1331" count="1" type="stmt"/>
        <line num="1332" count="0" type="stmt"/>
        <line num="1333" count="0" type="stmt"/>
        <line num="1335" count="0" type="stmt"/>
        <line num="1336" count="0" type="stmt"/>
        <line num="1337" count="0" type="stmt"/>
        <line num="1339" count="0" type="cond" truecount="0" falsecount="2"/>
        <line num="1340" count="0" type="stmt"/>
        <line num="1344" count="0" type="stmt"/>
        <line num="1345" count="0" type="stmt"/>
        <line num="1346" count="0" type="stmt"/>
        <line num="1347" count="0" type="stmt"/>
        <line num="1348" count="0" type="stmt"/>
        <line num="1349" count="0" type="stmt"/>
        <line num="1350" count="0" type="stmt"/>
        <line num="1351" count="0" type="stmt"/>
        <line num="1352" count="0" type="stmt"/>
        <line num="1353" count="0" type="stmt"/>
        <line num="1354" count="0" type="cond" truecount="0" falsecount="2"/>
        <line num="1356" count="0" type="stmt"/>
        <line num="1358" count="0" type="stmt"/>
        <line num="1361" count="0" type="stmt"/>
        <line num="1364" count="0" type="stmt"/>
        <line num="1366" count="0" type="stmt"/>
        <line num="1367" count="0" type="stmt"/>
        <line num="1370" count="0" type="stmt"/>
        <line num="1371" count="0" type="stmt"/>
        <line num="1378" count="1" type="stmt"/>
        <line num="1379" count="0" type="stmt"/>
        <line num="1380" count="0" type="stmt"/>
        <line num="1381" count="0" type="stmt"/>
        <line num="1384" count="0" type="stmt"/>
        <line num="1391" count="0" type="stmt"/>
        <line num="1394" count="0" type="stmt"/>
        <line num="1395" count="0" type="stmt"/>
        <line num="1402" count="1" type="stmt"/>
        <line num="1403" count="0" type="stmt"/>
        <line num="1404" count="0" type="stmt"/>
        <line num="1445" count="0" type="stmt"/>
        <line num="1448" count="0" type="stmt"/>
        <line num="1449" count="0" type="stmt"/>
        <line num="1456" count="1" type="stmt"/>
        <line num="1457" count="0" type="stmt"/>
        <line num="1458" count="0" type="stmt"/>
        <line num="1462" count="0" type="stmt"/>
        <line num="1469" count="0" type="stmt"/>
        <line num="1470" count="0" type="stmt"/>
        <line num="1477" count="1" type="stmt"/>
        <line num="1478" count="0" type="stmt"/>
        <line num="1479" count="0" type="stmt"/>
        <line num="1487" count="0" type="stmt"/>
        <line num="1490" count="0" type="stmt"/>
        <line num="1491" count="0" type="stmt"/>
        <line num="1498" count="1" type="stmt"/>
        <line num="1499" count="0" type="stmt"/>
        <line num="1500" count="0" type="stmt"/>
        <line num="1504" count="0" type="stmt"/>
        <line num="1511" count="0" type="stmt"/>
        <line num="1512" count="0" type="stmt"/>
        <line num="1517" count="1" type="stmt"/>
        <line num="1518" count="1" type="stmt"/>
        <line num="1519" count="1" type="stmt"/>
      </file>
    </package>
    <package name="services">
      <metrics statements="649" coveredstatements="321" conditionals="746" coveredconditionals="284" methods="124" coveredmethods="62"/>
      <file name="config.js" path="E:\Projeler\UHAWebSitesi\server\services\config.js">
        <metrics statements="58" coveredstatements="36" conditionals="53" coveredconditionals="24" methods="17" coveredmethods="9"/>
        <line num="7" count="3" type="stmt"/>
        <line num="8" count="3" type="stmt"/>
        <line num="9" count="3" type="stmt"/>
        <line num="14" count="3" type="stmt"/>
        <line num="17" count="3" type="stmt"/>
        <line num="32" count="3" type="stmt"/>
        <line num="41" count="3" type="stmt"/>
        <line num="48" count="3" type="stmt"/>
        <line num="53" count="3" type="stmt"/>
        <line num="56" count="3" type="stmt"/>
        <line num="63" count="3" type="cond" truecount="1" falsecount="1"/>
        <line num="64" count="0" type="stmt"/>
        <line num="65" count="0" type="cond" truecount="0" falsecount="2"/>
        <line num="72" count="1" type="stmt"/>
        <line num="79" count="4" type="stmt"/>
        <line num="86" count="4" type="stmt"/>
        <line num="93" count="20" type="stmt"/>
        <line num="100" count="1" type="stmt"/>
        <line num="108" count="3" type="cond" truecount="1" falsecount="1"/>
        <line num="110" count="0" type="stmt"/>
        <line num="114" count="3" type="cond" truecount="1" falsecount="2"/>
        <line num="115" count="3" type="stmt"/>
        <line num="117" count="3" type="cond" truecount="1" falsecount="1"/>
        <line num="118" count="0" type="stmt"/>
        <line num="122" count="3" type="stmt"/>
        <line num="123" count="3" type="cond" truecount="1" falsecount="1"/>
        <line num="124" count="0" type="stmt"/>
        <line num="125" count="3" type="cond" truecount="1" falsecount="1"/>
        <line num="126" count="0" type="stmt"/>
        <line num="127" count="3" type="cond" truecount="1" falsecount="1"/>
        <line num="128" count="3" type="stmt"/>
        <line num="132" count="3" type="stmt"/>
        <line num="133" count="3" type="cond" truecount="1" falsecount="1"/>
        <line num="134" count="0" type="stmt"/>
        <line num="135" count="3" type="cond" truecount="1" falsecount="1"/>
        <line num="136" count="3" type="stmt"/>
        <line num="140" count="3" type="stmt"/>
        <line num="143" count="3" type="stmt"/>
        <line num="145" count="3" type="stmt"/>
        <line num="152" count="0" type="stmt"/>
        <line num="159" count="0" type="stmt"/>
        <line num="160" count="0" type="stmt"/>
        <line num="161" count="0" type="cond" truecount="0" falsecount="2"/>
        <line num="162" count="0" type="stmt"/>
        <line num="169" count="0" type="stmt"/>
        <line num="170" count="0" type="cond" truecount="0" falsecount="2"/>
        <line num="171" count="0" type="stmt"/>
        <line num="178" count="1" type="cond" truecount="1" falsecount="1"/>
        <line num="180" count="1" type="cond" truecount="1" falsecount="1"/>
        <line num="181" count="1" type="cond" truecount="1" falsecount="1"/>
        <line num="182" count="0" type="cond" truecount="0" falsecount="2"/>
        <line num="184" count="0" type="stmt"/>
        <line num="191" count="0" type="stmt"/>
        <line num="198" count="0" type="stmt"/>
        <line num="205" count="0" type="stmt"/>
        <line num="212" count="0" type="stmt"/>
        <line num="219" count="0" type="stmt"/>
        <line num="234" count="3" type="stmt"/>
      </file>
      <file name="data-service.js" path="E:\Projeler\UHAWebSitesi\server\services\data-service.js">
        <metrics statements="465" coveredstatements="220" conditionals="648" coveredconditionals="248" methods="87" coveredmethods="42"/>
        <line num="6" count="2" type="stmt"/>
        <line num="7" count="2" type="stmt"/>
        <line num="8" count="2" type="stmt"/>
        <line num="9" count="2" type="stmt"/>
        <line num="10" count="2" type="stmt"/>
        <line num="15" count="2" type="stmt"/>
        <line num="17" count="2" type="stmt"/>
        <line num="18" count="2" type="stmt"/>
        <line num="19" count="2" type="stmt"/>
        <line num="21" count="2" type="stmt"/>
        <line num="22" count="7" type="stmt"/>
        <line num="23" count="7" type="cond" truecount="1" falsecount="1"/>
        <line num="24" count="7" type="stmt"/>
        <line num="26" count="0" type="stmt"/>
        <line num="30" count="2" type="stmt"/>
        <line num="34" count="28" type="cond" truecount="1" falsecount="1"/>
        <line num="36" count="28" type="stmt"/>
        <line num="38" count="28" type="stmt"/>
        <line num="40" count="28" type="stmt"/>
        <line num="41" count="28" type="stmt"/>
        <line num="42" count="28" type="stmt"/>
        <line num="43" count="28" type="stmt"/>
        <line num="44" count="28" type="stmt"/>
        <line num="48" count="0" type="cond" truecount="0" falsecount="2"/>
        <line num="49" count="0" type="stmt"/>
        <line num="57" count="0" type="stmt"/>
        <line num="58" count="0" type="cond" truecount="0" falsecount="2"/>
        <line num="59" count="0" type="stmt"/>
        <line num="63" count="0" type="stmt"/>
        <line num="64" count="0" type="cond" truecount="0" falsecount="2"/>
        <line num="65" count="0" type="stmt"/>
        <line num="69" count="0" type="stmt"/>
        <line num="70" count="0" type="stmt"/>
        <line num="73" count="0" type="stmt"/>
        <line num="76" count="0" type="stmt"/>
        <line num="79" count="0" type="stmt"/>
        <line num="82" count="0" type="stmt"/>
        <line num="85" count="0" type="stmt"/>
        <line num="87" count="0" type="stmt"/>
        <line num="89" count="0" type="stmt"/>
        <line num="92" count="0" type="cond" truecount="0" falsecount="2"/>
        <line num="93" count="0" type="stmt"/>
        <line num="103" count="28" type="stmt"/>
        <line num="135" count="28" type="stmt"/>
        <line num="146" count="28" type="stmt"/>
        <line num="147" count="28" type="stmt"/>
        <line num="150" count="28" type="stmt"/>
        <line num="162" count="28" type="stmt"/>
        <line num="179" count="28" type="stmt"/>
        <line num="182" count="28" type="stmt"/>
        <line num="191" count="28" type="stmt"/>
        <line num="200" count="28" type="stmt"/>
        <line num="226" count="0" type="stmt"/>
        <line num="228" count="0" type="stmt"/>
        <line num="229" count="0" type="stmt"/>
        <line num="231" count="0" type="cond" truecount="0" falsecount="2"/>
        <line num="233" count="0" type="cond" truecount="0" falsecount="2"/>
        <line num="234" count="0" type="stmt"/>
        <line num="237" count="0" type="stmt"/>
        <line num="253" count="0" type="stmt"/>
        <line num="254" count="0" type="cond" truecount="0" falsecount="2"/>
        <line num="255" count="0" type="stmt"/>
        <line num="256" count="0" type="stmt"/>
        <line num="258" count="0" type="cond" truecount="0" falsecount="5"/>
        <line num="259" count="0" type="stmt"/>
        <line num="263" count="0" type="stmt"/>
        <line num="268" count="0" type="stmt"/>
        <line num="271" count="0" type="cond" truecount="0" falsecount="1"/>
        <line num="272" count="0" type="cond" truecount="0" falsecount="2"/>
        <line num="273" count="0" type="stmt"/>
        <line num="274" count="0" type="stmt"/>
        <line num="275" count="0" type="cond" truecount="0" falsecount="2"/>
        <line num="276" count="0" type="stmt"/>
        <line num="279" count="0" type="stmt"/>
        <line num="284" count="0" type="stmt"/>
        <line num="286" count="0" type="stmt"/>
        <line num="294" count="28" type="stmt"/>
        <line num="295" count="28" type="stmt"/>
        <line num="296" count="28" type="stmt"/>
        <line num="298" count="28" type="cond" truecount="2" falsecount="0"/>
        <line num="299" count="27" type="stmt"/>
        <line num="300" count="27" type="stmt"/>
        <line num="301" count="0" type="stmt"/>
        <line num="304" count="27" type="stmt"/>
        <line num="309" count="28" type="stmt"/>
        <line num="310" count="28" type="stmt"/>
        <line num="311" count="362" type="stmt"/>
        <line num="313" count="28" type="cond" truecount="2" falsecount="0"/>
        <line num="314" count="1" type="stmt"/>
        <line num="316" count="28" type="cond" truecount="2" falsecount="0"/>
        <line num="317" count="1" type="stmt"/>
        <line num="318" count="1" type="stmt"/>
        <line num="321" count="0" type="stmt"/>
        <line num="329" count="31" type="stmt"/>
        <line num="330" count="31" type="cond" truecount="3" falsecount="1"/>
        <line num="331" count="31" type="stmt"/>
        <line num="332" count="31" type="stmt"/>
        <line num="357" count="9" type="stmt"/>
        <line num="358" count="9" type="cond" truecount="2" falsecount="0"/>
        <line num="359" count="3" type="stmt"/>
        <line num="360" count="3" type="stmt"/>
        <line num="363" count="6" type="stmt"/>
        <line num="383" count="1" type="stmt"/>
        <line num="384" count="1" type="stmt"/>
        <line num="395" count="1" type="stmt"/>
        <line num="412" count="1" type="stmt"/>
        <line num="419" count="31" type="stmt"/>
        <line num="420" count="31" type="cond" truecount="3" falsecount="1"/>
        <line num="421" count="31" type="stmt"/>
        <line num="422" count="31" type="stmt"/>
        <line num="434" count="31" type="stmt"/>
        <line num="449" count="10" type="stmt"/>
        <line num="450" count="10" type="cond" truecount="2" falsecount="0"/>
        <line num="451" count="3" type="stmt"/>
        <line num="452" count="3" type="stmt"/>
        <line num="455" count="7" type="stmt"/>
        <line num="465" count="2" type="stmt"/>
        <line num="470" count="2" type="stmt"/>
        <line num="477" count="2" type="stmt"/>
        <line num="484" count="28" type="stmt"/>
        <line num="485" count="28" type="cond" truecount="3" falsecount="1"/>
        <line num="486" count="28" type="stmt"/>
        <line num="488" count="28" type="stmt"/>
        <line num="500" count="28" type="stmt"/>
        <line num="513" count="28" type="stmt"/>
        <line num="521" count="28" type="stmt"/>
        <line num="522" count="56" type="stmt"/>
        <line num="523" count="56" type="cond" truecount="2" falsecount="2"/>
        <line num="524" count="56" type="stmt"/>
        <line num="526" count="56" type="stmt"/>
        <line num="537" count="28" type="stmt"/>
        <line num="539" count="28" type="stmt"/>
        <line num="545" count="2" type="stmt"/>
        <line num="546" count="2" type="cond" truecount="1" falsecount="1"/>
        <line num="547" count="0" type="stmt"/>
        <line num="548" count="0" type="stmt"/>
        <line num="551" count="2" type="stmt"/>
        <line num="561" count="0" type="stmt"/>
        <line num="566" count="0" type="stmt"/>
        <line num="573" count="0" type="stmt"/>
        <line num="580" count="0" type="stmt"/>
        <line num="587" count="0" type="stmt"/>
        <line num="591" count="0" type="stmt"/>
        <line num="598" count="2" type="stmt"/>
        <line num="606" count="6" type="cond" truecount="1" falsecount="1"/>
        <line num="607" count="6" type="cond" truecount="1" falsecount="1"/>
        <line num="608" count="0" type="stmt"/>
        <line num="611" count="6" type="stmt"/>
        <line num="612" count="6" type="cond" truecount="1" falsecount="1"/>
        <line num="613" count="0" type="stmt"/>
        <line num="614" count="0" type="stmt"/>
        <line num="615" count="0" type="cond" truecount="0" falsecount="2"/>
        <line num="616" count="0" type="stmt"/>
        <line num="618" count="0" type="stmt"/>
        <line num="624" count="6" type="stmt"/>
        <line num="631" count="2" type="cond" truecount="1" falsecount="1"/>
        <line num="632" count="2" type="cond" truecount="1" falsecount="1"/>
        <line num="633" count="0" type="stmt"/>
        <line num="636" count="2" type="stmt"/>
        <line num="642" count="2" type="stmt"/>
        <line num="649" count="2" type="stmt"/>
        <line num="653" count="0" type="cond" truecount="0" falsecount="2"/>
        <line num="654" count="0" type="cond" truecount="0" falsecount="2"/>
        <line num="655" count="0" type="cond" truecount="0" falsecount="2"/>
        <line num="657" count="0" type="stmt"/>
        <line num="658" count="0" type="cond" truecount="0" falsecount="2"/>
        <line num="659" count="0" type="cond" truecount="0" falsecount="2"/>
        <line num="661" count="0" type="cond" truecount="0" falsecount="2"/>
        <line num="662" count="0" type="stmt"/>
        <line num="665" count="0" type="stmt"/>
        <line num="670" count="0" type="stmt"/>
        <line num="674" count="0" type="cond" truecount="0" falsecount="2"/>
        <line num="675" count="0" type="cond" truecount="0" falsecount="2"/>
        <line num="676" count="0" type="stmt"/>
        <line num="678" count="0" type="cond" truecount="0" falsecount="4"/>
        <line num="679" count="0" type="stmt"/>
        <line num="682" count="0" type="stmt"/>
        <line num="683" count="0" type="cond" truecount="0" falsecount="2"/>
        <line num="686" count="0" type="cond" truecount="0" falsecount="2"/>
        <line num="687" count="0" type="stmt"/>
        <line num="689" count="0" type="stmt"/>
        <line num="690" count="0" type="cond" truecount="0" falsecount="5"/>
        <line num="691" count="0" type="stmt"/>
        <line num="692" count="0" type="cond" truecount="0" falsecount="2"/>
        <line num="693" count="0" type="stmt"/>
        <line num="696" count="0" type="stmt"/>
        <line num="697" count="0" type="cond" truecount="0" falsecount="2"/>
        <line num="698" count="0" type="stmt"/>
        <line num="700" count="0" type="stmt"/>
        <line num="701" count="0" type="stmt"/>
        <line num="705" count="4" type="stmt"/>
        <line num="707" count="4" type="cond" truecount="3" falsecount="1"/>
        <line num="708" count="4" type="stmt"/>
        <line num="711" count="0" type="cond" truecount="0" falsecount="2"/>
        <line num="712" count="0" type="cond" truecount="0" falsecount="2"/>
        <line num="715" count="0" type="stmt"/>
        <line num="716" count="0" type="stmt"/>
        <line num="722" count="0" type="stmt"/>
        <line num="723" count="0" type="stmt"/>
        <line num="724" count="0" type="cond" truecount="0" falsecount="2"/>
        <line num="726" count="0" type="cond" truecount="0" falsecount="2"/>
        <line num="727" count="0" type="stmt"/>
        <line num="728" count="0" type="stmt"/>
        <line num="730" count="0" type="stmt"/>
        <line num="734" count="0" type="cond" truecount="0" falsecount="2"/>
        <line num="735" count="0" type="stmt"/>
        <line num="736" count="0" type="stmt"/>
        <line num="738" count="0" type="stmt"/>
        <line num="742" count="0" type="stmt"/>
        <line num="745" count="0" type="stmt"/>
        <line num="752" count="28" type="stmt"/>
        <line num="753" count="28" type="cond" truecount="1" falsecount="1"/>
        <line num="754" count="0" type="stmt"/>
        <line num="757" count="28" type="stmt"/>
        <line num="758" count="28" type="stmt"/>
        <line num="759" count="28" type="stmt"/>
        <line num="764" count="28" type="stmt"/>
        <line num="765" count="28" type="stmt"/>
        <line num="766" count="168" type="stmt"/>
        <line num="776" count="28" type="stmt"/>
        <line num="777" count="28" type="stmt"/>
        <line num="779" count="0" type="stmt"/>
        <line num="788" count="0" type="stmt"/>
        <line num="790" count="0" type="cond" truecount="0" falsecount="2"/>
        <line num="791" count="0" type="stmt"/>
        <line num="794" count="0" type="stmt"/>
        <line num="795" count="0" type="stmt"/>
        <line num="798" count="0" type="stmt"/>
        <line num="803" count="0" type="stmt"/>
        <line num="804" count="0" type="stmt"/>
        <line num="805" count="0" type="stmt"/>
        <line num="815" count="0" type="stmt"/>
        <line num="818" count="0" type="stmt"/>
        <line num="823" count="0" type="stmt"/>
        <line num="824" count="0" type="stmt"/>
        <line num="825" count="0" type="stmt"/>
        <line num="856" count="0" type="stmt"/>
        <line num="858" count="0" type="stmt"/>
        <line num="866" count="0" type="stmt"/>
        <line num="867" count="0" type="stmt"/>
        <line num="1232" count="28" type="stmt"/>
        <line num="1246" count="39" type="cond" truecount="2" falsecount="0"/>
        <line num="1249" count="37" type="cond" truecount="1" falsecount="2"/>
        <line num="1250" count="37" type="cond" truecount="1" falsecount="2"/>
        <line num="1251" count="37" type="cond" truecount="1" falsecount="2"/>
        <line num="1252" count="37" type="cond" truecount="1" falsecount="2"/>
        <line num="1253" count="37" type="cond" truecount="2" falsecount="2"/>
        <line num="1255" count="37" type="cond" truecount="2" falsecount="0"/>
        <line num="1259" count="37" type="cond" truecount="1" falsecount="1"/>
        <line num="1261" count="37" type="stmt"/>
        <line num="1305" count="12" type="stmt"/>
        <line num="1307" count="12" type="stmt"/>
        <line num="1308" count="12" type="stmt"/>
        <line num="1311" count="12" type="cond" truecount="1" falsecount="1"/>
        <line num="1312" count="0" type="stmt"/>
        <line num="1313" count="0" type="stmt"/>
        <line num="1317" count="12" type="cond" truecount="2" falsecount="0"/>
        <line num="1318" count="1" type="stmt"/>
        <line num="1319" count="1" type="stmt"/>
        <line num="1323" count="12" type="cond" truecount="1" falsecount="1"/>
        <line num="1324" count="0" type="stmt"/>
        <line num="1325" count="0" type="stmt"/>
        <line num="1326" count="0" type="stmt"/>
        <line num="1330" count="12" type="cond" truecount="2" falsecount="0"/>
        <line num="1331" count="4" type="stmt"/>
        <line num="1332" count="4" type="stmt"/>
        <line num="1336" count="12" type="cond" truecount="2" falsecount="0"/>
        <line num="1339" count="12" type="cond" truecount="1" falsecount="1"/>
        <line num="1340" count="12" type="stmt"/>
        <line num="1343" count="12" type="stmt"/>
        <line num="1344" count="12" type="stmt"/>
        <line num="1345" count="12" type="stmt"/>
        <line num="1348" count="12" type="stmt"/>
        <line num="1349" count="12" type="stmt"/>
        <line num="1350" count="12" type="stmt"/>
        <line num="1353" count="12" type="stmt"/>
        <line num="1354" count="12" type="stmt"/>
        <line num="1356" count="12" type="stmt"/>
        <line num="1371" count="32" type="stmt"/>
        <line num="1372" count="32" type="stmt"/>
        <line num="1379" count="0" type="cond" truecount="0" falsecount="2"/>
        <line num="1380" count="0" type="stmt"/>
        <line num="1381" count="0" type="stmt"/>
        <line num="1388" count="0" type="cond" truecount="0" falsecount="2"/>
        <line num="1389" count="0" type="stmt"/>
        <line num="1392" count="0" type="stmt"/>
        <line num="1399" count="1" type="stmt"/>
        <line num="1400" count="1" type="cond" truecount="4" falsecount="1"/>
        <line num="1401" count="1" type="stmt"/>
        <line num="1405" count="0" type="stmt"/>
        <line num="1406" count="0" type="stmt"/>
        <line num="1407" count="0" type="stmt"/>
        <line num="1409" count="0" type="stmt"/>
        <line num="1416" count="7" type="stmt"/>
        <line num="1417" count="27" type="stmt"/>
        <line num="1430" count="17" type="cond" truecount="1" falsecount="1"/>
        <line num="1431" count="17" type="stmt"/>
        <line num="1432" count="17" type="cond" truecount="2" falsecount="0"/>
        <line num="1433" count="16" type="stmt"/>
        <line num="1446" count="8" type="cond" truecount="1" falsecount="1"/>
        <line num="1447" count="0" type="stmt"/>
        <line num="1450" count="8" type="stmt"/>
        <line num="1451" count="8" type="stmt"/>
        <line num="1452" count="8" type="stmt"/>
        <line num="1454" count="8" type="stmt"/>
        <line num="1459" count="8" type="stmt"/>
        <line num="1466" count="2" type="stmt"/>
        <line num="1467" count="2" type="cond" truecount="1" falsecount="1"/>
        <line num="1468" count="0" type="stmt"/>
        <line num="1471" count="2" type="cond" truecount="1" falsecount="1"/>
        <line num="1472" count="2" type="cond" truecount="4" falsecount="0"/>
        <line num="1473" count="2" type="cond" truecount="1" falsecount="1"/>
        <line num="1475" count="2" type="stmt"/>
        <line num="1481" count="2" type="cond" truecount="1" falsecount="1"/>
        <line num="1482" count="2" type="stmt"/>
        <line num="1487" count="2" type="stmt"/>
        <line num="1489" count="2" type="stmt"/>
        <line num="1496" count="3" type="stmt"/>
        <line num="1497" count="3" type="cond" truecount="1" falsecount="1"/>
        <line num="1498" count="0" type="stmt"/>
        <line num="1501" count="3" type="stmt"/>
        <line num="1505" count="3" type="stmt"/>
        <line num="1506" count="3" type="stmt"/>
        <line num="1513" count="0" type="stmt"/>
        <line num="1519" count="0" type="stmt"/>
        <line num="1521" count="0" type="stmt"/>
        <line num="1531" count="2" type="stmt"/>
        <line num="1532" count="2" type="stmt"/>
        <line num="1538" count="2" type="stmt"/>
        <line num="1544" count="2" type="stmt"/>
        <line num="1545" count="2" type="cond" truecount="1" falsecount="1"/>
        <line num="1546" count="2" type="cond" truecount="1" falsecount="1"/>
        <line num="1547" count="0" type="stmt"/>
        <line num="1549" count="2" type="stmt"/>
        <line num="1553" count="2" type="stmt"/>
        <line num="1560" count="0" type="stmt"/>
        <line num="1561" count="0" type="cond" truecount="0" falsecount="2"/>
        <line num="1562" count="0" type="stmt"/>
        <line num="1565" count="0" type="stmt"/>
        <line num="1569" count="0" type="stmt"/>
        <line num="1570" count="0" type="cond" truecount="0" falsecount="2"/>
        <line num="1571" count="0" type="stmt"/>
        <line num="1572" count="0" type="cond" truecount="0" falsecount="2"/>
        <line num="1575" count="0" type="cond" truecount="0" falsecount="2"/>
        <line num="1576" count="0" type="cond" truecount="0" falsecount="2"/>
        <line num="1578" count="0" type="cond" truecount="0" falsecount="2"/>
        <line num="1579" count="0" type="cond" truecount="0" falsecount="2"/>
        <line num="1581" count="0" type="cond" truecount="0" falsecount="4"/>
        <line num="1582" count="0" type="stmt"/>
        <line num="1585" count="0" type="stmt"/>
        <line num="1586" count="0" type="cond" truecount="0" falsecount="2"/>
        <line num="1587" count="0" type="stmt"/>
        <line num="1589" count="0" type="cond" truecount="0" falsecount="2"/>
        <line num="1590" count="0" type="stmt"/>
        <line num="1593" count="0" type="cond" truecount="0" falsecount="2"/>
        <line num="1594" count="0" type="stmt"/>
        <line num="1597" count="0" type="stmt"/>
        <line num="1598" count="0" type="stmt"/>
        <line num="1602" count="0" type="cond" truecount="0" falsecount="2"/>
        <line num="1603" count="0" type="stmt"/>
        <line num="1606" count="0" type="stmt"/>
        <line num="1607" count="0" type="stmt"/>
        <line num="1609" count="0" type="stmt"/>
        <line num="1610" count="0" type="cond" truecount="0" falsecount="2"/>
        <line num="1613" count="0" type="stmt"/>
        <line num="1614" count="0" type="stmt"/>
        <line num="1616" count="0" type="stmt"/>
        <line num="1619" count="0" type="cond" truecount="0" falsecount="2"/>
        <line num="1620" count="0" type="stmt"/>
        <line num="1623" count="0" type="stmt"/>
        <line num="1625" count="0" type="stmt"/>
        <line num="1626" count="0" type="cond" truecount="0" falsecount="2"/>
        <line num="1628" count="0" type="cond" truecount="0" falsecount="4"/>
        <line num="1630" count="0" type="cond" truecount="0" falsecount="2"/>
        <line num="1631" count="0" type="stmt"/>
        <line num="1632" count="0" type="cond" truecount="0" falsecount="3"/>
        <line num="1634" count="0" type="stmt"/>
        <line num="1637" count="0" type="cond" truecount="0" falsecount="4"/>
        <line num="1638" count="0" type="stmt"/>
        <line num="1640" count="0" type="cond" truecount="0" falsecount="4"/>
        <line num="1641" count="0" type="cond" truecount="0" falsecount="2"/>
        <line num="1642" count="0" type="stmt"/>
        <line num="1645" count="0" type="cond" truecount="0" falsecount="5"/>
        <line num="1646" count="0" type="stmt"/>
        <line num="1647" count="0" type="stmt"/>
        <line num="1650" count="0" type="stmt"/>
        <line num="1651" count="0" type="cond" truecount="0" falsecount="4"/>
        <line num="1652" count="0" type="cond" truecount="0" falsecount="2"/>
        <line num="1653" count="0" type="stmt"/>
        <line num="1657" count="0" type="cond" truecount="0" falsecount="2"/>
        <line num="1658" count="0" type="stmt"/>
        <line num="1660" count="0" type="stmt"/>
        <line num="1663" count="0" type="stmt"/>
        <line num="1666" count="0" type="cond" truecount="0" falsecount="2"/>
        <line num="1667" count="0" type="stmt"/>
        <line num="1678" count="17" type="stmt"/>
        <line num="1679" count="17" type="stmt"/>
        <line num="1685" count="17" type="stmt"/>
        <line num="1687" count="17" type="stmt"/>
        <line num="1704" count="17" type="stmt"/>
        <line num="1733" count="17" type="stmt"/>
        <line num="1736" count="13" type="stmt"/>
        <line num="1738" count="13" type="stmt"/>
        <line num="1745" count="5" type="stmt"/>
        <line num="1746" count="5" type="cond" truecount="1" falsecount="1"/>
        <line num="1748" count="5" type="stmt"/>
        <line num="1749" count="5" type="stmt"/>
        <line num="1752" count="5" type="cond" truecount="2" falsecount="0"/>
        <line num="1754" count="5" type="cond" truecount="2" falsecount="0"/>
        <line num="1756" count="5" type="cond" truecount="2" falsecount="0"/>
        <line num="1758" count="5" type="cond" truecount="2" falsecount="0"/>
        <line num="1761" count="5" type="cond" truecount="2" falsecount="0"/>
        <line num="1765" count="5" type="stmt"/>
        <line num="1799" count="5" type="stmt"/>
        <line num="1831" count="5" type="cond" truecount="1" falsecount="1"/>
        <line num="1832" count="0" type="stmt"/>
        <line num="1833" count="0" type="stmt"/>
        <line num="1836" count="5" type="stmt"/>
        <line num="1843" count="1" type="stmt"/>
        <line num="1844" count="1" type="cond" truecount="1" falsecount="1"/>
        <line num="1846" count="1" type="stmt"/>
        <line num="1849" count="1" type="stmt"/>
        <line num="1851" count="1" type="stmt"/>
        <line num="1858" count="16" type="cond" truecount="1" falsecount="1"/>
        <line num="1860" count="16" type="stmt"/>
        <line num="1864" count="16" type="stmt"/>
        <line num="1873" count="0" type="cond" truecount="0" falsecount="2"/>
        <line num="1874" count="0" type="stmt"/>
        <line num="1895" count="0" type="stmt"/>
        <line num="1896" count="0" type="stmt"/>
        <line num="1897" count="0" type="stmt"/>
        <line num="1898" count="0" type="stmt"/>
        <line num="1900" count="0" type="stmt"/>
        <line num="1953" count="0" type="stmt"/>
        <line num="1960" count="0" type="stmt"/>
        <line num="1961" count="0" type="cond" truecount="0" falsecount="2"/>
        <line num="1962" count="0" type="stmt"/>
        <line num="1969" count="0" type="stmt"/>
        <line num="1970" count="0" type="cond" truecount="0" falsecount="2"/>
        <line num="1971" count="0" type="stmt"/>
        <line num="1978" count="0" type="stmt"/>
        <line num="1979" count="0" type="stmt"/>
        <line num="1986" count="0" type="stmt"/>
        <line num="1987" count="0" type="cond" truecount="0" falsecount="2"/>
        <line num="2002" count="0" type="stmt"/>
        <line num="2006" count="0" type="stmt"/>
        <line num="2008" count="0" type="cond" truecount="0" falsecount="2"/>
        <line num="2009" count="0" type="stmt"/>
        <line num="2011" count="0" type="stmt"/>
        <line num="2014" count="0" type="stmt"/>
        <line num="2045" count="0" type="stmt"/>
        <line num="2052" count="0" type="stmt"/>
        <line num="2053" count="0" type="stmt"/>
        <line num="2060" count="0" type="stmt"/>
        <line num="2061" count="0" type="stmt"/>
        <line num="2068" count="0" type="stmt"/>
        <line num="2093" count="28" type="stmt"/>
        <line num="2094" count="28" type="stmt"/>
        <line num="2095" count="695" type="stmt"/>
        <line num="2097" count="28" type="cond" truecount="1" falsecount="1"/>
        <line num="2098" count="0" type="stmt"/>
        <line num="2099" count="0" type="stmt"/>
        <line num="2100" count="0" type="stmt"/>
        <line num="2103" count="0" type="stmt"/>
        <line num="2108" count="2" type="stmt"/>
      </file>
      <file name="url-slug.js" path="E:\Projeler\UHAWebSitesi\server\services\url-slug.js">
        <metrics statements="91" coveredstatements="56" conditionals="31" coveredconditionals="10" methods="15" coveredmethods="10"/>
        <line num="1" count="2" type="stmt"/>
        <line num="2" count="2" type="stmt"/>
        <line num="3" count="2" type="stmt"/>
        <line num="4" count="2" type="stmt"/>
        <line num="5" count="2" type="stmt"/>
        <line num="9" count="2" type="stmt"/>
        <line num="10" count="2" type="stmt"/>
        <line num="11" count="2" type="stmt"/>
        <line num="12" count="2" type="stmt"/>
        <line num="19" count="2" type="stmt"/>
        <line num="20" count="2" type="cond" truecount="1" falsecount="1"/>
        <line num="21" count="2" type="stmt"/>
        <line num="22" count="2" type="stmt"/>
        <line num="23" count="2" type="stmt"/>
        <line num="24" count="2" type="stmt"/>
        <line num="26" count="0" type="stmt"/>
        <line num="27" count="0" type="stmt"/>
        <line num="30" count="0" type="stmt"/>
        <line num="31" count="0" type="stmt"/>
        <line num="39" count="2" type="stmt"/>
        <line num="40" count="2" type="stmt"/>
        <line num="41" count="2" type="stmt"/>
        <line num="43" count="2" type="stmt"/>
        <line num="44" count="2" type="stmt"/>
        <line num="45" count="2" type="stmt"/>
        <line num="47" count="0" type="stmt"/>
        <line num="55" count="9" type="cond" truecount="1" falsecount="1"/>
        <line num="58" count="9" type="stmt"/>
        <line num="63" count="9" type="stmt"/>
        <line num="66" count="9" type="stmt"/>
        <line num="67" count="108" type="stmt"/>
        <line num="71" count="9" type="stmt"/>
        <line num="78" count="9" type="cond" truecount="1" falsecount="1"/>
        <line num="79" count="0" type="stmt"/>
        <line num="81" count="0" type="stmt"/>
        <line num="84" count="9" type="stmt"/>
        <line num="94" count="0" type="cond" truecount="0" falsecount="2"/>
        <line num="96" count="0" type="stmt"/>
        <line num="98" count="0" type="stmt"/>
        <line num="102" count="0" type="stmt"/>
        <line num="105" count="0" type="stmt"/>
        <line num="113" count="1" type="stmt"/>
        <line num="114" count="1" type="stmt"/>
        <line num="116" count="1" type="cond" truecount="1" falsecount="1"/>
        <line num="117" count="0" type="stmt"/>
        <line num="121" count="1" type="cond" truecount="1" falsecount="1"/>
        <line num="122" count="0" type="stmt"/>
        <line num="123" count="0" type="stmt"/>
        <line num="124" count="0" type="stmt"/>
        <line num="128" count="1" type="stmt"/>
        <line num="131" count="1" type="stmt"/>
        <line num="134" count="1" type="stmt"/>
        <line num="135" count="1" type="stmt"/>
        <line num="138" count="1" type="stmt"/>
        <line num="140" count="1" type="stmt"/>
        <line num="147" count="1" type="stmt"/>
        <line num="148" count="1" type="stmt"/>
        <line num="150" count="1" type="stmt"/>
        <line num="151" count="1" type="stmt"/>
        <line num="153" count="1" type="cond" truecount="2" falsecount="2"/>
        <line num="154" count="1" type="stmt"/>
        <line num="157" count="0" type="stmt"/>
        <line num="158" count="0" type="stmt"/>
        <line num="166" count="1" type="stmt"/>
        <line num="167" count="14" type="cond" truecount="1" falsecount="1"/>
        <line num="168" count="0" type="stmt"/>
        <line num="171" count="1" type="stmt"/>
        <line num="178" count="2" type="cond" truecount="2" falsecount="0"/>
        <line num="185" count="1" type="stmt"/>
        <line num="188" count="1" type="stmt"/>
        <line num="189" count="1" type="stmt"/>
        <line num="192" count="1" type="stmt"/>
        <line num="194" count="1" type="stmt"/>
        <line num="201" count="0" type="stmt"/>
        <line num="202" count="0" type="stmt"/>
        <line num="203" count="0" type="stmt"/>
        <line num="210" count="0" type="stmt"/>
        <line num="221" count="0" type="stmt"/>
        <line num="223" count="0" type="stmt"/>
        <line num="224" count="0" type="cond" truecount="0" falsecount="4"/>
        <line num="225" count="0" type="stmt"/>
        <line num="226" count="0" type="stmt"/>
        <line num="228" count="0" type="cond" truecount="0" falsecount="4"/>
        <line num="229" count="0" type="stmt"/>
        <line num="230" count="0" type="stmt"/>
        <line num="235" count="0" type="cond" truecount="0" falsecount="2"/>
        <line num="236" count="0" type="stmt"/>
        <line num="237" count="0" type="stmt"/>
        <line num="240" count="0" type="stmt"/>
        <line num="247" count="2" type="stmt"/>
        <line num="248" count="2" type="stmt"/>
      </file>
      <file name="video-poster.js" path="E:\Projeler\UHAWebSitesi\server\services\video-poster.js">
        <metrics statements="35" coveredstatements="9" conditionals="14" coveredconditionals="2" methods="5" coveredmethods="1"/>
        <line num="1" count="1" type="stmt"/>
        <line num="2" count="1" type="stmt"/>
        <line num="3" count="1" type="stmt"/>
        <line num="4" count="1" type="stmt"/>
        <line num="5" count="1" type="stmt"/>
        <line num="7" count="1" type="stmt"/>
        <line num="10" count="0" type="cond" truecount="0" falsecount="2"/>
        <line num="11" count="0" type="stmt"/>
        <line num="16" count="0" type="stmt"/>
        <line num="17" count="0" type="stmt"/>
        <line num="30" count="0" type="stmt"/>
        <line num="32" count="0" type="stmt"/>
        <line num="33" count="0" type="stmt"/>
        <line num="34" count="0" type="cond" truecount="0" falsecount="2"/>
        <line num="35" count="0" type="stmt"/>
        <line num="37" count="0" type="stmt"/>
        <line num="50" count="1" type="cond" truecount="1" falsecount="1"/>
        <line num="51" count="1" type="stmt"/>
        <line num="54" count="0" type="stmt"/>
        <line num="56" count="0" type="stmt"/>
        <line num="57" count="0" type="stmt"/>
        <line num="58" count="0" type="stmt"/>
        <line num="60" count="0" type="stmt"/>
        <line num="61" count="0" type="cond" truecount="0" falsecount="2"/>
        <line num="62" count="0" type="stmt"/>
        <line num="65" count="0" type="stmt"/>
        <line num="66" count="0" type="stmt"/>
        <line num="67" count="0" type="stmt"/>
        <line num="69" count="0" type="stmt"/>
        <line num="72" count="0" type="cond" truecount="0" falsecount="2"/>
        <line num="73" count="0" type="cond" truecount="0" falsecount="2"/>
        <line num="75" count="0" type="stmt"/>
        <line num="84" count="0" type="stmt"/>
        <line num="86" count="0" type="stmt"/>
        <line num="90" count="1" type="stmt"/>
      </file>
    </package>
  </project>
</coverage>
