{"/home/onuralp/project/UHAWebSitesi/server/config/cms-tabs.js": {"path":"/home/onuralp/project/UHAWebSitesi/server/config/cms-tabs.js","statementMap":{"0":{"start":{"line":5,"column":16},"end":{"line":16,"column":1}},"1":{"start":{"line":18,"column":0},"end":{"line":18,"column":25}}},"fnMap":{},"branchMap":{},"s":{"0":1,"1":1},"f":{},"b":{},"_coverageSchema":"1a1c01bbd47fc00a2c39e90264f33305004495a9","hash":"1404d22d4357ae5b40055b267631c7cb0806c325"}
,"/home/onuralp/project/UHAWebSitesi/server/middleware/auth.js": {"path":"/home/onuralp/project/UHAWebSitesi/server/middleware/auth.js","statementMap":{"0":{"start":{"line":5,"column":20},"end":{"line":27,"column":1}},"1":{"start":{"line":6,"column":4},"end":{"line":8,"column":5}},"2":{"start":{"line":7,"column":8},"end":{"line":7,"column":22}},"3":{"start":{"line":11,"column":4},"end":{"line":13,"column":5}},"4":{"start":{"line":12,"column":8},"end":{"line":12,"column":42}},"5":{"start":{"line":16,"column":25},"end":{"line":18,"column":97}},"6":{"start":{"line":21,"column":4},"end":{"line":23,"column":5}},"7":{"start":{"line":22,"column":8},"end":{"line":22,"column":63}},"8":{"start":{"line":26,"column":4},"end":{"line":26,"column":31}},"9":{"start":{"line":29,"column":26},"end":{"line":63,"column":1}},"10":{"start":{"line":30,"column":4},"end":{"line":62,"column":6}},"11":{"start":{"line":32,"column":29},"end":{"line":35,"column":101}},"12":{"start":{"line":37,"column":8},"end":{"line":42,"column":9}},"13":{"start":{"line":38,"column":12},"end":{"line":40,"column":13}},"14":{"start":{"line":39,"column":16},"end":{"line":39,"column":71}},"15":{"start":{"line":41,"column":12},"end":{"line":41,"column":46}},"16":{"start":{"line":45,"column":8},"end":{"line":47,"column":9}},"17":{"start":{"line":46,"column":12},"end":{"line":46,"column":26}},"18":{"start":{"line":50,"column":8},"end":{"line":52,"column":9}},"19":{"start":{"line":51,"column":12},"end":{"line":51,"column":26}},"20":{"start":{"line":55,"column":8},"end":{"line":57,"column":9}},"21":{"start":{"line":56,"column":12},"end":{"line":56,"column":90}},"22":{"start":{"line":59,"column":8},"end":{"line":61,"column":11}},"23":{"start":{"line":65,"column":0},"end":{"line":68,"column":2}}},"fnMap":{"0":{"name":"(anonymous_0)","decl":{"start":{"line":5,"column":20},"end":{"line":5,"column":21}},"loc":{"start":{"line":5,"column":40},"end":{"line":27,"column":1}},"line":5},"1":{"name":"(anonymous_1)","decl":{"start":{"line":29,"column":26},"end":{"line":29,"column":27}},"loc":{"start":{"line":29,"column":42},"end":{"line":63,"column":1}},"line":29},"2":{"name":"(anonymous_2)","decl":{"start":{"line":30,"column":11},"end":{"line":30,"column":12}},"loc":{"start":{"line":30,"column":31},"end":{"line":62,"column":5}},"line":30}},"branchMap":{"0":{"loc":{"start":{"line":6,"column":4},"end":{"line":8,"column":5}},"type":"if","locations":[{"start":{"line":6,"column":4},"end":{"line":8,"column":5}},{"start":{},"end":{}}],"line":6},"1":{"loc":{"start":{"line":6,"column":8},"end":{"line":6,"column":41}},"type":"binary-expr","locations":[{"start":{"line":6,"column":8},"end":{"line":6,"column":19}},{"start":{"line":6,"column":23},"end":{"line":6,"column":41}}],"line":6},"2":{"loc":{"start":{"line":11,"column":4},"end":{"line":13,"column":5}},"type":"if","locations":[{"start":{"line":11,"column":4},"end":{"line":13,"column":5}},{"start":{},"end":{}}],"line":11},"3":{"loc":{"start":{"line":11,"column":8},"end":{"line":11,"column":59}},"type":"binary-expr","locations":[{"start":{"line":11,"column":8},"end":{"line":11,"column":28}},{"start":{"line":11,"column":32},"end":{"line":11,"column":59}}],"line":11},"4":{"loc":{"start":{"line":16,"column":25},"end":{"line":18,"column":97}},"type":"binary-expr","locations":[{"start":{"line":16,"column":25},"end":{"line":16,"column":53}},{"start":{"line":17,"column":8},"end":{"line":17,"column":15}},{"start":{"line":18,"column":9},"end":{"line":18,"column":37}},{"start":{"line":18,"column":41},"end":{"line":18,"column":96}}],"line":16},"5":{"loc":{"start":{"line":21,"column":4},"end":{"line":23,"column":5}},"type":"if","locations":[{"start":{"line":21,"column":4},"end":{"line":23,"column":5}},{"start":{},"end":{}}],"line":21},"6":{"loc":{"start":{"line":32,"column":29},"end":{"line":35,"column":101}},"type":"binary-expr","locations":[{"start":{"line":32,"column":29},"end":{"line":32,"column":57}},{"start":{"line":33,"column":12},"end":{"line":33,"column":19}},{"start":{"line":34,"column":12},"end":{"line":34,"column":31}},{"start":{"line":35,"column":13},"end":{"line":35,"column":41}},{"start":{"line":35,"column":45},"end":{"line":35,"column":100}}],"line":32},"7":{"loc":{"start":{"line":37,"column":8},"end":{"line":42,"column":9}},"type":"if","locations":[{"start":{"line":37,"column":8},"end":{"line":42,"column":9}},{"start":{},"end":{}}],"line":37},"8":{"loc":{"start":{"line":37,"column":12},"end":{"line":37,"column":47}},"type":"binary-expr","locations":[{"start":{"line":37,"column":12},"end":{"line":37,"column":24}},{"start":{"line":37,"column":28},"end":{"line":37,"column":47}}],"line":37},"9":{"loc":{"start":{"line":38,"column":12},"end":{"line":40,"column":13}},"type":"if","locations":[{"start":{"line":38,"column":12},"end":{"line":40,"column":13}},{"start":{},"end":{}}],"line":38},"10":{"loc":{"start":{"line":45,"column":8},"end":{"line":47,"column":9}},"type":"if","locations":[{"start":{"line":45,"column":8},"end":{"line":47,"column":9}},{"start":{},"end":{}}],"line":45},"11":{"loc":{"start":{"line":45,"column":12},"end":{"line":45,"column":64}},"type":"binary-expr","locations":[{"start":{"line":45,"column":12},"end":{"line":45,"column":32}},{"start":{"line":45,"column":36},"end":{"line":45,"column":64}}],"line":45},"12":{"loc":{"start":{"line":50,"column":8},"end":{"line":52,"column":9}},"type":"if","locations":[{"start":{"line":50,"column":8},"end":{"line":52,"column":9}},{"start":{},"end":{}}],"line":50},"13":{"loc":{"start":{"line":50,"column":12},"end":{"line":50,"column":83}},"type":"binary-expr","locations":[{"start":{"line":50,"column":12},"end":{"line":50,"column":35}},{"start":{"line":50,"column":39},"end":{"line":50,"column":83}}],"line":50},"14":{"loc":{"start":{"line":55,"column":8},"end":{"line":57,"column":9}},"type":"if","locations":[{"start":{"line":55,"column":8},"end":{"line":57,"column":9}},{"start":{},"end":{}}],"line":55}},"s":{"0":1,"1":0,"2":0,"3":0,"4":0,"5":0,"6":0,"7":0,"8":0,"9":1,"10":1,"11":1,"12":1,"13":1,"14":1,"15":0,"16":0,"17":0,"18":0,"19":0,"20":0,"21":0,"22":0,"23":1},"f":{"0":0,"1":1,"2":1},"b":{"0":[0,0],"1":[0,0],"2":[0,0],"3":[0,0],"4":[0,0,0,0],"5":[0,0],"6":[1,1,1,0,0],"7":[1,0],"8":[1,1],"9":[1,0],"10":[0,0],"11":[0,0],"12":[0,0],"13":[0,0],"14":[0,0]},"_coverageSchema":"1a1c01bbd47fc00a2c39e90264f33305004495a9","hash":"c5cd873be9c936fe4fc85d7c6e2e739a4c53f0c3"}
,"/home/onuralp/project/UHAWebSitesi/server/routes/cms.js": {"path":"/home/onuralp/project/UHAWebSitesi/server/routes/cms.js","statementMap":{"0":{"start":{"line":1,"column":16},"end":{"line":1,"column":34}},"1":{"start":{"line":2,"column":13},"end":{"line":2,"column":28}},"2":{"start":{"line":3,"column":11},"end":{"line":3,"column":24}},"3":{"start":{"line":4,"column":15},"end":{"line":4,"column":32}},"4":{"start":{"line":5,"column":20},"end":{"line":5,"column":55}},"5":{"start":{"line":6,"column":23},"end":{"line":6,"column":54}},"6":{"start":{"line":7,"column":15},"end":{"line":7,"column":44}},"7":{"start":{"line":8,"column":43},"end":{"line":8,"column":72}},"8":{"start":{"line":9,"column":16},"end":{"line":9,"column":45}},"9":{"start":{"line":11,"column":15},"end":{"line":11,"column":31}},"10":{"start":{"line":14,"column":26},"end":{"line":14,"column":30}},"11":{"start":{"line":15,"column":23},"end":{"line":30,"column":1}},"12":{"start":{"line":16,"column":2},"end":{"line":18,"column":3}},"13":{"start":{"line":17,"column":4},"end":{"line":17,"column":31}},"14":{"start":{"line":20,"column":2},"end":{"line":25,"column":3}},"15":{"start":{"line":21,"column":4},"end":{"line":24,"column":6}},"16":{"start":{"line":26,"column":2},"end":{"line":28,"column":3}},"17":{"start":{"line":27,"column":4},"end":{"line":27,"column":48}},"18":{"start":{"line":29,"column":2},"end":{"line":29,"column":33}},"19":{"start":{"line":33,"column":0},"end":{"line":35,"column":2}},"20":{"start":{"line":34,"column":2},"end":{"line":34,"column":33}},"21":{"start":{"line":37,"column":0},"end":{"line":40,"column":2}},"22":{"start":{"line":38,"column":2},"end":{"line":38,"column":29}},"23":{"start":{"line":39,"column":2},"end":{"line":39,"column":33}},"24":{"start":{"line":43,"column":20},"end":{"line":48,"column":2}},"25":{"start":{"line":45,"column":21},"end":{"line":45,"column":37}},"26":{"start":{"line":46,"column":4},"end":{"line":46,"column":26}},"27":{"start":{"line":50,"column":23},"end":{"line":50,"column":37}},"28":{"start":{"line":52,"column":28},"end":{"line":52,"column":81}},"29":{"start":{"line":53,"column":26},"end":{"line":53,"column":45}},"30":{"start":{"line":55,"column":30},"end":{"line":60,"column":2}},"31":{"start":{"line":62,"column":16},"end":{"line":71,"column":2}},"32":{"start":{"line":64,"column":4},"end":{"line":64,"column":34}},"33":{"start":{"line":67,"column":16},"end":{"line":67,"column":57}},"34":{"start":{"line":68,"column":21},"end":{"line":68,"column":84}},"35":{"start":{"line":69,"column":4},"end":{"line":69,"column":48}},"36":{"start":{"line":73,"column":15},"end":{"line":83,"column":2}},"37":{"start":{"line":77,"column":4},"end":{"line":81,"column":5}},"38":{"start":{"line":78,"column":6},"end":{"line":78,"column":21}},"39":{"start":{"line":80,"column":6},"end":{"line":80,"column":91}},"40":{"start":{"line":86,"column":0},"end":{"line":89,"column":3}},"41":{"start":{"line":87,"column":2},"end":{"line":87,"column":59}},"42":{"start":{"line":88,"column":2},"end":{"line":88,"column":9}},"43":{"start":{"line":92,"column":2},"end":{"line":94,"column":3}},"44":{"start":{"line":93,"column":4},"end":{"line":93,"column":17}},"45":{"start":{"line":95,"column":2},"end":{"line":101,"column":3}},"46":{"start":{"line":96,"column":18},"end":{"line":99,"column":22}},"47":{"start":{"line":98,"column":21},"end":{"line":98,"column":32}},"48":{"start":{"line":100,"column":4},"end":{"line":100,"column":17}},"49":{"start":{"line":102,"column":2},"end":{"line":102,"column":12}},"50":{"start":{"line":106,"column":2},"end":{"line":108,"column":3}},"51":{"start":{"line":107,"column":4},"end":{"line":107,"column":17}},"52":{"start":{"line":109,"column":2},"end":{"line":114,"column":3}},"53":{"start":{"line":110,"column":4},"end":{"line":113,"column":23}},"54":{"start":{"line":112,"column":21},"end":{"line":112,"column":32}},"55":{"start":{"line":115,"column":2},"end":{"line":115,"column":12}},"56":{"start":{"line":119,"column":2},"end":{"line":121,"column":3}},"57":{"start":{"line":120,"column":4},"end":{"line":120,"column":17}},"58":{"start":{"line":123,"column":2},"end":{"line":141,"column":3}},"59":{"start":{"line":124,"column":20},"end":{"line":124,"column":32}},"60":{"start":{"line":125,"column":4},"end":{"line":125,"column":28}},"61":{"start":{"line":125,"column":18},"end":{"line":125,"column":28}},"62":{"start":{"line":127,"column":4},"end":{"line":134,"column":5}},"63":{"start":{"line":128,"column":21},"end":{"line":128,"column":40}},"64":{"start":{"line":129,"column":6},"end":{"line":131,"column":7}},"65":{"start":{"line":130,"column":8},"end":{"line":130,"column":22}},"66":{"start":{"line":136,"column":4},"end":{"line":140,"column":8}},"67":{"start":{"line":136,"column":46},"end":{"line":140,"column":5}},"68":{"start":{"line":143,"column":2},"end":{"line":143,"column":12}},"69":{"start":{"line":147,"column":2},"end":{"line":147,"column":31}},"70":{"start":{"line":147,"column":14},"end":{"line":147,"column":31}},"71":{"start":{"line":148,"column":21},"end":{"line":148,"column":40}},"72":{"start":{"line":149,"column":2},"end":{"line":149,"column":56}},"73":{"start":{"line":153,"column":2},"end":{"line":153,"column":59}},"74":{"start":{"line":153,"column":43},"end":{"line":153,"column":59}},"75":{"start":{"line":154,"column":18},"end":{"line":154,"column":30}},"76":{"start":{"line":155,"column":19},"end":{"line":155,"column":70}},"77":{"start":{"line":156,"column":2},"end":{"line":160,"column":3}},"78":{"start":{"line":157,"column":4},"end":{"line":159,"column":30}},"79":{"start":{"line":161,"column":2},"end":{"line":161,"column":18}},"80":{"start":{"line":165,"column":2},"end":{"line":165,"column":28}},"81":{"start":{"line":165,"column":16},"end":{"line":165,"column":28}},"82":{"start":{"line":166,"column":18},"end":{"line":174,"column":3}},"83":{"start":{"line":176,"column":2},"end":{"line":178,"column":3}},"84":{"start":{"line":177,"column":4},"end":{"line":177,"column":42}},"85":{"start":{"line":180,"column":2},"end":{"line":180,"column":17}},"86":{"start":{"line":184,"column":19},"end":{"line":194,"column":3}},"87":{"start":{"line":195,"column":2},"end":{"line":198,"column":4}},"88":{"start":{"line":202,"column":19},"end":{"line":202,"column":45}},"89":{"start":{"line":203,"column":24},"end":{"line":206,"column":3}},"90":{"start":{"line":204,"column":4},"end":{"line":204,"column":26}},"91":{"start":{"line":204,"column":16},"end":{"line":204,"column":26}},"92":{"start":{"line":205,"column":4},"end":{"line":205,"column":68}},"93":{"start":{"line":208,"column":2},"end":{"line":212,"column":4}},"94":{"start":{"line":216,"column":2},"end":{"line":216,"column":27}},"95":{"start":{"line":216,"column":17},"end":{"line":216,"column":27}},"96":{"start":{"line":217,"column":2},"end":{"line":217,"column":48}},"97":{"start":{"line":217,"column":32},"end":{"line":217,"column":48}},"98":{"start":{"line":218,"column":2},"end":{"line":218,"column":44}},"99":{"start":{"line":222,"column":2},"end":{"line":222,"column":28}},"100":{"start":{"line":222,"column":21},"end":{"line":222,"column":28}},"101":{"start":{"line":223,"column":2},"end":{"line":223,"column":58}},"102":{"start":{"line":223,"column":51},"end":{"line":223,"column":58}},"103":{"start":{"line":224,"column":23},"end":{"line":224,"column":73}},"104":{"start":{"line":225,"column":2},"end":{"line":231,"column":3}},"105":{"start":{"line":226,"column":4},"end":{"line":230,"column":5}},"106":{"start":{"line":227,"column":6},"end":{"line":227,"column":34}},"107":{"start":{"line":229,"column":6},"end":{"line":229,"column":68}},"108":{"start":{"line":237,"column":0},"end":{"line":326,"column":3}},"109":{"start":{"line":238,"column":25},"end":{"line":243,"column":4}},"110":{"start":{"line":245,"column":21},"end":{"line":245,"column":48}},"111":{"start":{"line":246,"column":24},"end":{"line":246,"column":61}},"112":{"start":{"line":247,"column":19},"end":{"line":247,"column":69}},"113":{"start":{"line":248,"column":37},"end":{"line":248,"column":68}},"114":{"start":{"line":249,"column":36},"end":{"line":249,"column":66}},"115":{"start":{"line":252,"column":33},"end":{"line":257,"column":4}},"116":{"start":{"line":259,"column":16},"end":{"line":264,"column":3}},"117":{"start":{"line":267,"column":14},"end":{"line":267,"column":16}},"118":{"start":{"line":268,"column":2},"end":{"line":270,"column":3}},"119":{"start":{"line":269,"column":4},"end":{"line":269,"column":38}},"120":{"start":{"line":272,"column":19},"end":{"line":278,"column":3}},"121":{"start":{"line":280,"column":24},"end":{"line":285,"column":3}},"122":{"start":{"line":287,"column":27},"end":{"line":289,"column":20}},"123":{"start":{"line":291,"column":18},"end":{"line":291,"column":37}},"124":{"start":{"line":293,"column":23},"end":{"line":313,"column":3}},"125":{"start":{"line":315,"column":27},"end":{"line":315,"column":80}},"126":{"start":{"line":317,"column":2},"end":{"line":325,"column":5}},"127":{"start":{"line":332,"column":0},"end":{"line":340,"column":3}},"128":{"start":{"line":333,"column":2},"end":{"line":339,"column":3}},"129":{"start":{"line":334,"column":21},"end":{"line":334,"column":71}},"130":{"start":{"line":335,"column":4},"end":{"line":335,"column":27}},"131":{"start":{"line":337,"column":4},"end":{"line":337,"column":54}},"132":{"start":{"line":338,"column":4},"end":{"line":338,"column":64}},"133":{"start":{"line":345,"column":0},"end":{"line":399,"column":3}},"134":{"start":{"line":346,"column":23},"end":{"line":349,"column":4}},"135":{"start":{"line":351,"column":2},"end":{"line":357,"column":5}},"136":{"start":{"line":352,"column":4},"end":{"line":355,"column":5}},"137":{"start":{"line":353,"column":6},"end":{"line":353,"column":55}},"138":{"start":{"line":354,"column":6},"end":{"line":354,"column":87}},"139":{"start":{"line":356,"column":4},"end":{"line":356,"column":11}},"140":{"start":{"line":359,"column":2},"end":{"line":398,"column":3}},"141":{"start":{"line":360,"column":20},"end":{"line":360,"column":45}},"142":{"start":{"line":361,"column":17},"end":{"line":361,"column":31}},"143":{"start":{"line":363,"column":27},"end":{"line":373,"column":5}},"144":{"start":{"line":375,"column":27},"end":{"line":375,"column":53}},"145":{"start":{"line":376,"column":27},"end":{"line":376,"column":53}},"146":{"start":{"line":378,"column":4},"end":{"line":381,"column":5}},"147":{"start":{"line":379,"column":6},"end":{"line":379,"column":49}},"148":{"start":{"line":380,"column":6},"end":{"line":380,"column":84}},"149":{"start":{"line":383,"column":4},"end":{"line":386,"column":5}},"150":{"start":{"line":384,"column":6},"end":{"line":384,"column":49}},"151":{"start":{"line":385,"column":6},"end":{"line":385,"column":84}},"152":{"start":{"line":388,"column":28},"end":{"line":388,"column":70}},"153":{"start":{"line":389,"column":21},"end":{"line":389,"column":61}},"154":{"start":{"line":391,"column":4},"end":{"line":394,"column":7}},"155":{"start":{"line":396,"column":4},"end":{"line":396,"column":55}},"156":{"start":{"line":397,"column":4},"end":{"line":397,"column":69}},"157":{"start":{"line":404,"column":0},"end":{"line":425,"column":3}},"158":{"start":{"line":405,"column":2},"end":{"line":424,"column":3}},"159":{"start":{"line":407,"column":27},"end":{"line":407,"column":65}},"160":{"start":{"line":410,"column":23},"end":{"line":410,"column":50}},"161":{"start":{"line":413,"column":18},"end":{"line":417,"column":5}},"162":{"start":{"line":419,"column":4},"end":{"line":419,"column":20}},"163":{"start":{"line":422,"column":4},"end":{"line":422,"column":49}},"164":{"start":{"line":423,"column":4},"end":{"line":423,"column":70}},"165":{"start":{"line":430,"column":0},"end":{"line":466,"column":3}},"166":{"start":{"line":431,"column":2},"end":{"line":465,"column":3}},"167":{"start":{"line":439,"column":8},"end":{"line":439,"column":17}},"168":{"start":{"line":441,"column":21},"end":{"line":448,"column":6}},"169":{"start":{"line":451,"column":30},"end":{"line":458,"column":5}},"170":{"start":{"line":453,"column":50},"end":{"line":457,"column":7}},"171":{"start":{"line":460,"column":4},"end":{"line":460,"column":32}},"172":{"start":{"line":463,"column":4},"end":{"line":463,"column":48}},"173":{"start":{"line":464,"column":4},"end":{"line":464,"column":64}},"174":{"start":{"line":471,"column":0},"end":{"line":493,"column":3}},"175":{"start":{"line":472,"column":2},"end":{"line":492,"column":3}},"176":{"start":{"line":473,"column":19},"end":{"line":473,"column":29}},"177":{"start":{"line":474,"column":20},"end":{"line":474,"column":50}},"178":{"start":{"line":476,"column":4},"end":{"line":478,"column":5}},"179":{"start":{"line":477,"column":6},"end":{"line":477,"column":66}},"180":{"start":{"line":481,"column":28},"end":{"line":485,"column":5}},"181":{"start":{"line":487,"column":4},"end":{"line":487,"column":30}},"182":{"start":{"line":490,"column":4},"end":{"line":490,"column":47}},"183":{"start":{"line":491,"column":4},"end":{"line":491,"column":63}},"184":{"start":{"line":498,"column":0},"end":{"line":546,"column":3}},"185":{"start":{"line":499,"column":2},"end":{"line":545,"column":3}},"186":{"start":{"line":500,"column":24},"end":{"line":500,"column":32}},"187":{"start":{"line":503,"column":4},"end":{"line":505,"column":5}},"188":{"start":{"line":504,"column":6},"end":{"line":504,"column":84}},"189":{"start":{"line":507,"column":30},"end":{"line":525,"column":5}},"190":{"start":{"line":528,"column":23},"end":{"line":533,"column":6}},"191":{"start":{"line":536,"column":4},"end":{"line":538,"column":5}},"192":{"start":{"line":537,"column":6},"end":{"line":537,"column":79}},"193":{"start":{"line":540,"column":4},"end":{"line":540,"column":37}},"194":{"start":{"line":543,"column":4},"end":{"line":543,"column":54}},"195":{"start":{"line":544,"column":4},"end":{"line":544,"column":64}},"196":{"start":{"line":551,"column":0},"end":{"line":620,"column":3}},"197":{"start":{"line":552,"column":2},"end":{"line":619,"column":3}},"198":{"start":{"line":553,"column":19},"end":{"line":553,"column":29}},"199":{"start":{"line":554,"column":24},"end":{"line":554,"column":32}},"200":{"start":{"line":555,"column":28},"end":{"line":555,"column":58}},"201":{"start":{"line":557,"column":4},"end":{"line":559,"column":5}},"202":{"start":{"line":558,"column":6},"end":{"line":558,"column":66}},"203":{"start":{"line":562,"column":4},"end":{"line":564,"column":5}},"204":{"start":{"line":563,"column":6},"end":{"line":563,"column":84}},"205":{"start":{"line":566,"column":30},"end":{"line":583,"column":5}},"206":{"start":{"line":586,"column":20},"end":{"line":586,"column":72}},"207":{"start":{"line":587,"column":4},"end":{"line":593,"column":5}},"208":{"start":{"line":589,"column":6},"end":{"line":589,"column":88}},"209":{"start":{"line":592,"column":6},"end":{"line":592,"column":150}},"210":{"start":{"line":596,"column":6},"end":{"line":597,"column":90}},"211":{"start":{"line":600,"column":27},"end":{"line":603,"column":6}},"212":{"start":{"line":605,"column":4},"end":{"line":607,"column":5}},"213":{"start":{"line":606,"column":6},"end":{"line":606,"column":66}},"214":{"start":{"line":610,"column":4},"end":{"line":612,"column":5}},"215":{"start":{"line":611,"column":6},"end":{"line":611,"column":68}},"216":{"start":{"line":614,"column":4},"end":{"line":614,"column":29}},"217":{"start":{"line":617,"column":4},"end":{"line":617,"column":54}},"218":{"start":{"line":618,"column":4},"end":{"line":618,"column":64}},"219":{"start":{"line":625,"column":0},"end":{"line":654,"column":3}},"220":{"start":{"line":626,"column":2},"end":{"line":653,"column":3}},"221":{"start":{"line":627,"column":19},"end":{"line":627,"column":29}},"222":{"start":{"line":628,"column":23},"end":{"line":628,"column":31}},"223":{"start":{"line":630,"column":28},"end":{"line":630,"column":58}},"224":{"start":{"line":631,"column":4},"end":{"line":633,"column":5}},"225":{"start":{"line":632,"column":6},"end":{"line":632,"column":66}},"226":{"start":{"line":635,"column":22},"end":{"line":635,"column":64}},"227":{"start":{"line":638,"column":27},"end":{"line":642,"column":6}},"228":{"start":{"line":644,"column":4},"end":{"line":646,"column":5}},"229":{"start":{"line":645,"column":6},"end":{"line":645,"column":72}},"230":{"start":{"line":648,"column":4},"end":{"line":648,"column":51}},"231":{"start":{"line":651,"column":4},"end":{"line":651,"column":53}},"232":{"start":{"line":652,"column":4},"end":{"line":652,"column":63}},"233":{"start":{"line":659,"column":0},"end":{"line":698,"column":3}},"234":{"start":{"line":660,"column":2},"end":{"line":697,"column":3}},"235":{"start":{"line":661,"column":19},"end":{"line":661,"column":29}},"236":{"start":{"line":664,"column":20},"end":{"line":664,"column":50}},"237":{"start":{"line":665,"column":4},"end":{"line":667,"column":5}},"238":{"start":{"line":666,"column":6},"end":{"line":666,"column":66}},"239":{"start":{"line":671,"column":25},"end":{"line":671,"column":77}},"240":{"start":{"line":673,"column":4},"end":{"line":680,"column":5}},"241":{"start":{"line":676,"column":29},"end":{"line":676,"column":71}},"242":{"start":{"line":677,"column":6},"end":{"line":679,"column":7}},"243":{"start":{"line":678,"column":8},"end":{"line":678,"column":104}},"244":{"start":{"line":683,"column":20},"end":{"line":683,"column":49}},"245":{"start":{"line":685,"column":4},"end":{"line":687,"column":5}},"246":{"start":{"line":686,"column":6},"end":{"line":686,"column":66}},"247":{"start":{"line":690,"column":4},"end":{"line":690,"column":34}},"248":{"start":{"line":692,"column":4},"end":{"line":692,"column":73}},"249":{"start":{"line":695,"column":4},"end":{"line":695,"column":54}},"250":{"start":{"line":696,"column":4},"end":{"line":696,"column":64}},"251":{"start":{"line":703,"column":0},"end":{"line":712,"column":3}},"252":{"start":{"line":704,"column":2},"end":{"line":711,"column":3}},"253":{"start":{"line":705,"column":23},"end":{"line":705,"column":50}},"254":{"start":{"line":706,"column":4},"end":{"line":706,"column":29}},"255":{"start":{"line":709,"column":4},"end":{"line":709,"column":50}},"256":{"start":{"line":710,"column":4},"end":{"line":710,"column":66}},"257":{"start":{"line":717,"column":0},"end":{"line":744,"column":3}},"258":{"start":{"line":718,"column":2},"end":{"line":743,"column":3}},"259":{"start":{"line":719,"column":34},"end":{"line":719,"column":42}},"260":{"start":{"line":721,"column":4},"end":{"line":723,"column":5}},"261":{"start":{"line":722,"column":6},"end":{"line":722,"column":72}},"262":{"start":{"line":725,"column":24},"end":{"line":725,"column":46}},"263":{"start":{"line":726,"column":31},"end":{"line":726,"column":79}},"264":{"start":{"line":727,"column":17},"end":{"line":727,"column":57}},"265":{"start":{"line":729,"column":24},"end":{"line":733,"column":6}},"266":{"start":{"line":735,"column":4},"end":{"line":735,"column":38}},"267":{"start":{"line":738,"column":4},"end":{"line":738,"column":55}},"268":{"start":{"line":739,"column":4},"end":{"line":741,"column":5}},"269":{"start":{"line":740,"column":6},"end":{"line":740,"column":83}},"270":{"start":{"line":742,"column":4},"end":{"line":742,"column":63}},"271":{"start":{"line":749,"column":0},"end":{"line":780,"column":3}},"272":{"start":{"line":750,"column":2},"end":{"line":779,"column":3}},"273":{"start":{"line":751,"column":19},"end":{"line":751,"column":29}},"274":{"start":{"line":752,"column":34},"end":{"line":752,"column":42}},"275":{"start":{"line":754,"column":4},"end":{"line":756,"column":5}},"276":{"start":{"line":755,"column":6},"end":{"line":755,"column":72}},"277":{"start":{"line":758,"column":24},"end":{"line":758,"column":46}},"278":{"start":{"line":759,"column":31},"end":{"line":759,"column":100}},"279":{"start":{"line":760,"column":17},"end":{"line":760,"column":57}},"280":{"start":{"line":762,"column":28},"end":{"line":766,"column":6}},"281":{"start":{"line":768,"column":4},"end":{"line":770,"column":5}},"282":{"start":{"line":769,"column":6},"end":{"line":769,"column":68}},"283":{"start":{"line":772,"column":4},"end":{"line":772,"column":30}},"284":{"start":{"line":774,"column":4},"end":{"line":774,"column":55}},"285":{"start":{"line":775,"column":4},"end":{"line":777,"column":5}},"286":{"start":{"line":776,"column":6},"end":{"line":776,"column":83}},"287":{"start":{"line":778,"column":4},"end":{"line":778,"column":63}},"288":{"start":{"line":785,"column":0},"end":{"line":799,"column":3}},"289":{"start":{"line":786,"column":2},"end":{"line":798,"column":3}},"290":{"start":{"line":787,"column":19},"end":{"line":787,"column":29}},"291":{"start":{"line":788,"column":20},"end":{"line":788,"column":50}},"292":{"start":{"line":790,"column":4},"end":{"line":792,"column":5}},"293":{"start":{"line":791,"column":6},"end":{"line":791,"column":68}},"294":{"start":{"line":794,"column":4},"end":{"line":794,"column":32}},"295":{"start":{"line":796,"column":4},"end":{"line":796,"column":55}},"296":{"start":{"line":797,"column":4},"end":{"line":797,"column":59}},"297":{"start":{"line":804,"column":0},"end":{"line":836,"column":3}},"298":{"start":{"line":805,"column":2},"end":{"line":835,"column":3}},"299":{"start":{"line":807,"column":20},"end":{"line":828,"column":5}},"300":{"start":{"line":830,"column":4},"end":{"line":830,"column":26}},"301":{"start":{"line":833,"column":4},"end":{"line":833,"column":47}},"302":{"start":{"line":834,"column":4},"end":{"line":834,"column":63}},"303":{"start":{"line":841,"column":0},"end":{"line":864,"column":3}},"304":{"start":{"line":842,"column":2},"end":{"line":863,"column":3}},"305":{"start":{"line":843,"column":23},"end":{"line":843,"column":31}},"306":{"start":{"line":846,"column":4},"end":{"line":848,"column":5}},"307":{"start":{"line":847,"column":6},"end":{"line":847,"column":86}},"308":{"start":{"line":851,"column":22},"end":{"line":855,"column":5}},"309":{"start":{"line":858,"column":4},"end":{"line":858,"column":36}},"310":{"start":{"line":861,"column":4},"end":{"line":861,"column":51}},"311":{"start":{"line":862,"column":4},"end":{"line":862,"column":61}},"312":{"start":{"line":871,"column":25},"end":{"line":875,"column":1}},"313":{"start":{"line":872,"column":21},"end":{"line":872,"column":52}},"314":{"start":{"line":873,"column":25},"end":{"line":873,"column":64}},"315":{"start":{"line":873,"column":42},"end":{"line":873,"column":63}},"316":{"start":{"line":874,"column":2},"end":{"line":874,"column":60}},"317":{"start":{"line":878,"column":0},"end":{"line":891,"column":3}},"318":{"start":{"line":879,"column":2},"end":{"line":890,"column":3}},"319":{"start":{"line":880,"column":19},"end":{"line":880,"column":50}},"320":{"start":{"line":881,"column":18},"end":{"line":881,"column":36}},"321":{"start":{"line":883,"column":4},"end":{"line":886,"column":7}},"322":{"start":{"line":888,"column":4},"end":{"line":888,"column":48}},"323":{"start":{"line":889,"column":4},"end":{"line":889,"column":76}},"324":{"start":{"line":894,"column":0},"end":{"line":918,"column":3}},"325":{"start":{"line":895,"column":2},"end":{"line":917,"column":3}},"326":{"start":{"line":896,"column":25},"end":{"line":896,"column":33}},"327":{"start":{"line":898,"column":4},"end":{"line":900,"column":5}},"328":{"start":{"line":899,"column":6},"end":{"line":899,"column":74}},"329":{"start":{"line":902,"column":18},"end":{"line":902,"column":36}},"330":{"start":{"line":904,"column":24},"end":{"line":904,"column":32}},"331":{"start":{"line":905,"column":4},"end":{"line":907,"column":5}},"332":{"start":{"line":906,"column":6},"end":{"line":906,"column":47}},"333":{"start":{"line":909,"column":20},"end":{"line":909,"column":67}},"334":{"start":{"line":910,"column":4},"end":{"line":913,"column":7}},"335":{"start":{"line":915,"column":4},"end":{"line":915,"column":51}},"336":{"start":{"line":916,"column":4},"end":{"line":916,"column":65}},"337":{"start":{"line":921,"column":0},"end":{"line":959,"column":3}},"338":{"start":{"line":922,"column":2},"end":{"line":958,"column":3}},"339":{"start":{"line":923,"column":26},"end":{"line":923,"column":34}},"340":{"start":{"line":924,"column":4},"end":{"line":926,"column":5}},"341":{"start":{"line":925,"column":6},"end":{"line":925,"column":71}},"342":{"start":{"line":928,"column":25},"end":{"line":928,"column":56}},"343":{"start":{"line":929,"column":18},"end":{"line":929,"column":36}},"344":{"start":{"line":932,"column":4},"end":{"line":934,"column":5}},"345":{"start":{"line":932,"column":27},"end":{"line":932,"column":52}},"346":{"start":{"line":933,"column":6},"end":{"line":933,"column":76}},"347":{"start":{"line":937,"column":23},"end":{"line":937,"column":46}},"348":{"start":{"line":939,"column":22},"end":{"line":939,"column":47}},"349":{"start":{"line":942,"column":4},"end":{"line":944,"column":5}},"350":{"start":{"line":943,"column":6},"end":{"line":943,"column":48}},"351":{"start":{"line":947,"column":4},"end":{"line":947,"column":74}},"352":{"start":{"line":947,"column":49},"end":{"line":947,"column":71}},"353":{"start":{"line":949,"column":20},"end":{"line":949,"column":65}},"354":{"start":{"line":950,"column":4},"end":{"line":954,"column":7}},"355":{"start":{"line":956,"column":4},"end":{"line":956,"column":51}},"356":{"start":{"line":957,"column":4},"end":{"line":957,"column":73}},"357":{"start":{"line":964,"column":0},"end":{"line":1006,"column":3}},"358":{"start":{"line":965,"column":13},"end":{"line":965,"column":26}},"359":{"start":{"line":966,"column":20},"end":{"line":966,"column":44}},"360":{"start":{"line":968,"column":2},"end":{"line":968,"column":60}},"361":{"start":{"line":969,"column":2},"end":{"line":1005,"column":3}},"362":{"start":{"line":970,"column":23},"end":{"line":970,"column":31}},"363":{"start":{"line":972,"column":4},"end":{"line":974,"column":5}},"364":{"start":{"line":973,"column":6},"end":{"line":973,"column":70}},"365":{"start":{"line":977,"column":19},"end":{"line":977,"column":21}},"366":{"start":{"line":978,"column":4},"end":{"line":978,"column":62}},"367":{"start":{"line":979,"column":4},"end":{"line":979,"column":47}},"368":{"start":{"line":980,"column":4},"end":{"line":980,"column":41}},"369":{"start":{"line":981,"column":4},"end":{"line":981,"column":60}},"370":{"start":{"line":982,"column":4},"end":{"line":982,"column":51}},"371":{"start":{"line":983,"column":4},"end":{"line":983,"column":37}},"372":{"start":{"line":984,"column":4},"end":{"line":988,"column":7}},"373":{"start":{"line":985,"column":6},"end":{"line":985,"column":45}},"374":{"start":{"line":986,"column":6},"end":{"line":986,"column":44}},"375":{"start":{"line":987,"column":6},"end":{"line":987,"column":145}},"376":{"start":{"line":987,"column":100},"end":{"line":987,"column":129}},"377":{"start":{"line":989,"column":4},"end":{"line":989,"column":64}},"378":{"start":{"line":991,"column":23},"end":{"line":991,"column":40}},"379":{"start":{"line":994,"column":4},"end":{"line":994,"column":30}},"380":{"start":{"line":997,"column":4},"end":{"line":997,"column":63}},"381":{"start":{"line":999,"column":20},"end":{"line":999,"column":60}},"382":{"start":{"line":1000,"column":4},"end":{"line":1000,"column":22}},"383":{"start":{"line":1003,"column":4},"end":{"line":1003,"column":62}},"384":{"start":{"line":1004,"column":4},"end":{"line":1004,"column":72}},"385":{"start":{"line":1011,"column":0},"end":{"line":1053,"column":3}},"386":{"start":{"line":1012,"column":13},"end":{"line":1012,"column":26}},"387":{"start":{"line":1013,"column":20},"end":{"line":1013,"column":44}},"388":{"start":{"line":1015,"column":2},"end":{"line":1015,"column":59}},"389":{"start":{"line":1016,"column":2},"end":{"line":1052,"column":3}},"390":{"start":{"line":1017,"column":23},"end":{"line":1017,"column":31}},"391":{"start":{"line":1019,"column":4},"end":{"line":1021,"column":5}},"392":{"start":{"line":1020,"column":6},"end":{"line":1020,"column":70}},"393":{"start":{"line":1024,"column":19},"end":{"line":1024,"column":21}},"394":{"start":{"line":1025,"column":4},"end":{"line":1025,"column":62}},"395":{"start":{"line":1026,"column":4},"end":{"line":1026,"column":48}},"396":{"start":{"line":1027,"column":4},"end":{"line":1027,"column":41}},"397":{"start":{"line":1028,"column":4},"end":{"line":1028,"column":60}},"398":{"start":{"line":1029,"column":4},"end":{"line":1029,"column":51}},"399":{"start":{"line":1030,"column":4},"end":{"line":1030,"column":37}},"400":{"start":{"line":1031,"column":4},"end":{"line":1035,"column":7}},"401":{"start":{"line":1032,"column":6},"end":{"line":1032,"column":45}},"402":{"start":{"line":1033,"column":6},"end":{"line":1033,"column":44}},"403":{"start":{"line":1034,"column":6},"end":{"line":1034,"column":145}},"404":{"start":{"line":1034,"column":100},"end":{"line":1034,"column":129}},"405":{"start":{"line":1036,"column":4},"end":{"line":1036,"column":64}},"406":{"start":{"line":1038,"column":23},"end":{"line":1038,"column":40}},"407":{"start":{"line":1041,"column":4},"end":{"line":1041,"column":30}},"408":{"start":{"line":1044,"column":4},"end":{"line":1044,"column":63}},"409":{"start":{"line":1046,"column":20},"end":{"line":1046,"column":59}},"410":{"start":{"line":1047,"column":4},"end":{"line":1047,"column":22}},"411":{"start":{"line":1050,"column":4},"end":{"line":1050,"column":61}},"412":{"start":{"line":1051,"column":4},"end":{"line":1051,"column":71}},"413":{"start":{"line":1058,"column":0},"end":{"line":1077,"column":3}},"414":{"start":{"line":1059,"column":2},"end":{"line":1076,"column":3}},"415":{"start":{"line":1060,"column":19},"end":{"line":1060,"column":29}},"416":{"start":{"line":1061,"column":23},"end":{"line":1061,"column":31}},"417":{"start":{"line":1064,"column":26},"end":{"line":1068,"column":5}},"418":{"start":{"line":1071,"column":4},"end":{"line":1071,"column":28}},"419":{"start":{"line":1074,"column":4},"end":{"line":1074,"column":53}},"420":{"start":{"line":1075,"column":4},"end":{"line":1075,"column":63}},"421":{"start":{"line":1082,"column":0},"end":{"line":1131,"column":3}},"422":{"start":{"line":1083,"column":2},"end":{"line":1130,"column":3}},"423":{"start":{"line":1084,"column":20},"end":{"line":1123,"column":5}},"424":{"start":{"line":1125,"column":4},"end":{"line":1125,"column":26}},"425":{"start":{"line":1128,"column":4},"end":{"line":1128,"column":47}},"426":{"start":{"line":1129,"column":4},"end":{"line":1129,"column":63}},"427":{"start":{"line":1136,"column":0},"end":{"line":1152,"column":3}},"428":{"start":{"line":1137,"column":2},"end":{"line":1151,"column":3}},"429":{"start":{"line":1138,"column":39},"end":{"line":1138,"column":47}},"430":{"start":{"line":1142,"column":4},"end":{"line":1146,"column":7}},"431":{"start":{"line":1149,"column":4},"end":{"line":1149,"column":47}},"432":{"start":{"line":1150,"column":4},"end":{"line":1150,"column":66}},"433":{"start":{"line":1157,"column":0},"end":{"line":1173,"column":3}},"434":{"start":{"line":1158,"column":2},"end":{"line":1172,"column":3}},"435":{"start":{"line":1159,"column":21},"end":{"line":1165,"column":5}},"436":{"start":{"line":1167,"column":4},"end":{"line":1167,"column":27}},"437":{"start":{"line":1170,"column":4},"end":{"line":1170,"column":48}},"438":{"start":{"line":1171,"column":4},"end":{"line":1171,"column":64}},"439":{"start":{"line":1178,"column":0},"end":{"line":1194,"column":3}},"440":{"start":{"line":1179,"column":2},"end":{"line":1193,"column":3}},"441":{"start":{"line":1180,"column":21},"end":{"line":1180,"column":29}},"442":{"start":{"line":1184,"column":4},"end":{"line":1188,"column":7}},"443":{"start":{"line":1191,"column":4},"end":{"line":1191,"column":55}},"444":{"start":{"line":1192,"column":4},"end":{"line":1192,"column":65}},"445":{"start":{"line":1197,"column":0},"end":{"line":1197,"column":24}},"446":{"start":{"line":1198,"column":0},"end":{"line":1198,"column":59}},"447":{"start":{"line":1199,"column":0},"end":{"line":1199,"column":55}}},"fnMap":{"0":{"name":"(anonymous_0)","decl":{"start":{"line":15,"column":23},"end":{"line":15,"column":24}},"loc":{"start":{"line":15,"column":29},"end":{"line":30,"column":1}},"line":15},"1":{"name":"(anonymous_1)","decl":{"start":{"line":33,"column":29},"end":{"line":33,"column":30}},"loc":{"start":{"line":33,"column":43},"end":{"line":35,"column":1}},"line":33},"2":{"name":"(anonymous_2)","decl":{"start":{"line":37,"column":23},"end":{"line":37,"column":24}},"loc":{"start":{"line":37,"column":29},"end":{"line":40,"column":1}},"line":37},"3":{"name":"(anonymous_3)","decl":{"start":{"line":44,"column":2},"end":{"line":44,"column":3}},"loc":{"start":{"line":44,"column":20},"end":{"line":47,"column":3}},"line":44},"4":{"name":"(anonymous_4)","decl":{"start":{"line":63,"column":15},"end":{"line":63,"column":16}},"loc":{"start":{"line":63,"column":34},"end":{"line":65,"column":3}},"line":63},"5":{"name":"(anonymous_5)","decl":{"start":{"line":66,"column":12},"end":{"line":66,"column":13}},"loc":{"start":{"line":66,"column":31},"end":{"line":70,"column":3}},"line":66},"6":{"name":"(anonymous_6)","decl":{"start":{"line":76,"column":14},"end":{"line":76,"column":15}},"loc":{"start":{"line":76,"column":33},"end":{"line":82,"column":3}},"line":76},"7":{"name":"(anonymous_7)","decl":{"start":{"line":86,"column":11},"end":{"line":86,"column":12}},"loc":{"start":{"line":86,"column":31},"end":{"line":89,"column":1}},"line":86},"8":{"name":"toArray","decl":{"start":{"line":91,"column":9},"end":{"line":91,"column":16}},"loc":{"start":{"line":91,"column":41},"end":{"line":103,"column":1}},"line":91},"9":{"name":"(anonymous_9)","decl":{"start":{"line":98,"column":11},"end":{"line":98,"column":12}},"loc":{"start":{"line":98,"column":21},"end":{"line":98,"column":32}},"line":98},"10":{"name":"toLineArray","decl":{"start":{"line":105,"column":9},"end":{"line":105,"column":20}},"loc":{"start":{"line":105,"column":28},"end":{"line":116,"column":1}},"line":105},"11":{"name":"(anonymous_11)","decl":{"start":{"line":112,"column":11},"end":{"line":112,"column":12}},"loc":{"start":{"line":112,"column":21},"end":{"line":112,"column":32}},"line":112},"12":{"name":"toImageArray","decl":{"start":{"line":118,"column":9},"end":{"line":118,"column":21}},"loc":{"start":{"line":118,"column":29},"end":{"line":144,"column":1}},"line":118},"13":{"name":"(anonymous_13)","decl":{"start":{"line":136,"column":36},"end":{"line":136,"column":37}},"loc":{"start":{"line":136,"column":46},"end":{"line":140,"column":5}},"line":136},"14":{"name":"normalizeStatus","decl":{"start":{"line":146,"column":9},"end":{"line":146,"column":24}},"loc":{"start":{"line":146,"column":32},"end":{"line":150,"column":1}},"line":146},"15":{"name":"normalizeColor","decl":{"start":{"line":152,"column":9},"end":{"line":152,"column":23}},"loc":{"start":{"line":152,"column":41},"end":{"line":162,"column":1}},"line":152},"16":{"name":"mapArticleToSummary","decl":{"start":{"line":164,"column":9},"end":{"line":164,"column":28}},"loc":{"start":{"line":164,"column":38},"end":{"line":181,"column":1}},"line":164},"17":{"name":"buildBrandingResponse","decl":{"start":{"line":183,"column":9},"end":{"line":183,"column":30}},"loc":{"start":{"line":183,"column":36},"end":{"line":199,"column":1}},"line":183},"18":{"name":"formatBrandingForClient","decl":{"start":{"line":201,"column":9},"end":{"line":201,"column":32}},"loc":{"start":{"line":201,"column":38},"end":{"line":213,"column":1}},"line":201},"19":{"name":"(anonymous_19)","decl":{"start":{"line":203,"column":24},"end":{"line":203,"column":25}},"loc":{"start":{"line":203,"column":35},"end":{"line":206,"column":3}},"line":203},"20":{"name":"toWebPath","decl":{"start":{"line":215,"column":9},"end":{"line":215,"column":18}},"loc":{"start":{"line":215,"column":29},"end":{"line":219,"column":1}},"line":215},"21":{"name":"removeOldBrandingAsset","decl":{"start":{"line":221,"column":9},"end":{"line":221,"column":31}},"loc":{"start":{"line":221,"column":46},"end":{"line":232,"column":1}},"line":221},"22":{"name":"(anonymous_22)","decl":{"start":{"line":237,"column":16},"end":{"line":237,"column":17}},"loc":{"start":{"line":237,"column":30},"end":{"line":326,"column":1}},"line":237},"23":{"name":"(anonymous_23)","decl":{"start":{"line":332,"column":24},"end":{"line":332,"column":25}},"loc":{"start":{"line":332,"column":38},"end":{"line":340,"column":1}},"line":332},"24":{"name":"(anonymous_24)","decl":{"start":{"line":345,"column":63},"end":{"line":345,"column":64}},"loc":{"start":{"line":345,"column":83},"end":{"line":358,"column":1}},"line":345},"25":{"name":"(anonymous_25)","decl":{"start":{"line":351,"column":25},"end":{"line":351,"column":26}},"loc":{"start":{"line":351,"column":34},"end":{"line":357,"column":3}},"line":351},"26":{"name":"(anonymous_26)","decl":{"start":{"line":358,"column":3},"end":{"line":358,"column":4}},"loc":{"start":{"line":358,"column":17},"end":{"line":399,"column":1}},"line":358},"27":{"name":"(anonymous_27)","decl":{"start":{"line":404,"column":25},"end":{"line":404,"column":26}},"loc":{"start":{"line":404,"column":45},"end":{"line":425,"column":1}},"line":404},"28":{"name":"(anonymous_28)","decl":{"start":{"line":430,"column":24},"end":{"line":430,"column":25}},"loc":{"start":{"line":430,"column":44},"end":{"line":466,"column":1}},"line":430},"29":{"name":"(anonymous_29)","decl":{"start":{"line":453,"column":38},"end":{"line":453,"column":39}},"loc":{"start":{"line":453,"column":50},"end":{"line":457,"column":7}},"line":453},"30":{"name":"(anonymous_30)","decl":{"start":{"line":471,"column":28},"end":{"line":471,"column":29}},"loc":{"start":{"line":471,"column":48},"end":{"line":493,"column":1}},"line":471},"31":{"name":"(anonymous_31)","decl":{"start":{"line":498,"column":25},"end":{"line":498,"column":26}},"loc":{"start":{"line":498,"column":45},"end":{"line":546,"column":1}},"line":498},"32":{"name":"(anonymous_32)","decl":{"start":{"line":551,"column":28},"end":{"line":551,"column":29}},"loc":{"start":{"line":551,"column":48},"end":{"line":620,"column":1}},"line":551},"33":{"name":"(anonymous_33)","decl":{"start":{"line":625,"column":35},"end":{"line":625,"column":36}},"loc":{"start":{"line":625,"column":55},"end":{"line":654,"column":1}},"line":625},"34":{"name":"(anonymous_34)","decl":{"start":{"line":659,"column":44},"end":{"line":659,"column":45}},"loc":{"start":{"line":659,"column":64},"end":{"line":698,"column":1}},"line":659},"35":{"name":"(anonymous_35)","decl":{"start":{"line":703,"column":26},"end":{"line":703,"column":27}},"loc":{"start":{"line":703,"column":46},"end":{"line":712,"column":1}},"line":703},"36":{"name":"(anonymous_36)","decl":{"start":{"line":717,"column":27},"end":{"line":717,"column":28}},"loc":{"start":{"line":717,"column":47},"end":{"line":744,"column":1}},"line":717},"37":{"name":"(anonymous_37)","decl":{"start":{"line":749,"column":30},"end":{"line":749,"column":31}},"loc":{"start":{"line":749,"column":50},"end":{"line":780,"column":1}},"line":749},"38":{"name":"(anonymous_38)","decl":{"start":{"line":785,"column":33},"end":{"line":785,"column":34}},"loc":{"start":{"line":785,"column":53},"end":{"line":799,"column":1}},"line":785},"39":{"name":"(anonymous_39)","decl":{"start":{"line":804,"column":23},"end":{"line":804,"column":24}},"loc":{"start":{"line":804,"column":43},"end":{"line":836,"column":1}},"line":804},"40":{"name":"(anonymous_40)","decl":{"start":{"line":841,"column":24},"end":{"line":841,"column":25}},"loc":{"start":{"line":841,"column":44},"end":{"line":864,"column":1}},"line":841},"41":{"name":"(anonymous_41)","decl":{"start":{"line":871,"column":25},"end":{"line":871,"column":26}},"loc":{"start":{"line":871,"column":31},"end":{"line":875,"column":1}},"line":871},"42":{"name":"(anonymous_42)","decl":{"start":{"line":873,"column":37},"end":{"line":873,"column":38}},"loc":{"start":{"line":873,"column":42},"end":{"line":873,"column":63}},"line":873},"43":{"name":"(anonymous_43)","decl":{"start":{"line":878,"column":24},"end":{"line":878,"column":25}},"loc":{"start":{"line":878,"column":38},"end":{"line":891,"column":1}},"line":878},"44":{"name":"(anonymous_44)","decl":{"start":{"line":894,"column":24},"end":{"line":894,"column":25}},"loc":{"start":{"line":894,"column":38},"end":{"line":918,"column":1}},"line":894},"45":{"name":"(anonymous_45)","decl":{"start":{"line":921,"column":29},"end":{"line":921,"column":30}},"loc":{"start":{"line":921,"column":43},"end":{"line":959,"column":1}},"line":921},"46":{"name":"(anonymous_46)","decl":{"start":{"line":932,"column":22},"end":{"line":932,"column":23}},"loc":{"start":{"line":932,"column":27},"end":{"line":932,"column":52}},"line":932},"47":{"name":"(anonymous_47)","decl":{"start":{"line":947,"column":34},"end":{"line":947,"column":35}},"loc":{"start":{"line":947,"column":49},"end":{"line":947,"column":71}},"line":947},"48":{"name":"(anonymous_48)","decl":{"start":{"line":964,"column":32},"end":{"line":964,"column":33}},"loc":{"start":{"line":964,"column":52},"end":{"line":1006,"column":1}},"line":964},"49":{"name":"(anonymous_49)","decl":{"start":{"line":984,"column":19},"end":{"line":984,"column":20}},"loc":{"start":{"line":984,"column":38},"end":{"line":988,"column":5}},"line":984},"50":{"name":"(anonymous_50)","decl":{"start":{"line":987,"column":87},"end":{"line":987,"column":88}},"loc":{"start":{"line":987,"column":100},"end":{"line":987,"column":129}},"line":987},"51":{"name":"(anonymous_51)","decl":{"start":{"line":1011,"column":31},"end":{"line":1011,"column":32}},"loc":{"start":{"line":1011,"column":51},"end":{"line":1053,"column":1}},"line":1011},"52":{"name":"(anonymous_52)","decl":{"start":{"line":1031,"column":19},"end":{"line":1031,"column":20}},"loc":{"start":{"line":1031,"column":38},"end":{"line":1035,"column":5}},"line":1031},"53":{"name":"(anonymous_53)","decl":{"start":{"line":1034,"column":87},"end":{"line":1034,"column":88}},"loc":{"start":{"line":1034,"column":100},"end":{"line":1034,"column":129}},"line":1034},"54":{"name":"(anonymous_54)","decl":{"start":{"line":1058,"column":27},"end":{"line":1058,"column":28}},"loc":{"start":{"line":1058,"column":47},"end":{"line":1077,"column":1}},"line":1058},"55":{"name":"(anonymous_55)","decl":{"start":{"line":1082,"column":23},"end":{"line":1082,"column":24}},"loc":{"start":{"line":1082,"column":43},"end":{"line":1131,"column":1}},"line":1082},"56":{"name":"(anonymous_56)","decl":{"start":{"line":1136,"column":24},"end":{"line":1136,"column":25}},"loc":{"start":{"line":1136,"column":44},"end":{"line":1152,"column":1}},"line":1136},"57":{"name":"(anonymous_57)","decl":{"start":{"line":1157,"column":24},"end":{"line":1157,"column":25}},"loc":{"start":{"line":1157,"column":44},"end":{"line":1173,"column":1}},"line":1157},"58":{"name":"(anonymous_58)","decl":{"start":{"line":1178,"column":24},"end":{"line":1178,"column":25}},"loc":{"start":{"line":1178,"column":44},"end":{"line":1194,"column":1}},"line":1178}},"branchMap":{"0":{"loc":{"start":{"line":16,"column":2},"end":{"line":18,"column":3}},"type":"if","locations":[{"start":{"line":16,"column":2},"end":{"line":18,"column":3}},{"start":{},"end":{}}],"line":16},"1":{"loc":{"start":{"line":20,"column":2},"end":{"line":25,"column":3}},"type":"if","locations":[{"start":{"line":20,"column":2},"end":{"line":25,"column":3}},{"start":{},"end":{}}],"line":20},"2":{"loc":{"start":{"line":26,"column":2},"end":{"line":28,"column":3}},"type":"if","locations":[{"start":{"line":26,"column":2},"end":{"line":28,"column":3}},{"start":{},"end":{}}],"line":26},"3":{"loc":{"start":{"line":67,"column":16},"end":{"line":67,"column":57}},"type":"binary-expr","locations":[{"start":{"line":67,"column":16},"end":{"line":67,"column":47}},{"start":{"line":67,"column":51},"end":{"line":67,"column":57}}],"line":67},"4":{"loc":{"start":{"line":68,"column":21},"end":{"line":68,"column":84}},"type":"cond-expr","locations":[{"start":{"line":68,"column":55},"end":{"line":68,"column":68}},{"start":{"line":68,"column":71},"end":{"line":68,"column":84}}],"line":68},"5":{"loc":{"start":{"line":77,"column":4},"end":{"line":81,"column":5}},"type":"if","locations":[{"start":{"line":77,"column":4},"end":{"line":81,"column":5}},{"start":{"line":79,"column":11},"end":{"line":81,"column":5}}],"line":77},"6":{"loc":{"start":{"line":91,"column":24},"end":{"line":91,"column":39}},"type":"default-arg","locations":[{"start":{"line":91,"column":36},"end":{"line":91,"column":39}}],"line":91},"7":{"loc":{"start":{"line":92,"column":2},"end":{"line":94,"column":3}},"type":"if","locations":[{"start":{"line":92,"column":2},"end":{"line":94,"column":3}},{"start":{},"end":{}}],"line":92},"8":{"loc":{"start":{"line":95,"column":2},"end":{"line":101,"column":3}},"type":"if","locations":[{"start":{"line":95,"column":2},"end":{"line":101,"column":3}},{"start":{},"end":{}}],"line":95},"9":{"loc":{"start":{"line":106,"column":2},"end":{"line":108,"column":3}},"type":"if","locations":[{"start":{"line":106,"column":2},"end":{"line":108,"column":3}},{"start":{},"end":{}}],"line":106},"10":{"loc":{"start":{"line":109,"column":2},"end":{"line":114,"column":3}},"type":"if","locations":[{"start":{"line":109,"column":2},"end":{"line":114,"column":3}},{"start":{},"end":{}}],"line":109},"11":{"loc":{"start":{"line":119,"column":2},"end":{"line":121,"column":3}},"type":"if","locations":[{"start":{"line":119,"column":2},"end":{"line":121,"column":3}},{"start":{},"end":{}}],"line":119},"12":{"loc":{"start":{"line":123,"column":2},"end":{"line":141,"column":3}},"type":"if","locations":[{"start":{"line":123,"column":2},"end":{"line":141,"column":3}},{"start":{},"end":{}}],"line":123},"13":{"loc":{"start":{"line":125,"column":4},"end":{"line":125,"column":28}},"type":"if","locations":[{"start":{"line":125,"column":4},"end":{"line":125,"column":28}},{"start":{},"end":{}}],"line":125},"14":{"loc":{"start":{"line":129,"column":6},"end":{"line":131,"column":7}},"type":"if","locations":[{"start":{"line":129,"column":6},"end":{"line":131,"column":7}},{"start":{},"end":{}}],"line":129},"15":{"loc":{"start":{"line":147,"column":2},"end":{"line":147,"column":31}},"type":"if","locations":[{"start":{"line":147,"column":2},"end":{"line":147,"column":31}},{"start":{},"end":{}}],"line":147},"16":{"loc":{"start":{"line":149,"column":9},"end":{"line":149,"column":55}},"type":"cond-expr","locations":[{"start":{"line":149,"column":35},"end":{"line":149,"column":43}},{"start":{"line":149,"column":46},"end":{"line":149,"column":55}}],"line":149},"17":{"loc":{"start":{"line":153,"column":2},"end":{"line":153,"column":59}},"type":"if","locations":[{"start":{"line":153,"column":2},"end":{"line":153,"column":59}},{"start":{},"end":{}}],"line":153},"18":{"loc":{"start":{"line":153,"column":6},"end":{"line":153,"column":41}},"type":"binary-expr","locations":[{"start":{"line":153,"column":6},"end":{"line":153,"column":12}},{"start":{"line":153,"column":16},"end":{"line":153,"column":41}}],"line":153},"19":{"loc":{"start":{"line":156,"column":2},"end":{"line":160,"column":3}},"type":"if","locations":[{"start":{"line":156,"column":2},"end":{"line":160,"column":3}},{"start":{},"end":{}}],"line":156},"20":{"loc":{"start":{"line":157,"column":11},"end":{"line":159,"column":29}},"type":"cond-expr","locations":[{"start":{"line":158,"column":8},"end":{"line":158,"column":89}},{"start":{"line":159,"column":8},"end":{"line":159,"column":29}}],"line":157},"21":{"loc":{"start":{"line":165,"column":2},"end":{"line":165,"column":28}},"type":"if","locations":[{"start":{"line":165,"column":2},"end":{"line":165,"column":28}},{"start":{},"end":{}}],"line":165},"22":{"loc":{"start":{"line":176,"column":2},"end":{"line":178,"column":3}},"type":"if","locations":[{"start":{"line":176,"column":2},"end":{"line":178,"column":3}},{"start":{},"end":{}}],"line":176},"23":{"loc":{"start":{"line":197,"column":8},"end":{"line":197,"column":17}},"type":"binary-expr","locations":[{"start":{"line":197,"column":8},"end":{"line":197,"column":11}},{"start":{"line":197,"column":15},"end":{"line":197,"column":17}}],"line":197},"24":{"loc":{"start":{"line":204,"column":4},"end":{"line":204,"column":26}},"type":"if","locations":[{"start":{"line":204,"column":4},"end":{"line":204,"column":26}},{"start":{},"end":{}}],"line":204},"25":{"loc":{"start":{"line":205,"column":11},"end":{"line":205,"column":67}},"type":"cond-expr","locations":[{"start":{"line":205,"column":43},"end":{"line":205,"column":48}},{"start":{"line":205,"column":51},"end":{"line":205,"column":67}}],"line":205},"26":{"loc":{"start":{"line":216,"column":2},"end":{"line":216,"column":27}},"type":"if","locations":[{"start":{"line":216,"column":2},"end":{"line":216,"column":27}},{"start":{},"end":{}}],"line":216},"27":{"loc":{"start":{"line":217,"column":2},"end":{"line":217,"column":48}},"type":"if","locations":[{"start":{"line":217,"column":2},"end":{"line":217,"column":48}},{"start":{},"end":{}}],"line":217},"28":{"loc":{"start":{"line":222,"column":2},"end":{"line":222,"column":28}},"type":"if","locations":[{"start":{"line":222,"column":2},"end":{"line":222,"column":28}},{"start":{},"end":{}}],"line":222},"29":{"loc":{"start":{"line":223,"column":2},"end":{"line":223,"column":58}},"type":"if","locations":[{"start":{"line":223,"column":2},"end":{"line":223,"column":58}},{"start":{},"end":{}}],"line":223},"30":{"loc":{"start":{"line":225,"column":2},"end":{"line":231,"column":3}},"type":"if","locations":[{"start":{"line":225,"column":2},"end":{"line":231,"column":3}},{"start":{},"end":{}}],"line":225},"31":{"loc":{"start":{"line":225,"column":6},"end":{"line":225,"column":81}},"type":"binary-expr","locations":[{"start":{"line":225,"column":6},"end":{"line":225,"column":50}},{"start":{"line":225,"column":54},"end":{"line":225,"column":81}}],"line":225},"32":{"loc":{"start":{"line":268,"column":2},"end":{"line":270,"column":3}},"type":"if","locations":[{"start":{"line":268,"column":2},"end":{"line":270,"column":3}},{"start":{},"end":{}}],"line":268},"33":{"loc":{"start":{"line":268,"column":6},"end":{"line":268,"column":58}},"type":"binary-expr","locations":[{"start":{"line":268,"column":6},"end":{"line":268,"column":34}},{"start":{"line":268,"column":38},"end":{"line":268,"column":58}}],"line":268},"34":{"loc":{"start":{"line":310,"column":19},"end":{"line":310,"column":48}},"type":"binary-expr","locations":[{"start":{"line":310,"column":19},"end":{"line":310,"column":42}},{"start":{"line":310,"column":46},"end":{"line":310,"column":48}}],"line":310},"35":{"loc":{"start":{"line":352,"column":4},"end":{"line":355,"column":5}},"type":"if","locations":[{"start":{"line":352,"column":4},"end":{"line":355,"column":5}},{"start":{},"end":{}}],"line":352},"36":{"loc":{"start":{"line":354,"column":43},"end":{"line":354,"column":83}},"type":"binary-expr","locations":[{"start":{"line":354,"column":43},"end":{"line":354,"column":54}},{"start":{"line":354,"column":58},"end":{"line":354,"column":83}}],"line":354},"37":{"loc":{"start":{"line":361,"column":17},"end":{"line":361,"column":31}},"type":"binary-expr","locations":[{"start":{"line":361,"column":17},"end":{"line":361,"column":25}},{"start":{"line":361,"column":29},"end":{"line":361,"column":31}}],"line":361},"38":{"loc":{"start":{"line":364,"column":16},"end":{"line":364,"column":82}},"type":"cond-expr","locations":[{"start":{"line":364,"column":32},"end":{"line":364,"column":63}},{"start":{"line":364,"column":66},"end":{"line":364,"column":82}}],"line":364},"39":{"loc":{"start":{"line":378,"column":4},"end":{"line":381,"column":5}},"type":"if","locations":[{"start":{"line":378,"column":4},"end":{"line":381,"column":5}},{"start":{},"end":{}}],"line":378},"40":{"loc":{"start":{"line":383,"column":4},"end":{"line":386,"column":5}},"type":"if","locations":[{"start":{"line":383,"column":4},"end":{"line":386,"column":5}},{"start":{},"end":{}}],"line":383},"41":{"loc":{"start":{"line":433,"column":6},"end":{"line":433,"column":14}},"type":"default-arg","locations":[{"start":{"line":433,"column":13},"end":{"line":433,"column":14}}],"line":433},"42":{"loc":{"start":{"line":434,"column":6},"end":{"line":434,"column":16}},"type":"default-arg","locations":[{"start":{"line":434,"column":14},"end":{"line":434,"column":16}}],"line":434},"43":{"loc":{"start":{"line":437,"column":6},"end":{"line":437,"column":28}},"type":"default-arg","locations":[{"start":{"line":437,"column":15},"end":{"line":437,"column":28}}],"line":437},"44":{"loc":{"start":{"line":438,"column":6},"end":{"line":438,"column":24}},"type":"default-arg","locations":[{"start":{"line":438,"column":18},"end":{"line":438,"column":24}}],"line":438},"45":{"loc":{"start":{"line":455,"column":14},"end":{"line":456,"column":52}},"type":"binary-expr","locations":[{"start":{"line":455,"column":14},"end":{"line":455,"column":52}},{"start":{"line":456,"column":10},"end":{"line":456,"column":52}}],"line":455},"46":{"loc":{"start":{"line":476,"column":4},"end":{"line":478,"column":5}},"type":"if","locations":[{"start":{"line":476,"column":4},"end":{"line":478,"column":5}},{"start":{},"end":{}}],"line":476},"47":{"loc":{"start":{"line":483,"column":12},"end":{"line":484,"column":50}},"type":"binary-expr","locations":[{"start":{"line":483,"column":12},"end":{"line":483,"column":50}},{"start":{"line":484,"column":8},"end":{"line":484,"column":50}}],"line":483},"48":{"loc":{"start":{"line":503,"column":4},"end":{"line":505,"column":5}},"type":"if","locations":[{"start":{"line":503,"column":4},"end":{"line":505,"column":5}},{"start":{},"end":{}}],"line":503},"49":{"loc":{"start":{"line":503,"column":8},"end":{"line":503,"column":48}},"type":"binary-expr","locations":[{"start":{"line":503,"column":8},"end":{"line":503,"column":27}},{"start":{"line":503,"column":31},"end":{"line":503,"column":48}}],"line":503},"50":{"loc":{"start":{"line":515,"column":17},"end":{"line":515,"column":64}},"type":"binary-expr","locations":[{"start":{"line":515,"column":17},"end":{"line":515,"column":37}},{"start":{"line":515,"column":41},"end":{"line":515,"column":58}},{"start":{"line":515,"column":62},"end":{"line":515,"column":64}}],"line":515},"51":{"loc":{"start":{"line":517,"column":14},"end":{"line":517,"column":93}},"type":"binary-expr","locations":[{"start":{"line":517,"column":15},"end":{"line":517,"column":26}},{"start":{"line":517,"column":31},"end":{"line":517,"column":54}},{"start":{"line":517,"column":58},"end":{"line":517,"column":78}},{"start":{"line":517,"column":84},"end":{"line":517,"column":93}}],"line":517},"52":{"loc":{"start":{"line":524,"column":28},"end":{"line":524,"column":65}},"type":"binary-expr","locations":[{"start":{"line":524,"column":28},"end":{"line":524,"column":59}},{"start":{"line":524,"column":63},"end":{"line":524,"column":65}}],"line":524},"53":{"loc":{"start":{"line":536,"column":4},"end":{"line":538,"column":5}},"type":"if","locations":[{"start":{"line":536,"column":4},"end":{"line":538,"column":5}},{"start":{},"end":{}}],"line":536},"54":{"loc":{"start":{"line":557,"column":4},"end":{"line":559,"column":5}},"type":"if","locations":[{"start":{"line":557,"column":4},"end":{"line":559,"column":5}},{"start":{},"end":{}}],"line":557},"55":{"loc":{"start":{"line":562,"column":4},"end":{"line":564,"column":5}},"type":"if","locations":[{"start":{"line":562,"column":4},"end":{"line":564,"column":5}},{"start":{},"end":{}}],"line":562},"56":{"loc":{"start":{"line":562,"column":8},"end":{"line":562,"column":48}},"type":"binary-expr","locations":[{"start":{"line":562,"column":8},"end":{"line":562,"column":27}},{"start":{"line":562,"column":31},"end":{"line":562,"column":48}}],"line":562},"57":{"loc":{"start":{"line":574,"column":17},"end":{"line":574,"column":64}},"type":"binary-expr","locations":[{"start":{"line":574,"column":17},"end":{"line":574,"column":37}},{"start":{"line":574,"column":41},"end":{"line":574,"column":58}},{"start":{"line":574,"column":62},"end":{"line":574,"column":64}}],"line":574},"58":{"loc":{"start":{"line":582,"column":28},"end":{"line":582,"column":65}},"type":"binary-expr","locations":[{"start":{"line":582,"column":28},"end":{"line":582,"column":59}},{"start":{"line":582,"column":63},"end":{"line":582,"column":65}}],"line":582},"59":{"loc":{"start":{"line":586,"column":20},"end":{"line":586,"column":72}},"type":"binary-expr","locations":[{"start":{"line":586,"column":20},"end":{"line":586,"column":40}},{"start":{"line":586,"column":44},"end":{"line":586,"column":72}}],"line":586},"60":{"loc":{"start":{"line":587,"column":4},"end":{"line":593,"column":5}},"type":"if","locations":[{"start":{"line":587,"column":4},"end":{"line":593,"column":5}},{"start":{"line":590,"column":11},"end":{"line":593,"column":5}}],"line":587},"61":{"loc":{"start":{"line":589,"column":33},"end":{"line":589,"column":87}},"type":"binary-expr","locations":[{"start":{"line":589,"column":33},"end":{"line":589,"column":55}},{"start":{"line":589,"column":59},"end":{"line":589,"column":81}},{"start":{"line":589,"column":85},"end":{"line":589,"column":87}}],"line":589},"62":{"loc":{"start":{"line":592,"column":33},"end":{"line":592,"column":149}},"type":"cond-expr","locations":[{"start":{"line":592,"column":54},"end":{"line":592,"column":90}},{"start":{"line":592,"column":94},"end":{"line":592,"column":148}}],"line":592},"63":{"loc":{"start":{"line":592,"column":94},"end":{"line":592,"column":148}},"type":"binary-expr","locations":[{"start":{"line":592,"column":94},"end":{"line":592,"column":116}},{"start":{"line":592,"column":120},"end":{"line":592,"column":142}},{"start":{"line":592,"column":146},"end":{"line":592,"column":148}}],"line":592},"64":{"loc":{"start":{"line":596,"column":6},"end":{"line":597,"column":90}},"type":"binary-expr","locations":[{"start":{"line":596,"column":6},"end":{"line":596,"column":30}},{"start":{"line":597,"column":6},"end":{"line":597,"column":90}}],"line":596},"65":{"loc":{"start":{"line":597,"column":36},"end":{"line":597,"column":89}},"type":"binary-expr","locations":[{"start":{"line":597,"column":36},"end":{"line":597,"column":58}},{"start":{"line":597,"column":62},"end":{"line":597,"column":83}},{"start":{"line":597,"column":87},"end":{"line":597,"column":89}}],"line":597},"66":{"loc":{"start":{"line":605,"column":4},"end":{"line":607,"column":5}},"type":"if","locations":[{"start":{"line":605,"column":4},"end":{"line":607,"column":5}},{"start":{},"end":{}}],"line":605},"67":{"loc":{"start":{"line":610,"column":4},"end":{"line":612,"column":5}},"type":"if","locations":[{"start":{"line":610,"column":4},"end":{"line":612,"column":5}},{"start":{},"end":{}}],"line":610},"68":{"loc":{"start":{"line":631,"column":4},"end":{"line":633,"column":5}},"type":"if","locations":[{"start":{"line":631,"column":4},"end":{"line":633,"column":5}},{"start":{},"end":{}}],"line":631},"69":{"loc":{"start":{"line":635,"column":22},"end":{"line":635,"column":64}},"type":"cond-expr","locations":[{"start":{"line":635,"column":44},"end":{"line":635,"column":52}},{"start":{"line":635,"column":55},"end":{"line":635,"column":64}}],"line":635},"70":{"loc":{"start":{"line":644,"column":4},"end":{"line":646,"column":5}},"type":"if","locations":[{"start":{"line":644,"column":4},"end":{"line":646,"column":5}},{"start":{},"end":{}}],"line":644},"71":{"loc":{"start":{"line":665,"column":4},"end":{"line":667,"column":5}},"type":"if","locations":[{"start":{"line":665,"column":4},"end":{"line":667,"column":5}},{"start":{},"end":{}}],"line":665},"72":{"loc":{"start":{"line":671,"column":25},"end":{"line":671,"column":77}},"type":"binary-expr","locations":[{"start":{"line":671,"column":25},"end":{"line":671,"column":45}},{"start":{"line":671,"column":49},"end":{"line":671,"column":77}}],"line":671},"73":{"loc":{"start":{"line":673,"column":4},"end":{"line":680,"column":5}},"type":"if","locations":[{"start":{"line":673,"column":4},"end":{"line":680,"column":5}},{"start":{},"end":{}}],"line":673},"74":{"loc":{"start":{"line":676,"column":29},"end":{"line":676,"column":71}},"type":"binary-expr","locations":[{"start":{"line":676,"column":29},"end":{"line":676,"column":49}},{"start":{"line":676,"column":53},"end":{"line":676,"column":71}}],"line":676},"75":{"loc":{"start":{"line":677,"column":6},"end":{"line":679,"column":7}},"type":"if","locations":[{"start":{"line":677,"column":6},"end":{"line":679,"column":7}},{"start":{},"end":{}}],"line":677},"76":{"loc":{"start":{"line":685,"column":4},"end":{"line":687,"column":5}},"type":"if","locations":[{"start":{"line":685,"column":4},"end":{"line":687,"column":5}},{"start":{},"end":{}}],"line":685},"77":{"loc":{"start":{"line":721,"column":4},"end":{"line":723,"column":5}},"type":"if","locations":[{"start":{"line":721,"column":4},"end":{"line":723,"column":5}},{"start":{},"end":{}}],"line":721},"78":{"loc":{"start":{"line":721,"column":8},"end":{"line":721,"column":40}},"type":"binary-expr","locations":[{"start":{"line":721,"column":8},"end":{"line":721,"column":13}},{"start":{"line":721,"column":17},"end":{"line":721,"column":40}}],"line":721},"79":{"loc":{"start":{"line":726,"column":31},"end":{"line":726,"column":79}},"type":"cond-expr","locations":[{"start":{"line":726,"column":45},"end":{"line":726,"column":74}},{"start":{"line":726,"column":77},"end":{"line":726,"column":79}}],"line":726},"80":{"loc":{"start":{"line":739,"column":4},"end":{"line":741,"column":5}},"type":"if","locations":[{"start":{"line":739,"column":4},"end":{"line":741,"column":5}},{"start":{},"end":{}}],"line":739},"81":{"loc":{"start":{"line":739,"column":8},"end":{"line":739,"column":98}},"type":"binary-expr","locations":[{"start":{"line":739,"column":8},"end":{"line":739,"column":13}},{"start":{"line":739,"column":18},"end":{"line":739,"column":52}},{"start":{"line":739,"column":56},"end":{"line":739,"column":97}}],"line":739},"82":{"loc":{"start":{"line":754,"column":4},"end":{"line":756,"column":5}},"type":"if","locations":[{"start":{"line":754,"column":4},"end":{"line":756,"column":5}},{"start":{},"end":{}}],"line":754},"83":{"loc":{"start":{"line":754,"column":8},"end":{"line":754,"column":40}},"type":"binary-expr","locations":[{"start":{"line":754,"column":8},"end":{"line":754,"column":13}},{"start":{"line":754,"column":17},"end":{"line":754,"column":40}}],"line":754},"84":{"loc":{"start":{"line":759,"column":31},"end":{"line":759,"column":100}},"type":"cond-expr","locations":[{"start":{"line":759,"column":59},"end":{"line":759,"column":88}},{"start":{"line":759,"column":91},"end":{"line":759,"column":100}}],"line":759},"85":{"loc":{"start":{"line":768,"column":4},"end":{"line":770,"column":5}},"type":"if","locations":[{"start":{"line":768,"column":4},"end":{"line":770,"column":5}},{"start":{},"end":{}}],"line":768},"86":{"loc":{"start":{"line":775,"column":4},"end":{"line":777,"column":5}},"type":"if","locations":[{"start":{"line":775,"column":4},"end":{"line":777,"column":5}},{"start":{},"end":{}}],"line":775},"87":{"loc":{"start":{"line":775,"column":8},"end":{"line":775,"column":98}},"type":"binary-expr","locations":[{"start":{"line":775,"column":8},"end":{"line":775,"column":13}},{"start":{"line":775,"column":18},"end":{"line":775,"column":52}},{"start":{"line":775,"column":56},"end":{"line":775,"column":97}}],"line":775},"88":{"loc":{"start":{"line":790,"column":4},"end":{"line":792,"column":5}},"type":"if","locations":[{"start":{"line":790,"column":4},"end":{"line":792,"column":5}},{"start":{},"end":{}}],"line":790},"89":{"loc":{"start":{"line":846,"column":4},"end":{"line":848,"column":5}},"type":"if","locations":[{"start":{"line":846,"column":4},"end":{"line":848,"column":5}},{"start":{},"end":{}}],"line":846},"90":{"loc":{"start":{"line":846,"column":8},"end":{"line":846,"column":48}},"type":"binary-expr","locations":[{"start":{"line":846,"column":8},"end":{"line":846,"column":24}},{"start":{"line":846,"column":28},"end":{"line":846,"column":48}}],"line":846},"91":{"loc":{"start":{"line":874,"column":9},"end":{"line":874,"column":59}},"type":"binary-expr","locations":[{"start":{"line":874,"column":9},"end":{"line":874,"column":54}},{"start":{"line":874,"column":58},"end":{"line":874,"column":59}}],"line":874},"92":{"loc":{"start":{"line":898,"column":4},"end":{"line":900,"column":5}},"type":"if","locations":[{"start":{"line":898,"column":4},"end":{"line":900,"column":5}},{"start":{},"end":{}}],"line":898},"93":{"loc":{"start":{"line":905,"column":4},"end":{"line":907,"column":5}},"type":"if","locations":[{"start":{"line":905,"column":4},"end":{"line":907,"column":5}},{"start":{},"end":{}}],"line":905},"94":{"loc":{"start":{"line":924,"column":4},"end":{"line":926,"column":5}},"type":"if","locations":[{"start":{"line":924,"column":4},"end":{"line":926,"column":5}},{"start":{},"end":{}}],"line":924},"95":{"loc":{"start":{"line":932,"column":4},"end":{"line":934,"column":5}},"type":"if","locations":[{"start":{"line":932,"column":4},"end":{"line":934,"column":5}},{"start":{},"end":{}}],"line":932},"96":{"loc":{"start":{"line":942,"column":4},"end":{"line":944,"column":5}},"type":"if","locations":[{"start":{"line":942,"column":4},"end":{"line":944,"column":5}},{"start":{},"end":{}}],"line":942},"97":{"loc":{"start":{"line":972,"column":4},"end":{"line":974,"column":5}},"type":"if","locations":[{"start":{"line":972,"column":4},"end":{"line":974,"column":5}},{"start":{},"end":{}}],"line":972},"98":{"loc":{"start":{"line":987,"column":100},"end":{"line":987,"column":129}},"type":"cond-expr","locations":[{"start":{"line":987,"column":110},"end":{"line":987,"column":114}},{"start":{"line":987,"column":117},"end":{"line":987,"column":129}}],"line":987},"99":{"loc":{"start":{"line":1019,"column":4},"end":{"line":1021,"column":5}},"type":"if","locations":[{"start":{"line":1019,"column":4},"end":{"line":1021,"column":5}},{"start":{},"end":{}}],"line":1019},"100":{"loc":{"start":{"line":1034,"column":100},"end":{"line":1034,"column":129}},"type":"cond-expr","locations":[{"start":{"line":1034,"column":110},"end":{"line":1034,"column":114}},{"start":{"line":1034,"column":117},"end":{"line":1034,"column":129}}],"line":1034}},"s":{"0":1,"1":1,"2":1,"3":1,"4":1,"5":1,"6":1,"7":1,"8":1,"9":1,"10":1,"11":1,"12":0,"13":0,"14":0,"15":0,"16":0,"17":0,"18":0,"19":1,"20":1,"21":1,"22":1,"23":1,"24":1,"25":0,"26":0,"27":1,"28":1,"29":1,"30":1,"31":1,"32":0,"33":0,"34":0,"35":0,"36":1,"37":0,"38":0,"39":0,"40":1,"41":1,"42":1,"43":0,"44":0,"45":0,"46":0,"47":0,"48":0,"49":0,"50":0,"51":0,"52":0,"53":0,"54":0,"55":0,"56":0,"57":0,"58":0,"59":0,"60":0,"61":0,"62":0,"63":0,"64":0,"65":0,"66":0,"67":0,"68":0,"69":0,"70":0,"71":0,"72":0,"73":0,"74":0,"75":0,"76":0,"77":0,"78":0,"79":0,"80":0,"81":0,"82":0,"83":0,"84":0,"85":0,"86":0,"87":0,"88":0,"89":0,"90":0,"91":0,"92":0,"93":0,"94":0,"95":0,"96":0,"97":0,"98":0,"99":0,"100":0,"101":0,"102":0,"103":0,"104":0,"105":0,"106":0,"107":0,"108":1,"109":0,"110":0,"111":0,"112":0,"113":0,"114":0,"115":0,"116":0,"117":0,"118":0,"119":0,"120":0,"121":0,"122":0,"123":0,"124":0,"125":0,"126":0,"127":1,"128":0,"129":0,"130":0,"131":0,"132":0,"133":1,"134":0,"135":0,"136":0,"137":0,"138":0,"139":0,"140":0,"141":0,"142":0,"143":0,"144":0,"145":0,"146":0,"147":0,"148":0,"149":0,"150":0,"151":0,"152":0,"153":0,"154":0,"155":0,"156":0,"157":1,"158":0,"159":0,"160":0,"161":0,"162":0,"163":0,"164":0,"165":1,"166":0,"167":0,"168":0,"169":0,"170":0,"171":0,"172":0,"173":0,"174":1,"175":0,"176":0,"177":0,"178":0,"179":0,"180":0,"181":0,"182":0,"183":0,"184":1,"185":0,"186":0,"187":0,"188":0,"189":0,"190":0,"191":0,"192":0,"193":0,"194":0,"195":0,"196":1,"197":0,"198":0,"199":0,"200":0,"201":0,"202":0,"203":0,"204":0,"205":0,"206":0,"207":0,"208":0,"209":0,"210":0,"211":0,"212":0,"213":0,"214":0,"215":0,"216":0,"217":0,"218":0,"219":1,"220":0,"221":0,"222":0,"223":0,"224":0,"225":0,"226":0,"227":0,"228":0,"229":0,"230":0,"231":0,"232":0,"233":1,"234":0,"235":0,"236":0,"237":0,"238":0,"239":0,"240":0,"241":0,"242":0,"243":0,"244":0,"245":0,"246":0,"247":0,"248":0,"249":0,"250":0,"251":1,"252":0,"253":0,"254":0,"255":0,"256":0,"257":1,"258":0,"259":0,"260":0,"261":0,"262":0,"263":0,"264":0,"265":0,"266":0,"267":0,"268":0,"269":0,"270":0,"271":1,"272":0,"273":0,"274":0,"275":0,"276":0,"277":0,"278":0,"279":0,"280":0,"281":0,"282":0,"283":0,"284":0,"285":0,"286":0,"287":0,"288":1,"289":0,"290":0,"291":0,"292":0,"293":0,"294":0,"295":0,"296":0,"297":1,"298":0,"299":0,"300":0,"301":0,"302":0,"303":1,"304":0,"305":0,"306":0,"307":0,"308":0,"309":0,"310":0,"311":0,"312":1,"313":0,"314":0,"315":0,"316":0,"317":1,"318":0,"319":0,"320":0,"321":0,"322":0,"323":0,"324":1,"325":0,"326":0,"327":0,"328":0,"329":0,"330":0,"331":0,"332":0,"333":0,"334":0,"335":0,"336":0,"337":1,"338":0,"339":0,"340":0,"341":0,"342":0,"343":0,"344":0,"345":0,"346":0,"347":0,"348":0,"349":0,"350":0,"351":0,"352":0,"353":0,"354":0,"355":0,"356":0,"357":1,"358":0,"359":0,"360":0,"361":0,"362":0,"363":0,"364":0,"365":0,"366":0,"367":0,"368":0,"369":0,"370":0,"371":0,"372":0,"373":0,"374":0,"375":0,"376":0,"377":0,"378":0,"379":0,"380":0,"381":0,"382":0,"383":0,"384":0,"385":1,"386":0,"387":0,"388":0,"389":0,"390":0,"391":0,"392":0,"393":0,"394":0,"395":0,"396":0,"397":0,"398":0,"399":0,"400":0,"401":0,"402":0,"403":0,"404":0,"405":0,"406":0,"407":0,"408":0,"409":0,"410":0,"411":0,"412":0,"413":1,"414":0,"415":0,"416":0,"417":0,"418":0,"419":0,"420":0,"421":1,"422":0,"423":0,"424":0,"425":0,"426":0,"427":1,"428":0,"429":0,"430":0,"431":0,"432":0,"433":1,"434":0,"435":0,"436":0,"437":0,"438":0,"439":1,"440":0,"441":0,"442":0,"443":0,"444":0,"445":1,"446":1,"447":1},"f":{"0":0,"1":1,"2":1,"3":0,"4":0,"5":0,"6":0,"7":1,"8":0,"9":0,"10":0,"11":0,"12":0,"13":0,"14":0,"15":0,"16":0,"17":0,"18":0,"19":0,"20":0,"21":0,"22":0,"23":0,"24":0,"25":0,"26":0,"27":0,"28":0,"29":0,"30":0,"31":0,"32":0,"33":0,"34":0,"35":0,"36":0,"37":0,"38":0,"39":0,"40":0,"41":0,"42":0,"43":0,"44":0,"45":0,"46":0,"47":0,"48":0,"49":0,"50":0,"51":0,"52":0,"53":0,"54":0,"55":0,"56":0,"57":0,"58":0},"b":{"0":[0,0],"1":[0,0],"2":[0,0],"3":[0,0],"4":[0,0],"5":[0,0],"6":[0],"7":[0,0],"8":[0,0],"9":[0,0],"10":[0,0],"11":[0,0],"12":[0,0],"13":[0,0],"14":[0,0],"15":[0,0],"16":[0,0],"17":[0,0],"18":[0,0],"19":[0,0],"20":[0,0],"21":[0,0],"22":[0,0],"23":[0,0],"24":[0,0],"25":[0,0],"26":[0,0],"27":[0,0],"28":[0,0],"29":[0,0],"30":[0,0],"31":[0,0],"32":[0,0],"33":[0,0],"34":[0,0],"35":[0,0],"36":[0,0],"37":[0,0],"38":[0,0],"39":[0,0],"40":[0,0],"41":[0],"42":[0],"43":[0],"44":[0],"45":[0,0],"46":[0,0],"47":[0,0],"48":[0,0],"49":[0,0],"50":[0,0,0],"51":[0,0,0,0],"52":[0,0],"53":[0,0],"54":[0,0],"55":[0,0],"56":[0,0],"57":[0,0,0],"58":[0,0],"59":[0,0],"60":[0,0],"61":[0,0,0],"62":[0,0],"63":[0,0,0],"64":[0,0],"65":[0,0,0],"66":[0,0],"67":[0,0],"68":[0,0],"69":[0,0],"70":[0,0],"71":[0,0],"72":[0,0],"73":[0,0],"74":[0,0],"75":[0,0],"76":[0,0],"77":[0,0],"78":[0,0],"79":[0,0],"80":[0,0],"81":[0,0,0],"82":[0,0],"83":[0,0],"84":[0,0],"85":[0,0],"86":[0,0],"87":[0,0,0],"88":[0,0],"89":[0,0],"90":[0,0],"91":[0,0],"92":[0,0],"93":[0,0],"94":[0,0],"95":[0,0],"96":[0,0],"97":[0,0],"98":[0,0],"99":[0,0],"100":[0,0]},"_coverageSchema":"1a1c01bbd47fc00a2c39e90264f33305004495a9","hash":"96e505cd47b9fe1b9075ede39ee18b9f50cb98f1"}
,"/home/onuralp/project/UHAWebSitesi/server/services/config.js": {"path":"/home/onuralp/project/UHAWebSitesi/server/services/config.js","statementMap":{"0":{"start":{"line":7,"column":13},"end":{"line":7,"column":28}},"1":{"start":{"line":8,"column":11},"end":{"line":8,"column":24}},"2":{"start":{"line":9,"column":16},"end":{"line":9,"column":45}},"3":{"start":{"line":14,"column":4},"end":{"line":14,"column":53}},"4":{"start":{"line":17,"column":4},"end":{"line":29,"column":6}},"5":{"start":{"line":32,"column":4},"end":{"line":38,"column":6}},"6":{"start":{"line":41,"column":4},"end":{"line":45,"column":6}},"7":{"start":{"line":48,"column":4},"end":{"line":50,"column":6}},"8":{"start":{"line":53,"column":4},"end":{"line":53,"column":27}},"9":{"start":{"line":56,"column":4},"end":{"line":56,"column":34}},"10":{"start":{"line":63,"column":4},"end":{"line":63,"column":28}},"11":{"start":{"line":63,"column":18},"end":{"line":63,"column":28}},"12":{"start":{"line":64,"column":20},"end":{"line":64,"column":53}},"13":{"start":{"line":65,"column":4},"end":{"line":65,"column":40}},"14":{"start":{"line":72,"column":4},"end":{"line":72,"column":30}},"15":{"start":{"line":79,"column":4},"end":{"line":79,"column":28}},"16":{"start":{"line":86,"column":4},"end":{"line":86,"column":32}},"17":{"start":{"line":93,"column":4},"end":{"line":93,"column":29}},"18":{"start":{"line":100,"column":4},"end":{"line":100,"column":29}},"19":{"start":{"line":108,"column":4},"end":{"line":111,"column":5}},"20":{"start":{"line":110,"column":6},"end":{"line":110,"column":52}},"21":{"start":{"line":114,"column":17},"end":{"line":114,"column":67}},"22":{"start":{"line":115,"column":21},"end":{"line":115,"column":46}},"23":{"start":{"line":117,"column":4},"end":{"line":119,"column":5}},"24":{"start":{"line":118,"column":6},"end":{"line":118,"column":45}},"25":{"start":{"line":122,"column":19},"end":{"line":122,"column":25}},"26":{"start":{"line":123,"column":4},"end":{"line":129,"column":5}},"27":{"start":{"line":124,"column":6},"end":{"line":124,"column":25}
[...]
2":0,"23":0,"24":0,"25":0,"26":0,"27":0,"28":1,"29":1,"30":1,"31":1,"32":1,"33":1,"34":1,"35":1,"36":1,"37":0,"38":0,"39":0,"40":0,"41":0,"42":0,"43":0,"44":0,"45":0,"46":0,"47":0,"48":0,"49":0,"50":0,"51":0,"52":0,"53":0,"54":1,"55":1,"56":1,"57":9,"58":1,"59":0,"60":0,"61":0,"62":0,"63":1,"64":1,"65":1,"66":1,"67":0,"68":0,"69":0,"70":0,"71":0,"72":0,"73":0,"74":0,"75":0,"76":1,"77":1,"78":1,"79":1,"80":1,"81":0,"82":0,"83":0,"84":0,"85":0,"86":0,"87":0,"88":0,"89":0,"90":0,"91":0,"92":0,"93":0,"94":0,"95":0,"96":0,"97":0,"98":0,"99":0,"100":0,"101":0,"102":0,"103":0,"104":0,"105":0,"106":0,"107":0,"108":0,"109":0,"110":0,"111":0,"112":0,"113":0,"114":0,"115":0,"116":0,"117":0,"118":0,"119":0,"120":0,"121":0,"122":0,"123":0,"124":0,"125":0,"126":0,"127":0,"128":0,"129":0,"130":0,"131":0,"132":0,"133":0,"134":0,"135":0,"136":0,"137":0,"138":0,"139":0,"140":0,"141":0,"142":0,"143":0,"144":0,"145":0,"146":0,"147":0,"148":0,"149":0,"150":0,"151":0,"152":0,"153":0,"154":0,"155":0,"156":0,"157":0,"158":0,"159":0,"160":0,"161":0,"162":0,"163":0,"164":0,"165":0,"166":0,"167":0,"168":0,"169":0,"170":0,"171":0,"172":0,"173":0,"174":0,"175":0,"176":0,"177":0,"178":0,"179":0,"180":0,"181":0,"182":0,"183":0,"184":0,"185":0,"186":0,"187":0,"188":0,"189":0,"190":0,"191":0,"192":0,"193":0,"194":0,"195":0,"196":0,"197":0,"198":0,"199":0,"200":0,"201":0,"202":0,"203":0,"204":0,"205":0,"206":0,"207":0,"208":0,"209":0,"210":0,"211":0,"212":0,"213":0,"214":0,"215":0,"216":0,"217":0,"218":0,"219":0,"220":0,"221":0,"222":0,"223":0,"224":0,"225":0,"226":0,"227":0,"228":0,"229":0,"230":0,"231":0,"232":0,"233":0,"234":0,"235":0,"236":0,"237":0,"238":0,"239":0,"240":0,"241":0,"242":0,"243":0,"244":0,"245":0,"246":0,"247":0,"248":0,"249":0,"250":0,"251":0,"252":0,"253":0,"254":0,"255":0,"256":0,"257":0,"258":0,"259":0,"260":0,"261":0,"262":0,"263":0,"264":0,"265":0,"266":0,"267":0,"268":0,"269":0,"270":0,"271":0,"272":0,"273":0,"274":0,"275":0,"276":0,"277":0,"278":0,"279":0,"280":0,"281":0,"282":0,"283":0,"284":0,"285":0,"286":0,"287":0,"288":0,"289":0,"290":0,"291":0,"292":0,"293":0,"294":0,"295":0,"296":0,"297":0,"298":0,"299":0,"300":0,"301":0,"302":0,"303":0,"304":0,"305":0,"306":0,"307":0,"308":0,"309":0,"310":0,"311":0,"312":0,"313":0,"314":0,"315":0,"316":0,"317":0,"318":0,"319":0,"320":0,"321":0,"322":0,"323":0,"324":0,"325":0,"326":0,"327":0,"328":0,"329":0,"330":0,"331":0,"332":0,"333":0,"334":0,"335":0,"336":0,"337":0,"338":0,"339":0,"340":0,"341":0,"342":0,"343":0,"344":0,"345":0,"346":0,"347":0,"348":0,"349":0,"350":0,"351":0,"352":0,"353":0,"354":0,"355":0,"356":0,"357":0,"358":0,"359":0,"360":0,"361":0,"362":0,"363":0,"364":0,"365":0,"366":0,"367":0,"368":0,"369":0,"370":0,"371":0,"372":0,"373":0,"374":0,"375":0,"376":0,"377":1,"378":1,"379":1,"380":19,"381":1,"382":0,"383":0,"384":0,"385":0,"386":1},"f":{"0":1,"1":1,"2":0,"3":0,"4":1,"5":9,"6":1,"7":0,"8":0,"9":1,"10":0,"11":0,"12":0,"13":0,"14":0,"15":0,"16":0,"17":0,"18":0,"19":0,"20":0,"21":0,"22":0,"23":0,"24":0,"25":0,"26":0,"27":0,"28":0,"29":0,"30":0,"31":0,"32":0,"33":0,"34":0,"35":0,"36":0,"37":0,"38":0,"39":0,"40":0,"41":0,"42":0,"43":0,"44":0,"45":0,"46":0,"47":0,"48":0,"49":0,"50":0,"51":0,"52":0,"53":0,"54":0,"55":0,"56":0,"57":0,"58":0,"59":0,"60":0,"61":0,"62":0,"63":0,"64":1,"65":19},"b":{"0":[0],"1":[1,0],"2":[0,0],"3":[0,0],"4":[0,0],"5":[0,0],"6":[0,0],"7":[0,0],"8":[0,0],"9":[0,0,0],"10":[0,1],"11":[1,0],"12":[1,1],"13":[0,0],"14":[0,0],"15":[0,0],"16":[0,0],"17":[0,0],"18":[0,0],"19":[0,0],"20":[0,0],"21":[0,0],"22":[0,0],"23":[0,0],"24":[0],"25":[1,0],"26":[1,1],"27":[0,0],"28":[0,0],"29":[0],"30":[0,0],"31":[0,0],"32":[0,0],"33":[0,0],"34":[0,0],"35":[0,0],"36":[0],"37":[0,0],"38":[0,0],"39":[0],"40":[0,0],"41":[0,0],"42":[0,0],"43":[0,0],"44":[0,0],"45":[0,0],"46":[0,0],"47":[0,0],"48":[0,0,0],"49":[0,0],"50":[0,0],"51":[0,0],"52":[0,0,0],"53":[0,0,0],"54":[0,0],"55":[0,0,0],"56":[0,0,0],"57":[0,0],"58":[0,0],"59":[0,0],"60":[0,0],"61":[0,0],"62":[0,0],"63":[0,0],"64":[0,0],"65":[0,0,0],"66":[0,0,0],"67":[0,0,0],"68":[0,0,0],"69":[0,0,0],"70":[0,0],"71":[0,0,0],"72":[0,0,0],"73":[0,0,0],"74":[0,0,0],"75":[0,0],"76":[0,0],"77":[0,0],"78":[0,0],"79":[0,0],"80":[0,0],"81":[0,0],"82":[0,0],"83":[0,0],"84":[0,0],"85":[0,0,0],"86":[0,0],"87":[0,0],"88":[0,0],"89":[0,0],"90":[0,0],"91":[0,0],"92":[0,0],"93":[0,0],"94":[0,0],"95":[0,0],"96":[0,0],"97":[0,0,0],"98":[0],"99":[0],"100":[0],"101":[0],"102":[0],"103":[0],"104":[0],"105":[0],"106":[0,0],"107":[0,0],"108":[0,0],"109":[0,0],"110":[0,0],"111":[0,0],"112":[0],"113":[0,0],"114":[0,0,0],"115":[0,0],"116":[0,0],"117":[0],"118":[0],"119":[0,0],"120":[0,0],"121":[0,0],"122":[0,0],"123":[0,0],"124":[0,0],"125":[0,0],"126":[0,0],"127":[0,0],"128":[0,0],"129":[0,0],"130":[0,0],"131":[0,0],"132":[0,0],"133":[0,0],"134":[0,0],"135":[0,0],"136":[0,0],"137":[0,0],"138":[0,0],"139":[0,0],"140":[0,0],"141":[0,0],"142":[0,0],"143":[0,0],"144":[0,0],"145":[0,0],"146":[0,0,0,0],"147":[0,0],"148":[0,0,0],"149":[0,0],"150":[0,0],"151":[0,0],"152":[0,0],"153":[0,0],"154":[0,0],"155":[0,0,0],"156":[0,0],"157":[0,0],"158":[0,0],"159":[0,0],"160":[0,0],"161":[0,0,0],"162":[0,0],"163":[0,0],"164":[0,0],"165":[0,0,0],"166":[0,0,0],"167":[0,0,0],"168":[0,0],"169":[0,0,0],"170":[0,0,0],"171":[0,0],"172":[0,0],"173":[0,0],"174":[0,0],"175":[0,0],"176":[0,0],"177":[0,0],"178":[0,0],"179":[0,0,0],"180":[0,0,0],"181":[0,0,0],"182":[0,0,0],"183":[0,0,0],"184":[0,0],"185":[0,0],"186":[0,0],"187":[0,0],"188":[0,0],"189":[0,0],"190":[0,0],"191":[0,0],"192":[0,0],"193":[0,0],"194":[0,0],"195":[0,0],"196":[0,0],"197":[0,0],"198":[0,0],"199":[0,0],"200":[0,0],"201":[0,0],"202":[0,0],"203":[0,0],"204":[0,0],"205":[0,0],"206":[0,0],"207":[0,0],"208":[0,0],"209":[0,0],"210":[0,0],"211":[0,0],"212":[0,0],"213":[0,0],"214":[0,0],"215":[0,0],"216":[0,0],"217":[0,0],"218":[0,0],"219":[0,0],"220":[0,0],"221":[0,0],"222":[0,0],"223":[0,0],"224":[0,0],"225":[0,0],"226":[0,0],"227":[0,0],"228":[0,0],"229":[0,0],"230":[0,0],"231":[0,0],"232":[0,0],"233":[0,1]},"_coverageSchema":"1a1c01bbd47fc00a2c39e90264f33305004495a9","hash":"5315efbc92f7bae29b7e574c062374844537a35d"}
,"/home/onuralp/project/UHAWebSitesi/server/services/url-slug.js": {"path":"/home/onuralp/project/UHAWebSitesi/server/services/url-slug.js","statementMap":{"0":{"start":{"line":1,"column":11},"end":{"line":1,"column":24}},"1":{"start":{"line":2,"column":19},"end":{"line":2,"column":41}},"2":{"start":{"line":3,"column":13},"end":{"line":3,"column":28}},"3":{"start":{"line":4,"column":16},"end":{"line":4,"column":34}},"4":{"start":{"line":5,"column":18},"end":{"line":5,"column":39}},"5":{"start":{"line":9,"column":4},"end":{"line":9,"column":49}},"6":{"start":{"line":10,"column":4},"end":{"line":10,"column":74}},"7":{"start":{"line":11,"column":4},"end":{"line":11,"column":29}},"8":{"start":{"line":12,"column":4},"end":{"line":12,"column":25}},"9":{"start":{"line":19,"column":4},"end":{"line":32,"column":5}},"10":{"start":{"line":20,"column":6},"end":{"line":28,"column":7}},"11":{"start":{"line":21,"column":21},"end":{"line":21,"column":64}},"12":{"start":{"line":22,"column":22},"end":{"line":22,"column":38}},"13":{"start":{"line":23,"column":8},"end":{"line":23,"column":54}},"14":{"start":{"line":24,"column":8},"end":{"line":24,"column":79}},"15":{"start":{"line":26,"column":8},"end":{"line":26,"column":71}},"16":{"start":{"line":27,"column":8},"end":{"line":27,"column":33}},"17":{"start":{"line":30,"column":6},"end":{"line":30,"column":81}},"18":{"start":{"line":31,"column":6},"end":{"line":31,"column":31}},"19":{"start":{"line":39,"column":4},"end":{"line":48,"column":5}},"20":{"start":{"line":40,"column":23},"end":{"line":40,"column":55}},"21":{"start":{"line":41,"column":6},"end":{"line":41,"column":60}},"22":{"start":{"line":43,"column":20},"end":{"line":43,"column":52}},"23":{"start":{"line":44,"column":6},"end":{"line":44,"column":85}},"24":{"start":{"line":45,"column":6},"end":{"line":45,"column":74}},"25":{"start":{"line":47,"column":6},"end":{"line":47,"column":57}},"26":{"start":{"line":55,"column":4},"end":{"line":55,"column":26}},"27":{"start":{"line":55,"column":16},"end":{"line":55,"column":26}},"28":{"start":{"line":58,"column":23},"end":{"line":61,"column":5}},"29":{"start":{"line":63,"column":15},"end":{"line":63,"column":20}},"30":{"start":{"line":66,"column":4},"end":{"line":68,"column":7}},"31":{"start":{"line":67,"column":6},"end":{"line":67,"column":51}},"32":{"start":{"line":71,"column":4},"end":{"line":75,"column":7}},"33":{"start":{"line":78,"column":4},"end":{"line":82,"column":5}},"34":{"start":{"line":79,"column":6},"end":{"line":79,"column":35}},"35":{"start":{"line":81,"column":6},"end":{"line":81,"column":36}},"36":{"start":{"line":84,"column":4},"end":{"line":84,"column":16}},"37":{"start":{"line":94,"column":4},"end":{"line":94,"column":28}},"38":{"start":{"line":94,"column":18},"end":{"line":94,"column":28}},"39":{"start":{"line":96,"column":4},"end":{"line":106,"column":5}},"40":{"start":{"line":98,"column":20},"end":{"line":98,"column":47}},"41":{"start":{"line":102,"column":6},"end":{"line":102,"column":40}},"42":{"start":{"line":105,"column":6},"end":{"line":105,"column":40}},"43":{"start":{"line":113,"column":21},"end":{"line":113,"column":40}},"44":{"start":{"line":114,"column":15},"end":{"line":114,"column":39}},"45":{"start":{"line":116,"column":4},"end":{"line":118,"column":5}},"46":{"start":{"line":117,"column":6},"end":{"line":117,"column":18}},"47":{"start":{"line":121,"column":4},"end":{"line":125,"column":5}},"48":{"start":{"line":122,"column":6},"end":{"line":122,"column":41}},"49":{"start":{"line":123,"column":6},"end":{"line":123,"column":37}},"50":{"start":{"line":124,"column":6},"end":{"line":124,"column":18}},"51":{"start":{"line":128,"column":4},"end":{"line":128,"column":36}},"52":{"start":{"line":131,"column":4},"end":{"line":131,"column":56}},"53":{"start":{"line":134,"column":4},"end":{"line":134,"column":38}},"54":{"start":{"line":135,"column":4},"end":{"line":135,"column":35}},"55":{"start":{"line":138,"column":4},"end":{"line":138,"column":31}},"56":{"start":{"line":140,"column":4},"end":{"line":140,"column":16}},"57":{"start":{"line":147,"column":15},"end":{"line":147,"column":23}},"58":{"start":{"line":148,"column":18},"end":{"line":148,"column":19}},"59":{"start":{"line":150,"column":4},"end":{"line":159,"column":5}},"60":{"start":{"line":151,"column":25},"end":{"line":151,"column":47}},"61":{"start":{"line":153,"column":6},"end":{"line":155,"column":7}},"62":{"start":{"line":154,"column":8},"end":{"line":154,"column":20}},"63":{"start":{"line":157,"column":6},"end":{"line":157,"column":38}},"64":{"start":{"line":158,"column":6},"end":{"line":158,"column":16}},"65":{"start":{"line":166,"column":4},"end":{"line":170,"column":5}},"66":{"start":{"line":167,"column":6},"end":{"line":169,"column":7}},"67":{"start":{"line":168,"column":8},"end":{"line":168,"column":18}},"68":{"start":{"line":171,"column":4},"end":{"line":171,"column":16}},"69":{"start":{"line":178,"column":4},"end":{"line":178,"column":47}},"70":{"start":{"line":185,"column":20},"end":{"line":185,"column":69}},"71":{"start":{"line":188,"column":4},"end":{"line":188,"column":41}},"72":{"start":{"line":189,"column":4},"end":{"line":189,"column":49}},"73":{"start":{"line":192,"column":4},"end":{"line":192,"column":31}},"74":{"start":{"line":194,"column":4},"end":{"line":194,"column":19}},"75":{"start":{"line":201,"column":4},"end":{"line":201,"column":35}},"76":{"start":{"line":202,"column":4},"end":{"line":202,"column":40}},"77":{"start":{"line":203,"column":4},"end":{"line":203,"column":31}},"78":{"start":{"line":210,"column":4},"end":{"line":214,"column":8}},"79":{"start":{"line":210,"column":67},"end":{"line":214,"column":5}},"80":{"start":{"line":221,"column":18},"end":{"line":221,"column":19}},"81":{"start":{"line":223,"column":4},"end":{"line":233,"column":5}},"82":{"start":{"line":224,"column":6},"end":{"line":232,"column":7}},"83":{"start":{"line":225,"column":29},"end":{"line":225,"column":57}},"84":{"start":{"line":226,"column":24},"end":{"line":226,"column":56}},"85":{"start":{"line":228,"column":8},"end":{"line":231,"column":9}},"86":{"start":{"line":229,"column":10},"end":{"line":229,"column":66}},"87":{"start":{"line":230,"column":10},"end":{"line":230,"column":20}},"88":{"start":{"line":235,"column":4},"end":{"line":238,"column":5}},"89":{"start":{"line":236,"column":6},"end":{"line":236,"column":33}},"90":{"start":{"line":237,"column":6},"end":{"line":237,"column":57}},"91":{"start":{"line":240,"column":4},"end":{"line":240,"column":19}},"92":{"start":{"line":247,"column":17},"end":{"line":247,"column":37}},"93":{"start":{"line":248,"column":0},"end":{"line":248,"column":26}}},"fnMap":{"0":{"name":"(anonymous_0)","decl":{"start":{"line":8,"column":2},"end":{"line":8,"column":3}},"loc":{"start":{"line":8,"column":16},"end":{"line":13,"column":3}},"line":8},"1":{"name":"(anonymous_1)","decl":{"start":{"line":18,"column":2},"end":{"line":18,"column":3}},"loc":{"start":{"line":18,"column":18},"end":{"line":33,"column":3}},"line":18},"2":{"name":"(anonymous_2)","decl":{"start":{"line":38,"column":2},"end":{"line":38,"column":3}},"loc":{"start":{"line":38,"column":24},"end":{"line":49,"column":3}},"line":38},"3":{"name":"(anonymous_3)","decl":{"start":{"line":54,"column":2},"end":{"line":54,"column":3}},"loc":{"start":{"line":54,"column":22},"end":{"line":85,"column":3}},"line":54},"4":{"name":"(anonymous_4)","decl":{"start":{"line":66,"column":39},"end":{"line":66,"column":40}},"loc":{"start":{"line":66,"column":53},"end":{"line":68,"column":5}},"line":66},"5":{"name":"(anonymous_5)","decl":{"start":{"line":93,"column":2},"end":{"line":93,"column":3}},"loc":{"start":{"line":93,"column":32},"end":{"line":107,"column":3}},"line":93},"6":{"name":"(anonymous_6)","decl":{"start":{"line":112,"column":2},"end":{"line":112,"column":3}},"loc":{"start":{"line":112,"column":44},"end":{"line":141,"column":3}},"line":112},"7":{"name":"(anonymous_7)","decl":{"start":{"line":146,"column":2},"end":{"line":146,"column":3}},"loc":{"start":{"line":146,"column":53},"end":{"line":160,"column":3}},"line":146},"8":{"name":"(anonymous_8)","decl":{"start":{"line":165,"column":2},"end":{"line":165,"column":3}},"loc":{"start":{"line":165,"column":20},"end":{"line":172,"column":3}},"line":165},"9":{"name":"(anonymous_9)","decl":{"start":{"line":177,"column":2},"end":{"line":177,"column":3}},"loc":{"start":{"line":177,"column":25},"end":{"line":179,"column":3}},"line":177},"10":{"name":"(anonymous_10)","decl":{"start":{"line":184,"column":2},"end":{"line":184,"column":3}},"loc":{"start":{"line":184,"column":40},"end":{"line":195,"column":3}},"line":184},"11":{"name":"(anonymous_11)","decl":{"start":{"line":200,"column":2},"end":{"line":200,"column":3}},"loc":{"start":{"line":200,"column":30},"end":{"line":204,"column":3}},"line":200},"12":{"name":"(anonymous_12)","decl":{"start":{"line":209,"column":2},"end":{"line":209,"column":3}},"loc":{"start":{"line":209,"column":16},"end":{"line":215,"column":3}},"line":209},"13":{"name":"(anonymous_13)","decl":{"start":{"line":210,"column":50},"end":{"line":210,"column":51}},"loc":{"start":{"line":210,"column":67},"end":{"line":214,"column":5}},"line":210},"14":{"name":"(anonymous_14)","decl":{"start":{"line":220,"column":2},"end":{"line":220,"column":3}},"loc":{"start":{"line":220,"column":35},"end":{"line":241,"column":3}},"line":220}},"branchMap":{"0":{"loc":{"start":{"line":20,"column":6},"end":{"line":28,"column":7}},"type":"if","locations":[{"start":{"line":20,"column":6},"end":{"line":28,"column":7}},{"start":{"line":25,"column":13},"end":{"line":28,"column":7}}],"line":20},"1":{"loc":{"start":{"line":55,"column":4},"end":{"line":55,"column":26}},"type":"if","locations":[{"start":{"line":55,"column":4},"end":{"line":55,"column":26}},{"start":{},"end":{}}],"line":55},"2":{"loc":{"start":{"line":78,"column":4},"end":{"line":82,"column":5}},"type":"if","locations":[{"start":{"line":78,"column":4},"end":{"line":82,"column":5}},{"start":{},"end":{}}],"line":78},"3":{"loc":{"start":{"line":94,"column":4},"end":{"line":94,"column":28}},"type":"if","locations":[{"start":{"line":94,"column":4},"end":{"line":94,"column":28}},{"start":{},"end":{}}],"line":94},"4":{"loc":{"start":{"line":116,"column":4},"end":{"line":118,"column":5}},"type":"if","locations":[{"start":{"line":116,"column":4},"end":{"line":118,"column":5}},{"start":{},"end":{}}],"line":116},"5":{"loc":{"start":{"line":121,"column":4},"end":{"line":125,"column":5}},"type":"if","locations":[{"start":{"line":121,"column":4},"end":{"line":125,"column":5}},{"start":{},"end":{}}],"line":121},"6":{"loc":{"start":{"line":146,"column":35},"end":{"line":146,"column":51}},"type":"default-arg","locations":[{"start":{"line":146,"column":47},"end":{"line":146,"column":51}}],"line":146},"7":{"loc":{"start":{"line":153,"column":6},"end":{"line":155,"column":7}},"type":"if","locations":[{"start":{"line":153,"column":6},"end":{"line":155,"column":7}},{"start":{},"end":{}}],"line":153},"8":{"loc":{"start":{"line":153,"column":10},"end":{"line":153,"column":49}},"type":"binary-expr","locations":[{"start":{"line":153,"column":10},"end":{"line":153,"column":21}},{"start":{"line":153,"column":25},"end":{"line":153,"column":49}}],"line":153},"9":{"loc":{"start":{"line":167,"column":6},"end":{"line":169,"column":7}},"type":"if","locations":[{"start":{"line":167,"column":6},"end":{"line":169,"column":7}},{"start":{},"end":{}}],"line":167},"10":{"loc":{"start":{"line":178,"column":11},"end":{"line":178,"column":46}},"type":"binary-expr","locations":[{"start":{"line":178,"column":11},"end":{"line":178,"column":38}},{"start":{"line":178,"column":42},"end":{"line":178,"column":46}}],"line":178},"11":{"loc":{"start":{"line":224,"column":6},"end":{"line":232,"column":7}},"type":"if","locations":[{"start":{"line":224,"column":6},"end":{"line":232,"column":7}},{"start":{},"end":{}}],"line":224},"12":{"loc":{"start":{"line":224,"column":10},"end":{"line":224,"column":37}},"type":"binary-expr","locations":[{"start":{"line":224,"column":10},"end":{"line":224,"column":20}},{"start":{"line":224,"column":24},"end":{"line":224,"column":37}}],"line":224},"13":{"loc":{"start":{"line":228,"column":8},"end":{"line":231,"column":9}},"type":"if","locations":[{"start":{"line":228,"column":8},"end":{"line":231,"column":9}},{"start":{},"end":{}}],"line":228},"14":{"loc":{"start":{"line":228,"column":12},"end":{"line":228,"column":53}},"type":"binary-expr","locations":[{"start":{"line":228,"column":12},"end":{"line":228,"column":25}},{"start":{"line":228,"column":29},"end":{"line":228,"column":53}}],"line":228},"15":{"loc":{"start":{"line":235,"column":4},"end":{"line":238,"column":5}},"type":"if","locations":[{"start":{"line":235,"column":4},"end":{"line":238,"column":5}},{"start":{},"end":{}}],"line":235}},"s":{"0":1,"1":1,"2":1,"3":1,"4":1,"5":1,"6":1,"7":1,"8":1,"9":1,"10":1,"11":1,"12":1,"13":1,"14":1,"15":0,"16":0,"17":0,"18":0,"19":0,"20":0,"21":0,"22":0,"23":0,"24":0,"25":0,"26":0,"27":0,"28":0,"29":0,"30":0,"31":0,"32":0,"33":0,"34":0,"35":0,"36":0,"37":0,"38":0,"39":0,"40":0,"41":0,"42":0,"43":0,"44":0,"45":0,"46":0,"47":0,"48":0,"49":0,"50":0,"51":0,"52":0,"53":0,"54":0,"55":0,"56":0,"57":0,"58":0,"59":0,"60":0,"61":0,"62":0,"63":0,"64":0,"65":0,"66":0,"67":0,"68":0,"69":0,"70":0,"71":0,"72":0,"73":0,"74":0,"75":0,"76":0,"77":0,"78":0,"79":0,"80":0,"81":0,"82":0,"83":0,"84":0,"85":0,"86":0,"87":0,"88":0,"89":0,"90":0,"91":0,"92":1,"93":1},"f":{"0":1,"1":1,"2":0,"3":0,"4":0,"5":0,"6":0,"7":0,"8":0,"9":0,"10":0,"11":0,"12":0,"13":0,"14":0},"b":{"0":[1,0],"1":[0,0],"2":[0,0],"3":[0,0],"4":[0,0],"5":[0,0],"6":[0],"7":[0,0],"8":[0,0],"9":[0,0],"10":[0,0],"11":[0,0],"12":[0,0],"13":[0,0],"14":[0,0],"15":[0,0]},"_coverageSchema":"1a1c01bbd47fc00a2c39e90264f33305004495a9","hash":"b865e03260931b261f6c50c8c61718ac1df47783"}
}
