{"/home/onuralp/project/UHAWebSitesi/workers/dha-sanitize.js": {"path":"/home/onuralp/project/UHAWebSitesi/workers/dha-sanitize.js","statementMap":{"0":{"start":{"line":12,"column":17},"end":{"line":12,"column":40}},"1":{"start":{"line":13,"column":2},"end":{"line":13,"column":36}},"2":{"start":{"line":13,"column":22},"end":{"line":13,"column":36}},"3":{"start":{"line":16,"column":25},"end":{"line":16,"column":52}},"4":{"start":{"line":17,"column":21},"end":{"line":17,"column":49}},"5":{"start":{"line":18,"column":2},"end":{"line":21,"column":3}},"6":{"start":{"line":20,"column":4},"end":{"line":20,"column":41}},"7":{"start":{"line":23,"column":18},"end":{"line":34,"column":20}},"8":{"start":{"line":25,"column":20},"end":{"line":27,"column":34}},"9":{"start":{"line":29,"column":26},"end":{"line":29,"column":54}},"10":{"start":{"line":30,"column":6},"end":{"line":30,"column":34}},"11":{"start":{"line":30,"column":24},"end":{"line":30,"column":34}},"12":{"start":{"line":32,"column":6},"end":{"line":32,"column":37}},"13":{"start":{"line":36,"column":2},"end":{"line":36,"column":26}},"14":{"start":{"line":40,"column":14},"end":{"line":40,"column":41}},"15":{"start":{"line":41,"column":15},"end":{"line":41,"column":42}},"16":{"start":{"line":42,"column":2},"end":{"line":42,"column":23}},"17":{"start":{"line":42,"column":13},"end":{"line":42,"column":23}},"18":{"start":{"line":45,"column":2},"end":{"line":47,"column":3}},"19":{"start":{"line":46,"column":4},"end":{"line":46,"column":14}},"20":{"start":{"line":50,"column":13},"end":{"line":50,"column":40}},"21":{"start":{"line":55,"column":4},"end":{"line":55,"column":129}},"22":{"start":{"line":57,"column":2},"end":{"line":59,"column":3}},"23":{"start":{"line":58,"column":4},"end":{"line":58,"column":54}},"24":{"start":{"line":62,"column":2},"end":{"line":62,"column":23}},"25":{"start":{"line":62,"column":13},"end":{"line":62,"column":23}},"26":{"start":{"line":64,"column":2},"end":{"line":64,"column":14}},"27":{"start":{"line":71,"column":2},"end":{"line":71,"column":84}},"28":{"start":{"line":75,"column":12},"end":{"line":75,"column":42}},"29":{"start":{"line":76,"column":2},"end":{"line":76,"column":23}},"30":{"start":{"line":76,"column":10},"end":{"line":76,"column":23}},"31":{"start":{"line":80,"column":2},"end":{"line":80,"column":88}},"32":{"start":{"line":85,"column":2},"end":{"line":85,"column":58}},"33":{"start":{"line":88,"column":0},"end":{"line":93,"column":2}}},"fnMap":{"0":{"name":"sanitizeDhaHtml","decl":{"start":{"line":11,"column":9},"end":{"line":11,"column":24}},"loc":{"start":{"line":11,"column":36},"end":{"line":37,"column":1}},"line":11},"1":{"name":"(anonymous_1)","decl":{"start":{"line":24,"column":9},"end":{"line":24,"column":10}},"loc":{"start":{"line":24,"column":16},"end":{"line":33,"column":5}},"line":24},"2":{"name":"sanitizeParagraphText","decl":{"start":{"line":39,"column":9},"end":{"line":39,"column":30}},"loc":{"start":{"line":39,"column":46},"end":{"line":65,"column":1}},"line":39},"3":{"name":"stripTrailingDhaToken","decl":{"start":{"line":67,"column":9},"end":{"line":67,"column":30}},"loc":{"start":{"line":67,"column":42},"end":{"line":72,"column":1}},"line":67},"4":{"name":"isStandaloneCameraByline","decl":{"start":{"line":74,"column":9},"end":{"line":74,"column":33}},"loc":{"start":{"line":74,"column":45},"end":{"line":81,"column":1}},"line":74},"5":{"name":"stripInlineTags","decl":{"start":{"line":83,"column":9},"end":{"line":83,"column":24}},"loc":{"start":{"line":83,"column":37},"end":{"line":86,"column":1}},"line":83}},"branchMap":{"0":{"loc":{"start":{"line":11,"column":25},"end":{"line":11,"column":34}},"type":"default-arg","locations":[{"start":{"line":11,"column":32},"end":{"line":11,"column":34}}],"line":11},"1":{"loc":{"start":{"line":12,"column":18},"end":{"line":12,"column":28}},"type":"binary-expr","locations":[{"start":{"line":12,"column":18},"end":{"line":12,"column":22}},{"start":{"line":12,"column":26},"end":{"line":12,"column":28}}],"line":12},"2":{"loc":{"start":{"line":13,"column":2},"end":{"line":13,"column":36}},"type":"if","locations":[{"start":{"line":13,"column":2},"end":{"line":13,"column":36}},{"start":{},"end":{}}],"line":13},"3":{"loc":{"start":{"line":18,"column":2},"end":{"line":21,"column":3}},"type":"if","locations":[{"start":{"line":18,"column":2},"end":{"line":21,"column":3}},{"start":{},"end":{}}],"line":18},"4":{"loc":{"start":{"line":30,"column":6},"end":{"line":30,"column":34}},"type":"if","locations":[{"start":{"line":30,"column":6},"end":{"line":30,"column":34}},{"start":{},"end":{}}],"line":30},"5":{"loc":{"start":{"line":39,"column":31},"end":{"line":39,"column":44}},"type":"default-arg","locations":[{"start":{"line":39,"column":42},"end":{"line":39,"column":44}}],"line":39},"6":{"loc":{"start":{"line":40,"column":15},"end":{"line":40,"column":29}},"type":"binary-expr","locations":[{"start":{"line":40,"column":15},"end":{"line":40,"column":23}},{"start":{"line":40,"column":27},"end":{"line":40,"column":29}}],"line":40},"7":{"loc":{"start":{"line":42,"column":2},"end":{"line":42,"column":23}},"type":"if","locations":[{"start":{"line":42,"column":2},"end":{"line":42,"column":23}},{"start":{},"end":{}}],"line":42},"8":{"loc":{"start":{"line":45,"column":2},"end":{"line":47,"column":3}},"type":"if","locations":[{"start":{"line":45,"column":2},"end":{"line":47,"column":3}},{"start":{},"end":{}}],"line":45},"9":{"loc":{"start":{"line":57,"column":2},"end":{"line":59,"column":3}},"type":"if","locations":[{"start":{"line":57,"column":2},"end":{"line":59,"column":3}},{"start":{},"end":{}}],"line":57},"10":{"loc":{"start":{"line":62,"column":2},"end":{"line":62,"column":23}},"type":"if","locations":[{"start":{"line":62,"column":2},"end":{"line":62,"column":23}},{"start":{},"end":{}}],"line":62},"11":{"loc":{"start":{"line":67,"column":31},"end":{"line":67,"column":40}},"type":"default-arg","locations":[{"start":{"line":67,"column":38},"end":{"line":67,"column":40}}],"line":67},"12":{"loc":{"start":{"line":71,"column":10},"end":{"line":71,"column":20}},"type":"binary-expr","locations":[{"start":{"line":71,"column":10},"end":{"line":71,"column":14}},{"start":{"line":71,"column":18},"end":{"line":71,"column":20}}],"line":71},"13":{"loc":{"start":{"line":74,"column":34},"end":{"line":74,"column":43}},"type":"default-arg","locations":[{"start":{"line":74,"column":41},"end":{"line":74,"column":43}}],"line":74},"14":{"loc":{"start":{"line":75,"column":13},"end":{"line":75,"column":23}},"type":"binary-expr","locations":[{"start":{"line":75,"column":13},"end":{"line":75,"column":17}},{"start":{"line":75,"column":21},"end":{"line":75,"column":23}}],"line":75},"15":{"loc":{"start":{"line":76,"column":2},"end":{"line":76,"column":23}},"type":"if","locations":[{"start":{"line":76,"column":2},"end":{"line":76,"column":23}},{"start":{},"end":{}}],"line":76},"16":{"loc":{"start":{"line":83,"column":25},"end":{"line":83,"column":35}},"type":"default-arg","locations":[{"start":{"line":83,"column":33},"end":{"line":83,"column":35}}],"line":83},"17":{"loc":{"start":{"line":85,"column":10},"end":{"line":85,"column":21}},"type":"binary-expr","locations":[{"start":{"line":85,"column":10},"end":{"line":85,"column":15}},{"start":{"line":85,"column":19},"end":{"line":85,"column":21}}],"line":85}},"s":{"0":1,"1":1,"2":0,"3":1,"4":1,"5":1,"6":0,"7":1,"8":3,"9":3,"10":3,"11":1,"12":2,"13":1,"14":7,"15":7,"16":7,"17":0,"18":7,"19":3,"20":4,"21":4,"22":4,"23":3,"24":4,"25":0,"26":4,"27":7,"28":7,"29":7,"30":0,"31":7,"32":7,"33":1},"f":{"0":1,"1":3,"2":7,"3":7,"4":7,"5":7},"b":{"0":[0],"1":[1,0],"2":[0,1],"3":[0,1],"4":[1,2],"5":[0],"6":[7,0],"7":[0,7],"8":[3,4],"9":[3,1],"10":[0,4],"11":[0],"12":[7,0],"13":[0],"14":[7,0],"15":[0,7],"16":[0],"17":[7,0]},"_coverageSchema":"1a1c01bbd47fc00a2c39e90264f33305004495a9","hash":"1aa5ea4905f55cb1cf94ba12065ef9c4a4cf008e"}
}
