TN:
SF:workers/dha-sanitize.js
FN:11,sanitizeDhaHtml
FN:16,(anonymous_1)
FN:29,(anonymous_2)
FN:44,sanitizeParagraphText
FN:50,(anonymous_4)
FN:84,stripTrailingDhaToken
FN:91,isStandaloneCameraByline
FN:100,stripInlineTags
FN:105,escapeRegExp
FN:109,removeExactWords
FN:117,(anonymous_10)
FNF:11
FNH:11
FNDA:3,sanitizeDhaHtml
FNDA:1,(anonymous_1)
FNDA:8,(anonymous_2)
FNDA:19,sanitizeParagraphText
FNDA:3,(anonymous_4)
FNDA:19,stripTrailingDhaToken
FNDA:19,isStandaloneCameraByline
FNDA:19,stripInlineTags
FNDA:3,escapeRegExp
FNDA:3,removeExactWords
FNDA:2,(anonymous_10)
DA:12,3
DA:13,3
DA:15,3
DA:16,1
DA:20,3
DA:21,3
DA:22,3
DA:24,0
DA:25,0
DA:28,3
DA:30,8
DA:34,8
DA:35,8
DA:37,6
DA:41,3
DA:45,19
DA:46,19
DA:47,19
DA:49,19
DA:50,3
DA:54,19
DA:55,3
DA:59,16
DA:67,16
DA:69,16
DA:70,11
DA:74,16
DA:75,3
DA:79,16
DA:81,15
DA:88,19
DA:92,19
DA:93,19
DA:97,19
DA:102,19
DA:106,3
DA:110,3
DA:111,3
DA:112,3
DA:115,3
DA:116,3
DA:117,3
DA:120,3
DA:123,1
LF:44
LH:42
BRDA:11,0,0,0
BRDA:11,1,0,2
BRDA:12,2,0,3
BRDA:12,2,1,0
BRDA:13,3,0,0
BRDA:13,3,1,3
BRDA:15,4,0,1
BRDA:15,4,1,2
BRDA:16,5,0,1
BRDA:16,5,1,1
BRDA:22,6,0,0
BRDA:22,6,1,3
BRDA:25,7,0,0
BRDA:25,7,1,0
BRDA:35,8,0,2
BRDA:35,8,1,6
BRDA:44,9,0,0
BRDA:44,10,0,11
BRDA:45,11,0,19
BRDA:45,11,1,0
BRDA:47,12,0,0
BRDA:47,12,1,19
BRDA:49,13,0,8
BRDA:49,13,1,11
BRDA:50,14,0,3
BRDA:50,14,1,3
BRDA:54,15,0,3
BRDA:54,15,1,16
BRDA:69,16,0,11
BRDA:69,16,1,5
BRDA:74,17,0,3
BRDA:74,17,1,13
BRDA:79,18,0,1
BRDA:79,18,1,15
BRDA:84,19,0,0
BRDA:88,20,0,19
BRDA:88,20,1,0
BRDA:91,21,0,0
BRDA:92,22,0,19
BRDA:92,22,1,0
BRDA:93,23,0,0
BRDA:93,23,1,19
BRDA:100,24,0,0
BRDA:102,25,0,19
BRDA:102,25,1,0
BRDA:109,26,0,0
BRDA:109,27,0,0
BRDA:110,28,0,3
BRDA:110,28,1,0
BRDA:112,29,0,0
BRDA:112,29,1,3
BRF:51
BRH:31
end_of_record
