TN:
SF:server\config\branding.js
FNF:0
FNH:0
DA:4,2
DA:5,2
DA:6,2
DA:8,2
LF:4
LH:4
BRF:0
BRH:0
end_of_record
TN:
SF:server\config\cms-tabs.js
FNF:0
FNH:0
DA:5,3
DA:18,3
LF:2
LH:2
BRF:0
BRH:0
end_of_record
TN:
SF:server\middleware\auth.js
FN:5,(anonymous_0)
FN:29,(anonymous_1)
FN:30,(anonymous_2)
FNF:3
FNH:3
FNDA:7,(anonymous_0)
FNDA:8,(anonymous_1)
FNDA:15,(anonymous_2)
DA:5,2
DA:6,7
DA:7,2
DA:11,5
DA:12,0
DA:16,5
DA:21,5
DA:22,0
DA:26,5
DA:29,2
DA:30,8
DA:32,15
DA:37,15
DA:38,8
DA:39,8
DA:41,0
DA:45,7
DA:46,3
DA:50,4
DA:51,1
DA:55,3
DA:56,3
DA:59,0
DA:65,2
LF:24
LH:20
BRDA:6,0,0,2
BRDA:6,0,1,5
BRDA:6,1,0,7
BRDA:6,1,1,7
BRDA:11,2,0,0
BRDA:11,2,1,5
BRDA:11,3,0,5
BRDA:11,3,1,3
BRDA:16,4,0,5
BRDA:16,4,1,5
BRDA:16,4,2,5
BRDA:16,4,3,0
BRDA:21,5,0,0
BRDA:21,5,1,5
BRDA:32,6,0,15
BRDA:32,6,1,12
BRDA:32,6,2,12
BRDA:32,6,3,0
BRDA:32,6,4,0
BRDA:37,7,0,8
BRDA:37,7,1,7
BRDA:37,8,0,15
BRDA:37,8,1,15
BRDA:38,9,0,8
BRDA:38,9,1,0
BRDA:45,10,0,3
BRDA:45,10,1,4
BRDA:45,11,0,7
BRDA:45,11,1,6
BRDA:50,12,0,1
BRDA:50,12,1,3
BRDA:50,13,0,4
BRDA:50,13,1,4
BRDA:55,14,0,3
BRDA:55,14,1,0
BRF:35
BRH:28
end_of_record
TN:
SF:server\routes\auth.js
FN:16,(anonymous_0)
FN:60,(anonymous_1)
FN:61,(anonymous_2)
FN:74,(anonymous_3)
FN:93,(anonymous_4)
FN:107,(anonymous_5)
FN:140,(anonymous_6)
FN:166,(anonymous_7)
FNF:8
FNH:6
FNDA:42,(anonymous_0)
FNDA:1,(anonymous_1)
FNDA:1,(anonymous_2)
FNDA:2,(anonymous_3)
FNDA:0,(anonymous_4)
FNDA:0,(anonymous_5)
FNDA:1,(anonymous_6)
FNDA:1,(anonymous_7)
DA:1,1
DA:2,1
DA:3,1
DA:4,1
DA:6,1
DA:7,1
DA:10,1
DA:11,1
DA:16,1
DA:17,42
DA:19,42
DA:20,0
DA:24,42
DA:25,5
DA:26,5
DA:27,5
DA:28,5
DA:29,5
DA:30,5
DA:32,5
DA:36,37
DA:38,37
DA:39,0
DA:40,0
DA:41,0
DA:42,0
DA:43,0
DA:44,0
DA:45,0
DA:48,0
DA:50,0
DA:54,37
DA:60,1
DA:61,1
DA:62,1
DA:63,0
DA:64,0
DA:66,1
DA:67,1
DA:74,1
DA:75,2
DA:93,1
DA:94,0
DA:95,0
DA:97,0
DA:99,0
DA:100,0
DA:107,1
DA:108,0
DA:109,0
DA:111,0
DA:112,0
DA:116,0
DA:117,0
DA:118,0
DA:121,0
DA:130,0
DA:132,0
DA:133,0
DA:140,1
DA:141,1
DA:142,1
DA:143,1
DA:146,1
DA:147,1
DA:150,0
DA:152,0
DA:153,0
DA:156,0
DA:158,0
DA:159,0
DA:166,1
DA:167,1
DA:168,1
DA:171,1
DA:172,1
DA:175,0
DA:177,0
DA:178,0
DA:181,0
DA:183,0
DA:184,0
DA:188,1
LF:83
LH:43
BRDA:10,0,0,1
BRDA:10,0,1,1
BRDA:11,1,0,1
BRDA:11,1,1,1
BRDA:19,2,0,0
BRDA:19,2,1,42
BRDA:19,3,0,42
BRDA:19,3,1,42
BRDA:24,4,0,5
BRDA:24,4,1,37
BRDA:24,5,0,42
BRDA:24,5,1,41
BRDA:38,6,0,0
BRDA:38,6,1,37
BRDA:38,7,0,37
BRDA:38,7,1,37
BRDA:44,8,0,0
BRDA:44,8,1,0
BRDA:62,9,0,0
BRDA:62,9,1,1
BRDA:111,10,0,0
BRDA:111,10,1,0
BRDA:111,11,0,0
BRDA:111,11,1,0
BRDA:117,12,0,0
BRDA:117,12,1,0
BRDA:146,13,0,1
BRDA:146,13,1,0
BRDA:152,14,0,0
BRDA:152,14,1,0
BRDA:171,15,0,1
BRDA:171,15,1,0
BRDA:177,16,0,0
BRDA:177,16,1,0
BRF:34
BRH:17
end_of_record
TN:
SF:server\routes\cms.js
FN:20,(anonymous_0)
FN:38,(anonymous_1)
FN:42,(anonymous_2)
FN:49,(anonymous_3)
FN:70,(anonymous_4)
FN:73,(anonymous_5)
FN:83,(anonymous_6)
FN:93,(anonymous_7)
FN:98,toArray
FN:105,(anonymous_9)
FN:112,toLineArray
FN:119,(anonymous_11)
FN:125,toImageArray
FN:143,(anonymous_13)
FN:153,toImageObject
FN:187,normalizeStatus
FN:193,normalizeColor
FN:205,normalizeLogoHeight
FN:217,mapArticleToSummary
FN:236,buildBrandingResponse
FN:256,formatBrandingForClient
FN:258,(anonymous_21)
FN:272,toWebPath
FN:278,removeOldBrandingAsset
FN:294,(anonymous_24)
FN:353,(anonymous_25)
FN:463,(anonymous_26)
FN:476,(anonymous_27)
FN:483,(anonymous_28)
FN:490,(anonymous_29)
FN:544,(anonymous_30)
FN:570,(anonymous_31)
FN:593,(anonymous_32)
FN:611,(anonymous_33)
FN:638,(anonymous_34)
FN:694,(anonymous_35)
FN:774,(anonymous_36)
FN:784,(anonymous_37)
FN:787,(anonymous_38)
FN:806,(anonymous_39)
FN:809,(anonymous_40)
FN:837,(anonymous_41)
FN:843,(anonymous_42)
FN:866,(anonymous_43)
FN:900,(anonymous_44)
FN:944,(anonymous_45)
FN:958,(anonymous_46)
FN:990,(anonymous_47)
FN:1026,(anonymous_48)
FN:1045,(anonymous_49)
FN:1082,(anonymous_50)
FN:1112,(anonymous_51)
FN:1114,(anonymous_52)
FN:1122,(anonymous_53)
FN:1148,(anonymous_54)
FN:1165,(anonymous_55)
FN:1174,(anonymous_56)
FN:1175,(anonymous_57)
FN:1191,(anonymous_58)
FN:1214,(anonymous_59)
FN:1241,(anonymous_60)
FN:1252,(anonymous_61)
FN:1267,(anonymous_62)
FN:1284,(anonymous_63)
FN:1304,(anonymous_64)
FN:1307,(anonymous_65)
FN:1331,(anonymous_66)
FN:1351,(anonymous_67)
FN:1354,(anonymous_68)
FN:1378,(anonymous_69)
FN:1402,(anonymous_70)
FN:1456,(anonymous_71)
FN:1477,(anonymous_72)
FN:1498,(anonymous_73)
FNF:74
FNH:31
FNDA:88,(anonymous_0)
FNDA:1,(anonymous_1)
FNDA:1,(anonymous_2)
FNDA:86,(anonymous_3)
FNDA:0,(anonymous_4)
FNDA:0,(anonymous_5)
FNDA:0,(anonymous_6)
FNDA:30,(anonymous_7)
FNDA:9,toArray
FNDA:0,(anonymous_9)
FNDA:3,toLineArray
FNDA:0,(anonymous_11)
FNDA:3,toImageArray
FNDA:0,(anonymous_13)
FNDA:3,toImageObject
FNDA:3,normalizeStatus
FNDA:0,normalizeColor
FNDA:3,normalizeLogoHeight
FNDA:2,mapArticleToSummary
FNDA:3,buildBrandingResponse
FNDA:3,formatBrandingForClient
FNDA:9,(anonymous_21)
FNDA:0,toWebPath
FNDA:0,removeOldBrandingAsset
FNDA:2,(anonymous_24)
FNDA:0,(anonymous_25)
FNDA:1,(anonymous_26)
FNDA:0,(anonymous_27)
FNDA:0,(anonymous_28)
FNDA:0,(anonymous_29)
FNDA:0,(anonymous_30)
FNDA:2,(anonymous_31)
FNDA:2,(anonymous_32)
FNDA:0,(anonymous_33)
FNDA:3,(anonymous_34)
FNDA:2,(anonymous_35)
FNDA:0,(anonymous_36)
FNDA:0,(anonymous_37)
FNDA:0,(anonymous_38)
FNDA:0,(anonymous_39)
FNDA:0,(anonymous_40)
FNDA:0,(anonymous_41)
FNDA:0,(anonymous_42)
FNDA:1,(anonymous_43)
FNDA:0,(anonymous_44)
FNDA:1,(anonymous_45)
FNDA:4,(anonymous_46)
FNDA:1,(anonymous_47)
FNDA:1,(anonymous_48)
FNDA:0,(anonymous_49)
FNDA:0,(anonymous_50)
FNDA:2,(anonymous_51)
FNDA:6,(anonymous_52)
FNDA:0,(anonymous_53)
FNDA:0,(anonymous_54)
FNDA:0,(anonymous_55)
FNDA:0,(anonymous_56)
FNDA:0,(anonymous_57)
FNDA:0,(anonymous_58)
FNDA:0,(anonymous_59)
FNDA:0,(anonymous_60)
FNDA:0,(anonymous_61)
FNDA:0,(anonymous_62)
FNDA:2,(anonymous_63)
FNDA:2,(anonymous_64)
FNDA:6,(anonymous_65)
FNDA:0,(anonymous_66)
FNDA:0,(anonymous_67)
FNDA:0,(anonymous_68)
FNDA:0,(anonymous_69)
FNDA:0,(anonymous_70)
FNDA:0,(anonymous_71)
FNDA:0,(anonymous_72)
FNDA:0,(anonymous_73)
DA:1,1
DA:2,1
DA:3,1
DA:4,1
DA:5,1
DA:6,1
DA:7,1
DA:8,1
DA:9,1
DA:14,1
DA:16,1
DA:19,1
DA:20,1
DA:21,88
DA:22,88
DA:25,0
DA:26,0
DA:31,0
DA:32,0
DA:34,0
DA:38,1
DA:39,1
DA:42,1
DA:43,1
DA:44,1
DA:48,1
DA:50,86
DA:51,86
DA:55,1
DA:57,1
DA:58,1
DA:60,1
DA:69,1
DA:71,0
DA:74,0
DA:75,0
DA:76,0
DA:80,1
DA:84,0
DA:85,0
DA:87,0
DA:93,1
DA:94,30
DA:95,30
DA:99,9
DA:100,0
DA:102,9
DA:103,0
DA:105,0
DA:107,0
DA:109,9
DA:113,3
DA:114,0
DA:116,3
DA:117,0
DA:119,0
DA:122,3
DA:126,3
DA:127,0
DA:130,3
DA:131,0
DA:132,0
DA:134,0
DA:135,0
DA:136,0
DA:137,0
DA:143,0
DA:150,3
DA:154,3
DA:155,3
DA:157,0
DA:158,0
DA:161,0
DA:162,0
DA:163,0
DA:165,0
DA:166,0
DA:167,0
DA:169,0
DA:173,0
DA:174,0
DA:175,0
DA:176,0
DA:177,0
DA:178,0
DA:181,0
DA:184,0
DA:188,3
DA:189,1
DA:190,1
DA:194,0
DA:195,0
DA:196,0
DA:197,0
DA:198,0
DA:202,0
DA:206,3
DA:207,3
DA:208,3
DA:210,0
DA:211,0
DA:212,0
DA:214,0
DA:218,2
DA:219,2
DA:229,2
DA:230,2
DA:233,2
DA:237,3
DA:250,3
DA:257,3
DA:258,3
DA:259,9
DA:260,0
DA:263,3
DA:273,0
DA:274,0
DA:275,0
DA:279,0
DA:280,0
DA:281,0
DA:282,0
DA:283,0
DA:284,0
DA:286,0
DA:294,1
DA:295,2
DA:296,2
DA:298,2
DA:305,2
DA:306,2
DA:311,2
DA:313,2
DA:314,2
DA:316,2
DA:317,2
DA:321,2
DA:322,2
DA:324,2
DA:325,0
DA:328,2
DA:334,2
DA:338,2
DA:339,2
DA:340,2
DA:341,2
DA:342,0
DA:344,2
DA:350,2
DA:351,2
DA:353,2
DA:354,2
DA:357,2
DA:365,2
DA:366,2
DA:367,0
DA:370,2
DA:379,2
DA:391,2
DA:395,2
DA:397,2
DA:398,2
DA:400,2
DA:425,2
DA:427,2
DA:439,0
DA:440,0
DA:441,0
DA:443,0
DA:444,0
DA:463,1
DA:464,1
DA:465,1
DA:466,1
DA:468,0
DA:469,0
DA:476,1
DA:477,0
DA:483,0
DA:484,0
DA:485,0
DA:486,0
DA:488,0
DA:491,0
DA:492,0
DA:493,0
DA:495,0
DA:509,0
DA:510,0
DA:511,0
DA:513,0
DA:514,0
DA:515,0
DA:518,0
DA:519,0
DA:520,0
DA:523,0
DA:524,0
DA:525,0
DA:528,0
DA:529,0
DA:531,0
DA:536,0
DA:537,0
DA:544,1
DA:545,0
DA:547,0
DA:550,0
DA:553,0
DA:559,0
DA:562,0
DA:563,0
DA:570,1
DA:571,2
DA:579,2
DA:581,2
DA:591,2
DA:593,2
DA:600,2
DA:603,0
DA:604,0
DA:611,1
DA:612,0
DA:613,0
DA:614,0
DA:616,0
DA:617,0
DA:621,0
DA:627,0
DA:630,0
DA:631,0
DA:638,1
DA:639,3
DA:640,3
DA:643,3
DA:644,1
DA:647,2
DA:649,2
DA:671,2
DA:679,0
DA:680,0
DA:683,0
DA:686,2
DA:687,2
DA:694,1
DA:695,2
DA:696,2
DA:697,2
DA:698,2
DA:700,2
DA:701,1
DA:705,1
DA:706,0
DA:709,1
DA:711,1
DA:730,1
DA:731,0
DA:735,1
DA:736,1
DA:738,1
DA:741,0
DA:745,1
DA:749,1
DA:754,1
DA:755,0
DA:759,1
DA:760,1
DA:763,1
DA:766,0
DA:767,0
DA:774,1
DA:775,0
DA:776,0
DA:777,0
DA:779,0
DA:780,0
DA:781,0
DA:784,0
DA:785,0
DA:788,0
DA:789,0
DA:794,0
DA:795,0
DA:797,0
DA:798,0
DA:801,0
DA:805,0
DA:806,0
DA:809,0
DA:810,0
DA:811,0
DA:815,0
DA:819,0
DA:820,0
DA:824,0
DA:825,0
DA:827,0
DA:828,0
DA:829,0
DA:832,0
DA:833,0
DA:834,0
DA:837,0
DA:838,0
DA:839,0
DA:840,0
DA:841,0
DA:842,0
DA:843,0
DA:844,0
DA:851,0
DA:858,0
DA:859,0
DA:866,1
DA:867,1
DA:868,1
DA:869,1
DA:871,1
DA:872,1
DA:873,0
DA:876,1
DA:879,1
DA:885,1
DA:886,0
DA:889,1
DA:892,0
DA:893,0
DA:900,1
DA:901,0
DA:902,0
DA:905,0
DA:906,0
DA:907,0
DA:912,0
DA:914,0
DA:917,0
DA:918,0
DA:919,0
DA:924,0
DA:926,0
DA:927,0
DA:931,0
DA:933,0
DA:936,0
DA:937,0
DA:944,1
DA:945,1
DA:946,1
DA:947,1
DA:950,0
DA:951,0
DA:958,1
DA:959,4
DA:960,4
DA:962,4
DA:963,1
DA:966,3
DA:967,3
DA:968,3
DA:970,3
DA:976,3
DA:979,0
DA:980,0
DA:981,0
DA:983,0
DA:990,1
DA:991,1
DA:992,1
DA:993,1
DA:995,1
DA:996,0
DA:999,1
DA:1000,1
DA:1001,1
DA:1003,1
DA:1009,1
DA:1010,0
DA:1013,1
DA:1015,0
DA:1016,0
DA:1017,0
DA:1019,0
DA:1026,1
DA:1027,1
DA:1028,1
DA:1029,1
DA:1031,1
DA:1032,0
DA:1035,1
DA:1037,0
DA:1038,0
DA:1045,1
DA:1046,0
DA:1048,0
DA:1071,0
DA:1074,0
DA:1075,0
DA:1082,1
DA:1083,0
DA:1084,0
DA:1087,0
DA:1088,0
DA:1092,0
DA:1099,0
DA:1102,0
DA:1103,0
DA:1112,1
DA:1113,2
DA:1114,6
DA:1115,2
DA:1118,1
DA:1119,1
DA:1122,1
DA:1123,0
DA:1126,0
DA:1133,0
DA:1135,0
DA:1142,0
DA:1143,0
DA:1148,1
DA:1149,0
DA:1150,0
DA:1154,0
DA:1160,0
DA:1161,0
DA:1165,1
DA:1166,0
DA:1167,0
DA:1168,0
DA:1169,0
DA:1172,0
DA:1173,0
DA:1174,0
DA:1175,0
DA:1177,0
DA:1181,0
DA:1186,0
DA:1187,0
DA:1191,1
DA:1192,0
DA:1193,0
DA:1194,0
DA:1195,0
DA:1198,0
DA:1202,0
DA:1208,0
DA:1209,0
DA:1214,1
DA:1215,0
DA:1216,0
DA:1218,0
DA:1219,0
DA:1222,0
DA:1224,0
DA:1225,0
DA:1226,0
DA:1229,0
DA:1230,0
DA:1235,0
DA:1236,0
DA:1241,1
DA:1242,0
DA:1243,0
DA:1244,0
DA:1245,0
DA:1248,0
DA:1249,0
DA:1252,0
DA:1253,0
DA:1257,0
DA:1259,0
DA:1262,0
DA:1263,0
DA:1267,0
DA:1269,0
DA:1270,0
DA:1276,0
DA:1277,0
DA:1284,1
DA:1285,2
DA:1286,2
DA:1288,2
DA:1289,2
DA:1290,2
DA:1292,2
DA:1293,1
DA:1297,1
DA:1298,1
DA:1299,1
DA:1300,1
DA:1301,1
DA:1302,1
DA:1303,1
DA:1304,1
DA:1305,2
DA:1306,2
DA:1307,6
DA:1309,1
DA:1311,1
DA:1314,1
DA:1317,1
DA:1319,1
DA:1320,1
DA:1323,0
DA:1324,0
DA:1331,1
DA:1332,0
DA:1333,0
DA:1335,0
DA:1336,0
DA:1337,0
DA:1339,0
DA:1340,0
DA:1344,0
DA:1345,0
DA:1346,0
DA:1347,0
DA:1348,0
DA:1349,0
DA:1350,0
DA:1351,0
DA:1352,0
DA:1353,0
DA:1354,0
DA:1356,0
DA:1358,0
DA:1361,0
DA:1364,0
DA:1366,0
DA:1367,0
DA:1370,0
DA:1371,0
DA:1378,1
DA:1379,0
DA:1380,0
DA:1381,0
DA:1384,0
DA:1391,0
DA:1394,0
DA:1395,0
DA:1402,1
DA:1403,0
DA:1404,0
DA:1445,0
DA:1448,0
DA:1449,0
DA:1456,1
DA:1457,0
DA:1458,0
DA:1462,0
DA:1469,0
DA:1470,0
DA:1477,1
DA:1478,0
DA:1479,0
DA:1487,0
DA:1490,0
DA:1491,0
DA:1498,1
DA:1499,0
DA:1500,0
DA:1504,0
DA:1511,0
DA:1512,0
DA:1517,1
DA:1518,1
DA:1519,1
LF:567
LH:232
BRDA:21,0,0,88
BRDA:21,0,1,0
BRDA:25,1,0,0
BRDA:25,1,1,0
BRDA:31,2,0,0
BRDA:31,2,1,0
BRDA:74,3,0,0
BRDA:74,3,1,0
BRDA:75,4,0,0
BRDA:75,4,1,0
BRDA:84,5,0,0
BRDA:84,5,1,0
BRDA:98,6,0,9
BRDA:99,7,0,0
BRDA:99,7,1,9
BRDA:102,8,0,0
BRDA:102,8,1,9
BRDA:113,9,0,0
BRDA:113,9,1,3
BRDA:116,10,0,0
BRDA:116,10,1,3
BRDA:126,11,0,0
BRDA:126,11,1,3
BRDA:130,12,0,0
BRDA:130,12,1,3
BRDA:132,13,0,0
BRDA:132,13,1,0
BRDA:136,14,0,0
BRDA:136,14,1,0
BRDA:154,15,0,3
BRDA:154,15,1,0
BRDA:157,16,0,0
BRDA:157,16,1,0
BRDA:161,17,0,0
BRDA:161,17,1,0
BRDA:163,18,0,0
BRDA:163,18,1,0
BRDA:173,19,0,0
BRDA:173,19,1,0
BRDA:175,20,0,0
BRDA:175,20,1,0
BRDA:176,21,0,0
BRDA:176,21,1,0
BRDA:176,21,2,0
BRDA:176,21,3,0
BRDA:176,21,4,0
BRDA:177,22,0,0
BRDA:177,22,1,0
BRDA:181,23,0,0
BRDA:181,23,1,0
BRDA:181,24,0,0
BRDA:181,24,1,0
BRDA:188,25,0,2
BRDA:188,25,1,1
BRDA:190,26,0,0
BRDA:190,26,1,1
BRDA:194,27,0,0
BRDA:194,27,1,0
BRDA:194,28,0,0
BRDA:194,28,1,0
BRDA:197,29,0,0
BRDA:197,29,1,0
BRDA:198,30,0,0
BRDA:198,30,1,0
BRDA:205,31,0,3
BRDA:207,32,0,3
BRDA:207,32,1,0
BRDA:211,33,0,0
BRDA:211,33,1,0
BRDA:218,34,0,0
BRDA:218,34,1,2
BRDA:229,35,0,2
BRDA:229,35,1,0
BRDA:252,36,0,3
BRDA:252,36,1,0
BRDA:259,37,0,9
BRDA:259,37,1,0
BRDA:260,38,0,0
BRDA:260,38,1,0
BRDA:273,39,0,0
BRDA:273,39,1,0
BRDA:274,40,0,0
BRDA:274,40,1,0
BRDA:279,41,0,0
BRDA:279,41,1,0
BRDA:280,42,0,0
BRDA:280,42,1,0
BRDA:282,43,0,0
BRDA:282,43,1,0
BRDA:282,44,0,0
BRDA:282,44,1,0
BRDA:298,45,0,2
BRDA:298,45,1,0
BRDA:305,46,0,2
BRDA:305,46,1,0
BRDA:306,47,0,2
BRDA:306,47,1,0
BRDA:313,48,0,2
BRDA:313,48,1,0
BRDA:314,49,0,0
BRDA:316,50,0,2
BRDA:316,50,1,0
BRDA:317,51,0,0
BRDA:324,52,0,0
BRDA:324,52,1,2
BRDA:324,53,0,2
BRDA:324,53,1,2
BRDA:334,54,0,2
BRDA:334,54,1,0
BRDA:341,55,0,0
BRDA:341,55,1,2
BRDA:341,56,0,2
BRDA:341,56,1,2
BRDA:350,57,0,2
BRDA:350,57,1,0
BRDA:358,58,0,2
BRDA:358,58,1,0
BRDA:360,59,0,2
BRDA:360,59,1,0
BRDA:361,60,0,2
BRDA:361,60,1,2
BRDA:366,61,0,0
BRDA:366,61,1,2
BRDA:366,62,0,2
BRDA:366,62,1,2
BRDA:367,63,0,0
BRDA:367,63,1,0
BRDA:391,64,0,2
BRDA:391,64,1,0
BRDA:412,65,0,2
BRDA:412,65,1,0
BRDA:414,66,0,2
BRDA:414,66,1,0
BRDA:420,67,0,2
BRDA:420,67,1,2
BRDA:433,68,0,2
BRDA:433,68,1,0
BRDA:435,69,0,2
BRDA:435,69,1,0
BRDA:443,70,0,0
BRDA:443,70,1,0
BRDA:484,71,0,0
BRDA:484,71,1,0
BRDA:486,72,0,0
BRDA:486,72,1,0
BRDA:493,73,0,0
BRDA:493,73,1,0
BRDA:496,74,0,0
BRDA:496,74,1,0
BRDA:513,75,0,0
BRDA:513,75,1,0
BRDA:518,76,0,0
BRDA:518,76,1,0
BRDA:523,77,0,0
BRDA:523,77,1,0
BRDA:573,78,0,1
BRDA:574,79,0,1
BRDA:577,80,0,2
BRDA:578,81,0,2
BRDA:595,82,0,2
BRDA:595,82,1,2
BRDA:616,83,0,0
BRDA:616,83,1,0
BRDA:623,84,0,0
BRDA:623,84,1,0
BRDA:643,85,0,1
BRDA:643,85,1,2
BRDA:643,86,0,3
BRDA:643,86,1,2
BRDA:655,87,0,2
BRDA:655,87,1,2
BRDA:658,88,0,2
BRDA:658,88,1,2
BRDA:658,88,2,2
BRDA:660,89,0,2
BRDA:660,89,1,2
BRDA:660,89,2,2
BRDA:660,89,3,2
BRDA:667,90,0,2
BRDA:667,90,1,2
BRDA:679,91,0,0
BRDA:679,91,1,0
BRDA:700,92,0,1
BRDA:700,92,1,1
BRDA:705,93,0,0
BRDA:705,93,1,1
BRDA:705,94,0,1
BRDA:705,94,1,1
BRDA:719,95,0,1
BRDA:719,95,1,1
BRDA:719,95,2,1
BRDA:727,96,0,1
BRDA:727,96,1,1
BRDA:730,97,0,0
BRDA:730,97,1,1
BRDA:735,98,0,1
BRDA:735,98,1,1
BRDA:736,99,0,1
BRDA:736,99,1,0
BRDA:738,100,0,1
BRDA:738,100,1,0
BRDA:738,100,2,0
BRDA:741,101,0,0
BRDA:741,101,1,0
BRDA:741,102,0,0
BRDA:741,102,1,0
BRDA:741,102,2,0
BRDA:745,103,0,1
BRDA:745,103,1,1
BRDA:746,104,0,1
BRDA:746,104,1,0
BRDA:746,104,2,0
BRDA:754,105,0,0
BRDA:754,105,1,1
BRDA:759,106,0,1
BRDA:759,106,1,0
BRDA:777,107,0,0
BRDA:777,108,0,0
BRDA:777,109,0,0
BRDA:777,109,1,0
BRDA:780,110,0,0
BRDA:780,110,1,0
BRDA:785,111,0,0
BRDA:785,111,1,0
BRDA:788,112,0,0
BRDA:788,112,1,0
BRDA:788,113,0,0
BRDA:788,113,1,0
BRDA:797,114,0,0
BRDA:797,114,1,0
BRDA:797,115,0,0
BRDA:797,115,1,0
BRDA:801,116,0,0
BRDA:801,116,1,0
BRDA:805,117,0,0
BRDA:805,117,1,0
BRDA:810,118,0,0
BRDA:810,118,1,0
BRDA:819,119,0,0
BRDA:819,119,1,0
BRDA:819,120,0,0
BRDA:819,120,1,0
BRDA:828,121,0,0
BRDA:828,121,1,0
BRDA:828,122,0,0
BRDA:828,122,1,0
BRDA:832,123,0,0
BRDA:832,123,1,0
BRDA:832,124,0,0
BRDA:832,124,1,0
BRDA:834,125,0,0
BRDA:834,125,1,0
BRDA:840,126,0,0
BRDA:840,126,1,0
BRDA:841,127,0,0
BRDA:841,127,1,0
BRDA:842,128,0,0
BRDA:842,128,1,0
BRDA:872,129,0,0
BRDA:872,129,1,1
BRDA:876,130,0,1
BRDA:876,130,1,0
BRDA:885,131,0,0
BRDA:885,131,1,1
BRDA:906,132,0,0
BRDA:906,132,1,0
BRDA:912,133,0,0
BRDA:912,133,1,0
BRDA:914,134,0,0
BRDA:914,134,1,0
BRDA:917,135,0,0
BRDA:917,135,1,0
BRDA:918,136,0,0
BRDA:918,136,1,0
BRDA:926,137,0,0
BRDA:926,137,1,0
BRDA:962,138,0,1
BRDA:962,138,1,3
BRDA:962,139,0,4
BRDA:962,139,1,3
BRDA:967,140,0,1
BRDA:967,140,1,2
BRDA:980,141,0,0
BRDA:980,141,1,0
BRDA:980,142,0,0
BRDA:980,142,1,0
BRDA:980,142,2,0
BRDA:995,143,0,0
BRDA:995,143,1,1
BRDA:995,144,0,1
BRDA:995,144,1,1
BRDA:1000,145,0,1
BRDA:1000,145,1,0
BRDA:1009,146,0,0
BRDA:1009,146,1,1
BRDA:1016,147,0,0
BRDA:1016,147,1,0
BRDA:1016,148,0,0
BRDA:1016,148,1,0
BRDA:1016,148,2,0
BRDA:1031,149,0,0
BRDA:1031,149,1,1
BRDA:1087,150,0,0
BRDA:1087,150,1,0
BRDA:1087,151,0,0
BRDA:1087,151,1,0
BRDA:1115,152,0,2
BRDA:1115,152,1,0
BRDA:1137,153,0,0
BRDA:1137,153,1,0
BRDA:1150,154,0,0
BRDA:1150,154,1,0
BRDA:1155,155,0,0
BRDA:1155,155,1,0
BRDA:1168,156,0,0
BRDA:1168,156,1,0
BRDA:1174,157,0,0
BRDA:1174,157,1,0
BRDA:1177,158,0,0
BRDA:1177,158,1,0
BRDA:1194,159,0,0
BRDA:1194,159,1,0
BRDA:1198,160,0,0
BRDA:1198,160,1,0
BRDA:1218,161,0,0
BRDA:1218,161,1,0
BRDA:1225,162,0,0
BRDA:1225,162,1,0
BRDA:1244,163,0,0
BRDA:1244,163,1,0
BRDA:1252,164,0,0
BRDA:1252,164,1,0
BRDA:1262,165,0,0
BRDA:1262,165,1,0
BRDA:1292,166,0,1
BRDA:1292,166,1,1
BRDA:1307,167,0,2
BRDA:1307,167,1,4
BRDA:1339,168,0,0
BRDA:1339,168,1,0
BRDA:1354,169,0,0
BRDA:1354,169,1,0
BRF:342
BRH:106
end_of_record
TN:
SF:server\services\config.js
FN:12,(anonymous_0)
FN:62,(anonymous_1)
FN:71,(anonymous_2)
FN:78,(anonymous_3)
FN:85,(anonymous_4)
FN:92,(anonymous_5)
FN:99,(anonymous_6)
FN:107,(anonymous_7)
FN:151,(anonymous_8)
FN:158,(anonymous_9)
FN:168,(anonymous_10)
FN:177,(anonymous_11)
FN:190,(anonymous_12)
FN:197,(anonymous_13)
FN:204,(anonymous_14)
FN:211,(anonymous_15)
FN:218,(anonymous_16)
FNF:17
FNH:9
FNDA:3,(anonymous_0)
FNDA:3,(anonymous_1)
FNDA:1,(anonymous_2)
FNDA:4,(anonymous_3)
FNDA:4,(anonymous_4)
FNDA:20,(anonymous_5)
FNDA:1,(anonymous_6)
FNDA:3,(anonymous_7)
FNDA:0,(anonymous_8)
FNDA:0,(anonymous_9)
FNDA:0,(anonymous_10)
FNDA:1,(anonymous_11)
FNDA:0,(anonymous_12)
FNDA:0,(anonymous_13)
FNDA:0,(anonymous_14)
FNDA:0,(anonymous_15)
FNDA:0,(anonymous_16)
DA:7,3
DA:8,3
DA:9,3
DA:14,3
DA:17,3
DA:32,3
DA:41,3
DA:48,3
DA:53,3
DA:56,3
DA:63,3
DA:64,0
DA:65,0
DA:72,1
DA:79,4
DA:86,4
DA:93,20
DA:100,1
DA:108,3
DA:110,0
DA:114,3
DA:115,3
DA:117,3
DA:118,0
DA:122,3
DA:123,3
DA:124,0
DA:125,3
DA:126,0
DA:127,3
DA:128,3
DA:132,3
DA:133,3
DA:134,0
DA:135,3
DA:136,3
DA:140,3
DA:143,3
DA:145,3
DA:152,0
DA:159,0
DA:160,0
DA:161,0
DA:162,0
DA:169,0
DA:170,0
DA:171,0
DA:178,1
DA:180,1
DA:181,1
DA:182,0
DA:184,0
DA:191,0
DA:198,0
DA:205,0
DA:212,0
DA:219,0
DA:234,3
LF:58
LH:36
BRDA:33,0,0,3
BRDA:33,0,1,0
BRDA:34,1,0,3
BRDA:34,1,1,0
BRDA:35,2,0,3
BRDA:35,2,1,3
BRDA:36,3,0,3
BRDA:36,3,1,3
BRDA:42,4,0,3
BRDA:42,4,1,3
BRDA:43,5,0,3
BRDA:43,5,1,3
BRDA:49,6,0,3
BRDA:49,6,1,3
BRDA:63,7,0,3
BRDA:63,7,1,0
BRDA:65,8,0,0
BRDA:65,8,1,0
BRDA:108,9,0,0
BRDA:108,9,1,3
BRDA:114,10,0,3
BRDA:114,10,1,0
BRDA:114,10,2,0
BRDA:117,11,0,0
BRDA:117,11,1,3
BRDA:123,12,0,0
BRDA:123,12,1,3
BRDA:125,13,0,0
BRDA:125,13,1,3
BRDA:127,14,0,3
BRDA:127,14,1,0
BRDA:133,15,0,0
BRDA:133,15,1,3
BRDA:135,16,0,3
BRDA:135,16,1,0
BRDA:158,17,0,0
BRDA:161,18,0,0
BRDA:161,18,1,0
BRDA:170,19,0,0
BRDA:170,19,1,0
BRDA:178,20,0,0
BRDA:178,20,1,1
BRDA:180,21,0,0
BRDA:180,21,1,1
BRDA:181,22,0,1
BRDA:181,22,1,0
BRDA:182,23,0,0
BRDA:182,23,1,0
BRDA:218,24,0,0
BRDA:224,25,0,0
BRDA:224,25,1,0
BRDA:226,26,0,0
BRDA:226,26,1,0
BRF:53
BRH:24
end_of_record
TN:
SF:server\services\data-service.js
FN:21,(anonymous_0)
FN:33,(anonymous_1)
FN:101,(anonymous_2)
FN:225,(anonymous_3)
FN:229,(anonymous_4)
FN:271,(anonymous_5)
FN:293,(anonymous_6)
FN:296,(anonymous_7)
FN:308,(anonymous_8)
FN:311,(anonymous_9)
FN:328,(anonymous_10)
FN:356,(anonymous_11)
FN:382,(anonymous_12)
FN:418,(anonymous_13)
FN:448,(anonymous_14)
FN:464,(anonymous_15)
FN:483,(anonymous_16)
FN:511,(anonymous_17)
FN:521,(anonymous_18)
FN:544,(anonymous_19)
FN:560,(anonymous_20)
FN:579,(anonymous_21)
FN:586,(anonymous_22)
FN:590,(anonymous_23)
FN:597,(anonymous_24)
FN:605,(anonymous_25)
FN:630,(anonymous_26)
FN:652,(anonymous_27)
FN:659,(anonymous_28)
FN:665,(anonymous_29)
FN:673,(anonymous_30)
FN:686,(anonymous_31)
FN:692,(anonymous_32)
FN:697,(anonymous_33)
FN:698,(anonymous_34)
FN:704,(anonymous_35)
FN:711,(anonymous_36)
FN:715,(anonymous_37)
FN:722,(anonymous_38)
FN:723,(anonymous_39)
FN:751,(anonymous_40)
FN:764,(anonymous_41)
FN:786,(anonymous_42)
FN:803,(anonymous_43)
FN:823,(anonymous_44)
FN:865,(anonymous_45)
FN:1231,(anonymous_46)
FN:1245,(anonymous_47)
FN:1296,(anonymous_48)
FN:1354,(anonymous_49)
FN:1370,(anonymous_50)
FN:1378,(anonymous_51)
FN:1387,(anonymous_52)
FN:1398,(anonymous_53)
FN:1405,(anonymous_54)
FN:1409,(anonymous_55)
FN:1415,(anonymous_56)
FN:1417,(anonymous_57)
FN:1429,(anonymous_58)
FN:1445,(anonymous_59)
FN:1465,(anonymous_60)
FN:1495,(anonymous_61)
FN:1512,(anonymous_62)
FN:1519,(anonymous_63)
FN:1530,(anonymous_64)
FN:1559,(anonymous_65)
FN:1560,(anonymous_66)
FN:1565,(anonymous_67)
FN:1569,(anonymous_68)
FN:1597,(anonymous_69)
FN:1625,(anonymous_70)
FN:1677,(anonymous_71)
FN:1744,(anonymous_72)
FN:1842,(anonymous_73)
FN:1857,(anonymous_74)
FN:1872,(anonymous_75)
FN:1880,(anonymous_76)
FN:1959,(anonymous_77)
FN:1968,(anonymous_78)
FN:1977,(anonymous_79)
FN:1979,(anonymous_80)
FN:1985,(anonymous_81)
FN:2051,(anonymous_82)
FN:2059,(anonymous_83)
FN:2067,(anonymous_84)
FN:2092,(anonymous_85)
FN:2095,(anonymous_86)
FNF:87
FNH:42
FNDA:7,(anonymous_0)
FNDA:28,(anonymous_1)
FNDA:28,(anonymous_2)
FNDA:0,(anonymous_3)
FNDA:0,(anonymous_4)
FNDA:0,(anonymous_5)
FNDA:28,(anonymous_6)
FNDA:9,(anonymous_7)
FNDA:28,(anonymous_8)
FNDA:362,(anonymous_9)
FNDA:31,(anonymous_10)
FNDA:9,(anonymous_11)
FNDA:1,(anonymous_12)
FNDA:31,(anonymous_13)
FNDA:10,(anonymous_14)
FNDA:2,(anonymous_15)
FNDA:28,(anonymous_16)
FNDA:28,(anonymous_17)
FNDA:56,(anonymous_18)
FNDA:2,(anonymous_19)
FNDA:0,(anonymous_20)
FNDA:0,(anonymous_21)
FNDA:0,(anonymous_22)
FNDA:0,(anonymous_23)
FNDA:2,(anonymous_24)
FNDA:6,(anonymous_25)
FNDA:2,(anonymous_26)
FNDA:0,(anonymous_27)
FNDA:0,(anonymous_28)
FNDA:0,(anonymous_29)
FNDA:0,(anonymous_30)
FNDA:0,(anonymous_31)
FNDA:0,(anonymous_32)
FNDA:0,(anonymous_33)
FNDA:0,(anonymous_34)
FNDA:4,(anonymous_35)
FNDA:0,(anonymous_36)
FNDA:0,(anonymous_37)
FNDA:0,(anonymous_38)
FNDA:0,(anonymous_39)
FNDA:28,(anonymous_40)
FNDA:28,(anonymous_41)
FNDA:0,(anonymous_42)
FNDA:0,(anonymous_43)
FNDA:0,(anonymous_44)
FNDA:0,(anonymous_45)
FNDA:28,(anonymous_46)
FNDA:39,(anonymous_47)
FNDA:12,(anonymous_48)
FNDA:7,(anonymous_49)
FNDA:32,(anonymous_50)
FNDA:0,(anonymous_51)
FNDA:0,(anonymous_52)
FNDA:1,(anonymous_53)
FNDA:0,(anonymous_54)
FNDA:0,(anonymous_55)
FNDA:7,(anonymous_56)
FNDA:27,(anonymous_57)
FNDA:17,(anonymous_58)
FNDA:8,(anonymous_59)
FNDA:2,(anonymous_60)
FNDA:3,(anonymous_61)
FNDA:0,(anonymous_62)
FNDA:0,(anonymous_63)
FNDA:2,(anonymous_64)
FNDA:0,(anonymous_65)
FNDA:0,(anonymous_66)
FNDA:0,(anonymous_67)
FNDA:0,(anonymous_68)
FNDA:0,(anonymous_69)
FNDA:0,(anonymous_70)
FNDA:17,(anonymous_71)
FNDA:5,(anonymous_72)
FNDA:1,(anonymous_73)
FNDA:16,(anonymous_74)
FNDA:0,(anonymous_75)
FNDA:0,(anonymous_76)
FNDA:0,(anonymous_77)
FNDA:0,(anonymous_78)
FNDA:0,(anonymous_79)
FNDA:0,(anonymous_80)
FNDA:0,(anonymous_81)
FNDA:0,(anonymous_82)
FNDA:0,(anonymous_83)
FNDA:0,(anonymous_84)
FNDA:28,(anonymous_85)
FNDA:695,(anonymous_86)
DA:6,2
DA:7,2
DA:8,2
DA:9,2
DA:10,2
DA:15,2
DA:17,2
DA:18,2
DA:19,2
DA:21,2
DA:22,7
DA:23,7
DA:24,7
DA:26,0
DA:30,2
DA:34,28
DA:36,28
DA:38,28
DA:40,28
DA:41,28
DA:42,28
DA:43,28
DA:44,28
DA:48,0
DA:49,0
DA:57,0
DA:58,0
DA:59,0
DA:63,0
DA:64,0
DA:65,0
DA:69,0
DA:70,0
DA:73,0
DA:76,0
DA:79,0
DA:82,0
DA:85,0
DA:87,0
DA:89,0
DA:92,0
DA:93,0
DA:103,28
DA:135,28
DA:146,28
DA:147,28
DA:150,28
DA:162,28
DA:179,28
DA:182,28
DA:191,28
DA:200,28
DA:226,0
DA:228,0
DA:229,0
DA:231,0
DA:233,0
DA:234,0
DA:237,0
DA:253,0
DA:254,0
DA:255,0
DA:256,0
DA:258,0
DA:259,0
DA:263,0
DA:268,0
DA:271,0
DA:272,0
DA:273,0
DA:274,0
DA:275,0
DA:276,0
DA:279,0
DA:284,0
DA:286,0
DA:294,28
DA:295,28
DA:296,28
DA:298,28
DA:299,27
DA:300,27
DA:301,0
DA:304,27
DA:309,28
DA:310,28
DA:311,362
DA:313,28
DA:314,1
DA:316,28
DA:317,1
DA:318,1
DA:321,0
DA:329,31
DA:330,31
DA:331,31
DA:332,31
DA:357,9
DA:358,9
DA:359,3
DA:360,3
DA:363,6
DA:383,1
DA:384,1
DA:395,1
DA:412,1
DA:419,31
DA:420,31
DA:421,31
DA:422,31
DA:434,31
DA:449,10
DA:450,10
DA:451,3
DA:452,3
DA:455,7
DA:465,2
DA:470,2
DA:477,2
DA:484,28
DA:485,28
DA:486,28
DA:488,28
DA:500,28
DA:513,28
DA:521,28
DA:522,56
DA:523,56
DA:524,56
DA:526,56
DA:537,28
DA:539,28
DA:545,2
DA:546,2
DA:547,0
DA:548,0
DA:551,2
DA:561,0
DA:566,0
DA:573,0
DA:580,0
DA:587,0
DA:591,0
DA:598,2
DA:606,6
DA:607,6
DA:608,0
DA:611,6
DA:612,6
DA:613,0
DA:614,0
DA:615,0
DA:616,0
DA:618,0
DA:624,6
DA:631,2
DA:632,2
DA:633,0
DA:636,2
DA:642,2
DA:649,2
DA:653,0
DA:654,0
DA:655,0
DA:657,0
DA:658,0
DA:659,0
DA:661,0
DA:662,0
DA:665,0
DA:670,0
DA:674,0
DA:675,0
DA:676,0
DA:678,0
DA:679,0
DA:682,0
DA:683,0
DA:686,0
DA:687,0
DA:689,0
DA:690,0
DA:691,0
DA:692,0
DA:693,0
DA:696,0
DA:697,0
DA:698,0
DA:700,0
DA:701,0
DA:705,4
DA:707,4
DA:708,4
DA:711,0
DA:712,0
DA:715,0
DA:716,0
DA:722,0
DA:723,0
DA:724,0
DA:726,0
DA:727,0
DA:728,0
DA:730,0
DA:734,0
DA:735,0
DA:736,0
DA:738,0
DA:742,0
DA:745,0
DA:752,28
DA:753,28
DA:754,0
DA:757,28
DA:758,28
DA:759,28
DA:764,28
DA:765,28
DA:766,168
DA:776,28
DA:777,28
DA:779,0
DA:788,0
DA:790,0
DA:791,0
DA:794,0
DA:795,0
DA:798,0
DA:803,0
DA:804,0
DA:805,0
DA:815,0
DA:818,0
DA:823,0
DA:824,0
DA:825,0
DA:856,0
DA:858,0
DA:866,0
DA:867,0
DA:1232,28
DA:1246,39
DA:1249,37
DA:1250,37
DA:1251,37
DA:1252,37
DA:1253,37
DA:1255,37
DA:1259,37
DA:1261,37
DA:1305,12
DA:1307,12
DA:1308,12
DA:1311,12
DA:1312,0
DA:1313,0
DA:1317,12
DA:1318,1
DA:1319,1
DA:1323,12
DA:1324,0
DA:1325,0
DA:1326,0
DA:1330,12
DA:1331,4
DA:1332,4
DA:1336,12
DA:1339,12
DA:1340,12
DA:1343,12
DA:1344,12
DA:1345,12
DA:1348,12
DA:1349,12
DA:1350,12
DA:1353,12
DA:1354,12
DA:1356,12
DA:1371,32
DA:1372,32
DA:1379,0
DA:1380,0
DA:1381,0
DA:1388,0
DA:1389,0
DA:1392,0
DA:1399,1
DA:1400,1
DA:1401,1
DA:1405,0
DA:1406,0
DA:1407,0
DA:1409,0
DA:1416,7
DA:1417,27
DA:1430,17
DA:1431,17
DA:1432,17
DA:1433,16
DA:1446,8
DA:1447,0
DA:1450,8
DA:1451,8
DA:1452,8
DA:1454,8
DA:1459,8
DA:1466,2
DA:1467,2
DA:1468,0
DA:1471,2
DA:1472,2
DA:1473,2
DA:1475,2
DA:1481,2
DA:1482,2
DA:1487,2
DA:1489,2
DA:1496,3
DA:1497,3
DA:1498,0
DA:1501,3
DA:1505,3
DA:1506,3
DA:1513,0
DA:1519,0
DA:1521,0
DA:1531,2
DA:1532,2
DA:1538,2
DA:1544,2
DA:1545,2
DA:1546,2
DA:1547,0
DA:1549,2
DA:1553,2
DA:1560,0
DA:1561,0
DA:1562,0
DA:1565,0
DA:1569,0
DA:1570,0
DA:1571,0
DA:1572,0
DA:1575,0
DA:1576,0
DA:1578,0
DA:1579,0
DA:1581,0
DA:1582,0
DA:1585,0
DA:1586,0
DA:1587,0
DA:1589,0
DA:1590,0
DA:1593,0
DA:1594,0
DA:1597,0
DA:1598,0
DA:1602,0
DA:1603,0
DA:1606,0
DA:1607,0
DA:1609,0
DA:1610,0
DA:1613,0
DA:1614,0
DA:1616,0
DA:1619,0
DA:1620,0
DA:1623,0
DA:1625,0
DA:1626,0
DA:1628,0
DA:1630,0
DA:1631,0
DA:1632,0
DA:1634,0
DA:1637,0
DA:1638,0
DA:1640,0
DA:1641,0
DA:1642,0
DA:1645,0
DA:1646,0
DA:1647,0
DA:1650,0
DA:1651,0
DA:1652,0
DA:1653,0
DA:1657,0
DA:1658,0
DA:1660,0
DA:1663,0
DA:1666,0
DA:1667,0
DA:1678,17
DA:1679,17
DA:1685,17
DA:1687,17
DA:1704,17
DA:1733,17
DA:1736,13
DA:1738,13
DA:1745,5
DA:1746,5
DA:1748,5
DA:1749,5
DA:1752,5
DA:1754,5
DA:1756,5
DA:1758,5
DA:1761,5
DA:1765,5
DA:1799,5
DA:1831,5
DA:1832,0
DA:1833,0
DA:1836,5
DA:1843,1
DA:1844,1
DA:1846,1
DA:1849,1
DA:1851,1
DA:1858,16
DA:1860,16
DA:1864,16
DA:1873,0
DA:1874,0
DA:1895,0
DA:1896,0
DA:1897,0
DA:1898,0
DA:1900,0
DA:1953,0
DA:1960,0
DA:1961,0
DA:1962,0
DA:1969,0
DA:1970,0
DA:1971,0
DA:1978,0
DA:1979,0
DA:1986,0
DA:1987,0
DA:2002,0
DA:2006,0
DA:2008,0
DA:2009,0
DA:2011,0
DA:2014,0
DA:2045,0
DA:2052,0
DA:2053,0
DA:2060,0
DA:2061,0
DA:2068,0
DA:2093,28
DA:2094,28
DA:2095,695
DA:2097,28
DA:2098,0
DA:2099,0
DA:2100,0
DA:2103,0
DA:2108,2
LF:465
LH:220
BRDA:23,0,0,7
BRDA:23,0,1,0
BRDA:33,1,0,0
BRDA:34,2,0,28
BRDA:34,2,1,0
BRDA:48,3,0,0
BRDA:48,3,1,0
BRDA:58,4,0,0
BRDA:58,4,1,0
BRDA:64,5,0,0
BRDA:64,5,1,0
BRDA:92,6,0,0
BRDA:92,6,1,0
BRDA:231,7,0,0
BRDA:231,7,1,0
BRDA:233,8,0,0
BRDA:233,8,1,0
BRDA:254,9,0,0
BRDA:254,9,1,0
BRDA:258,10,0,0
BRDA:258,10,1,0
BRDA:258,11,0,0
BRDA:258,11,1,0
BRDA:258,11,2,0
BRDA:271,12,0,0
BRDA:272,13,0,0
BRDA:272,13,1,0
BRDA:275,14,0,0
BRDA:275,14,1,0
BRDA:298,15,0,27
BRDA:298,15,1,1
BRDA:313,16,0,1
BRDA:313,16,1,27
BRDA:316,17,0,1
BRDA:316,17,1,27
BRDA:330,18,0,31
BRDA:330,18,1,0
BRDA:330,19,0,31
BRDA:330,19,1,31
BRDA:358,20,0,3
BRDA:358,20,1,6
BRDA:364,21,0,6
BRDA:364,21,1,0
BRDA:365,22,0,6
BRDA:365,22,1,0
BRDA:366,23,0,6
BRDA:366,23,1,0
BRDA:367,24,0,6
BRDA:367,24,1,0
BRDA:368,25,0,6
BRDA:368,25,1,0
BRDA:369,26,0,6
BRDA:369,26,1,0
BRDA:370,27,0,6
BRDA:370,27,1,0
BRDA:371,28,0,6
BRDA:371,28,1,6
BRDA:372,29,0,6
BRDA:372,29,1,6
BRDA:373,30,0,6
BRDA:373,30,1,6
BRDA:375,31,0,6
BRDA:375,31,1,0
BRDA:382,32,0,0
BRDA:388,33,0,0
BRDA:388,33,1,1
BRDA:420,34,0,31
BRDA:420,34,1,0
BRDA:420,35,0,31
BRDA:420,35,1,31
BRDA:450,36,0,3
BRDA:450,36,1,7
BRDA:457,37,0,7
BRDA:457,37,1,0
BRDA:464,38,0,0
BRDA:485,39,0,28
BRDA:485,39,1,0
BRDA:485,40,0,28
BRDA:485,40,1,28
BRDA:523,41,0,0
BRDA:523,41,1,56
BRDA:523,42,0,56
BRDA:523,42,1,0
BRDA:546,43,0,0
BRDA:546,43,1,2
BRDA:553,44,0,2
BRDA:553,44,1,0
BRDA:560,45,0,0
BRDA:586,46,0,0
BRDA:606,47,0,6
BRDA:606,47,1,0
BRDA:607,48,0,0
BRDA:607,48,1,6
BRDA:612,49,0,0
BRDA:612,49,1,6
BRDA:615,50,0,0
BRDA:615,50,1,0
BRDA:619,51,0,0
BRDA:619,51,1,0
BRDA:620,52,0,0
BRDA:620,52,1,0
BRDA:625,53,0,6
BRDA:625,53,1,0
BRDA:626,54,0,6
BRDA:626,54,1,0
BRDA:630,55,0,0
BRDA:631,56,0,2
BRDA:631,56,1,0
BRDA:632,57,0,0
BRDA:632,57,1,2
BRDA:638,58,0,2
BRDA:638,58,1,0
BRDA:653,59,0,0
BRDA:653,59,1,0
BRDA:654,60,0,0
BRDA:654,60,1,0
BRDA:655,61,0,0
BRDA:655,61,1,0
BRDA:658,62,0,0
BRDA:658,62,1,0
BRDA:659,63,0,0
BRDA:659,63,1,0
BRDA:661,64,0,0
BRDA:661,64,1,0
BRDA:674,65,0,0
BRDA:674,65,1,0
BRDA:675,66,0,0
BRDA:675,66,1,0
BRDA:678,67,0,0
BRDA:678,67,1,0
BRDA:678,68,0,0
BRDA:678,68,1,0
BRDA:683,69,0,0
BRDA:683,69,1,0
BRDA:686,70,0,0
BRDA:686,70,1,0
BRDA:690,71,0,0
BRDA:690,71,1,0
BRDA:690,72,0,0
BRDA:690,72,1,0
BRDA:690,72,2,0
BRDA:692,73,0,0
BRDA:692,73,1,0
BRDA:697,74,0,0
BRDA:697,74,1,0
BRDA:707,75,0,4
BRDA:707,75,1,0
BRDA:707,76,0,4
BRDA:707,76,1,4
BRDA:711,77,0,0
BRDA:711,77,1,0
BRDA:712,78,0,0
BRDA:712,78,1,0
BRDA:724,79,0,0
BRDA:724,79,1,0
BRDA:726,80,0,0
BRDA:726,80,1,0
BRDA:734,81,0,0
BRDA:734,81,1,0
BRDA:753,82,0,0
BRDA:753,82,1,28
BRDA:769,83,0,168
BRDA:769,83,1,0
BRDA:770,84,0,168
BRDA:770,84,1,0
BRDA:771,85,0,168
BRDA:771,85,1,0
BRDA:790,86,0,0
BRDA:790,86,1,0
BRDA:808,87,0,0
BRDA:808,87,1,0
BRDA:809,88,0,0
BRDA:809,88,1,0
BRDA:810,89,0,0
BRDA:810,89,1,0
BRDA:827,90,0,0
BRDA:827,90,1,0
BRDA:827,90,2,0
BRDA:828,91,0,0
BRDA:828,91,1,0
BRDA:829,92,0,0
BRDA:829,92,1,0
BRDA:830,93,0,0
BRDA:830,93,1,0
BRDA:831,94,0,0
BRDA:831,94,1,0
BRDA:831,94,2,0
BRDA:832,95,0,0
BRDA:832,95,1,0
BRDA:832,95,2,0
BRDA:833,96,0,0
BRDA:833,96,1,0
BRDA:833,96,2,0
BRDA:834,97,0,0
BRDA:834,97,1,0
BRDA:835,98,0,0
BRDA:835,98,1,0
BRDA:836,99,0,0
BRDA:836,99,1,0
BRDA:836,99,2,0
BRDA:837,100,0,0
BRDA:837,100,1,0
BRDA:837,100,2,0
BRDA:838,101,0,0
BRDA:838,101,1,0
BRDA:839,102,0,0
BRDA:839,102,1,0
BRDA:840,103,0,0
BRDA:840,103,1,0
BRDA:841,104,0,0
BRDA:841,104,1,0
BRDA:842,105,0,0
BRDA:842,105,1,0
BRDA:843,106,0,0
BRDA:843,106,1,0
BRDA:844,107,0,0
BRDA:844,107,1,0
BRDA:845,108,0,0
BRDA:845,108,1,0
BRDA:847,109,0,0
BRDA:847,109,1,0
BRDA:847,109,2,0
BRDA:848,110,0,0
BRDA:848,110,1,0
BRDA:848,110,2,0
BRDA:849,111,0,0
BRDA:849,111,1,0
BRDA:849,111,2,0
BRDA:850,112,0,0
BRDA:850,112,1,0
BRDA:850,112,2,0
BRDA:851,113,0,0
BRDA:851,113,1,0
BRDA:851,113,2,0
BRDA:1246,114,0,2
BRDA:1246,114,1,37
BRDA:1249,115,0,37
BRDA:1249,115,1,0
BRDA:1249,115,2,0
BRDA:1250,116,0,37
BRDA:1250,116,1,0
BRDA:1250,116,2,0
BRDA:1251,117,0,37
BRDA:1251,117,1,0
BRDA:1251,117,2,0
BRDA:1252,118,0,37
BRDA:1252,118,1,0
BRDA:1252,118,2,0
BRDA:1253,119,0,37
BRDA:1253,119,1,0
BRDA:1253,120,0,37
BRDA:1253,120,1,0
BRDA:1254,121,0,0
BRDA:1254,121,1,0
BRDA:1254,122,0,0
BRDA:1254,122,1,0
BRDA:1255,123,0,18
BRDA:1255,123,1,19
BRDA:1256,124,0,18
BRDA:1256,124,1,0
BRDA:1259,125,0,37
BRDA:1259,125,1,0
BRDA:1265,126,0,37
BRDA:1265,126,1,24
BRDA:1266,127,0,37
BRDA:1266,127,1,25
BRDA:1267,128,0,37
BRDA:1267,128,1,1
BRDA:1270,129,0,37
BRDA:1270,129,1,0
BRDA:1270,130,0,37
BRDA:1270,130,1,0
BRDA:1272,131,0,37
BRDA:1272,131,1,37
BRDA:1272,131,2,37
BRDA:1275,132,0,37
BRDA:1275,132,1,25
BRDA:1276,133,0,37
BRDA:1276,133,1,0
BRDA:1276,134,0,37
BRDA:1276,134,1,0
BRDA:1277,135,0,37
BRDA:1277,135,1,0
BRDA:1277,136,0,37
BRDA:1277,136,1,0
BRDA:1278,137,0,37
BRDA:1278,137,1,21
BRDA:1279,138,0,37
BRDA:1279,138,1,0
BRDA:1279,139,0,37
BRDA:1279,139,1,0
BRDA:1280,140,0,1
BRDA:1280,140,1,36
BRDA:1281,141,0,37
BRDA:1281,141,1,37
BRDA:1282,142,0,37
BRDA:1282,142,1,25
BRDA:1288,143,0,37
BRDA:1288,143,1,37
BRDA:1288,143,2,37
BRDA:1296,144,0,0
BRDA:1298,145,0,8
BRDA:1299,146,0,0
BRDA:1300,147,0,11
BRDA:1301,148,0,12
BRDA:1302,149,0,12
BRDA:1303,150,0,4
BRDA:1304,151,0,4
BRDA:1311,152,0,0
BRDA:1311,152,1,12
BRDA:1317,153,0,1
BRDA:1317,153,1,11
BRDA:1323,154,0,0
BRDA:1323,154,1,12
BRDA:1330,155,0,4
BRDA:1330,155,1,8
BRDA:1336,156,0,10
BRDA:1336,156,1,2
BRDA:1339,157,0,0
BRDA:1339,157,1,12
BRDA:1379,158,0,0
BRDA:1379,158,1,0
BRDA:1388,159,0,0
BRDA:1388,159,1,0
BRDA:1398,160,0,0
BRDA:1400,161,0,1
BRDA:1400,161,1,0
BRDA:1400,162,0,1
BRDA:1400,162,1,1
BRDA:1400,162,2,1
BRDA:1430,163,0,0
BRDA:1430,163,1,17
BRDA:1432,164,0,1
BRDA:1432,164,1,16
BRDA:1445,165,0,4
BRDA:1445,166,0,0
BRDA:1446,167,0,0
BRDA:1446,167,1,8
BRDA:1467,168,0,0
BRDA:1467,168,1,2
BRDA:1471,169,0,2
BRDA:1471,169,1,0
BRDA:1472,170,0,1
BRDA:1472,170,1,1
BRDA:1472,171,0,1
BRDA:1472,171,1,1
BRDA:1473,172,0,2
BRDA:1473,172,1,0
BRDA:1481,173,0,2
BRDA:1481,173,1,0
BRDA:1497,174,0,0
BRDA:1497,174,1,3
BRDA:1539,175,0,2
BRDA:1539,175,1,0
BRDA:1545,176,0,2
BRDA:1545,176,1,0
BRDA:1546,177,0,0
BRDA:1546,177,1,2
BRDA:1561,178,0,0
BRDA:1561,178,1,0
BRDA:1570,179,0,0
BRDA:1570,179,1,0
BRDA:1572,180,0,0
BRDA:1572,180,1,0
BRDA:1575,181,0,0
BRDA:1575,181,1,0
BRDA:1576,182,0,0
BRDA:1576,182,1,0
BRDA:1578,183,0,0
BRDA:1578,183,1,0
BRDA:1579,184,0,0
BRDA:1579,184,1,0
BRDA:1581,185,0,0
BRDA:1581,185,1,0
BRDA:1581,186,0,0
BRDA:1581,186,1,0
BRDA:1586,187,0,0
BRDA:1586,187,1,0
BRDA:1589,188,0,0
BRDA:1589,188,1,0
BRDA:1593,189,0,0
BRDA:1593,189,1,0
BRDA:1602,190,0,0
BRDA:1602,190,1,0
BRDA:1610,191,0,0
BRDA:1610,191,1,0
BRDA:1619,192,0,0
BRDA:1619,192,1,0
BRDA:1626,193,0,0
BRDA:1626,193,1,0
BRDA:1628,194,0,0
BRDA:1628,194,1,0
BRDA:1628,194,2,0
BRDA:1628,194,3,0
BRDA:1630,195,0,0
BRDA:1630,195,1,0
BRDA:1632,196,0,0
BRDA:1632,196,1,0
BRDA:1632,196,2,0
BRDA:1637,197,0,0
BRDA:1637,197,1,0
BRDA:1637,198,0,0
BRDA:1637,198,1,0
BRDA:1640,199,0,0
BRDA:1640,199,1,0
BRDA:1640,200,0,0
BRDA:1640,200,1,0
BRDA:1641,201,0,0
BRDA:1641,201,1,0
BRDA:1645,202,0,0
BRDA:1645,202,1,0
BRDA:1645,203,0,0
BRDA:1645,203,1,0
BRDA:1645,203,2,0
BRDA:1651,204,0,0
BRDA:1651,204,1,0
BRDA:1651,205,0,0
BRDA:1651,205,1,0
BRDA:1652,206,0,0
BRDA:1652,206,1,0
BRDA:1657,207,0,0
BRDA:1657,207,1,0
BRDA:1666,208,0,0
BRDA:1666,208,1,0
BRDA:1706,209,0,17
BRDA:1706,209,1,1
BRDA:1706,209,2,0
BRDA:1707,210,0,17
BRDA:1707,210,1,16
BRDA:1708,211,0,17
BRDA:1708,211,1,17
BRDA:1709,212,0,17
BRDA:1709,212,1,14
BRDA:1710,213,0,17
BRDA:1710,213,1,14
BRDA:1710,213,2,14
BRDA:1711,214,0,17
BRDA:1711,214,1,1
BRDA:1711,214,2,0
BRDA:1712,215,0,17
BRDA:1712,215,1,17
BRDA:1712,215,2,17
BRDA:1713,216,0,2
BRDA:1713,216,1,15
BRDA:1714,217,0,17
BRDA:1714,217,1,15
BRDA:1715,218,0,17
BRDA:1715,218,1,17
BRDA:1715,218,2,16
BRDA:1716,219,0,17
BRDA:1716,219,1,17
BRDA:1716,219,2,14
BRDA:1717,220,0,17
BRDA:1717,220,1,17
BRDA:1718,221,0,17
BRDA:1718,221,1,15
BRDA:1719,222,0,17
BRDA:1719,222,1,15
BRDA:1720,223,0,17
BRDA:1720,223,1,14
BRDA:1721,224,0,17
BRDA:1721,224,1,11
BRDA:1722,225,0,17
BRDA:1722,225,1,17
BRDA:1723,226,0,17
BRDA:1723,226,1,17
BRDA:1724,227,0,17
BRDA:1724,227,1,15
BRDA:1726,228,0,17
BRDA:1726,228,1,1
BRDA:1726,228,2,0
BRDA:1727,229,0,17
BRDA:1727,229,1,1
BRDA:1727,229,2,0
BRDA:1728,230,0,17
BRDA:1728,230,1,17
BRDA:1728,230,2,16
BRDA:1729,231,0,17
BRDA:1729,231,1,17
BRDA:1729,231,2,14
BRDA:1730,232,0,17
BRDA:1730,232,1,14
BRDA:1730,232,2,14
BRDA:1746,233,0,0
BRDA:1746,233,1,5
BRDA:1752,234,0,3
BRDA:1752,234,1,2
BRDA:1753,235,0,0
BRDA:1753,235,1,2
BRDA:1754,236,0,3
BRDA:1754,236,1,2
BRDA:1755,237,0,0
BRDA:1755,237,1,2
BRDA:1756,238,0,2
BRDA:1756,238,1,3
BRDA:1757,239,0,0
BRDA:1757,239,1,3
BRDA:1758,240,0,2
BRDA:1758,240,1,3
BRDA:1759,241,0,0
BRDA:1759,241,1,3
BRDA:1761,242,0,3
BRDA:1761,242,1,2
BRDA:1763,243,0,2
BRDA:1763,243,1,1
BRDA:1767,244,0,1
BRDA:1767,244,1,4
BRDA:1768,245,0,1
BRDA:1768,245,1,4
BRDA:1769,246,0,2
BRDA:1769,246,1,3
BRDA:1772,247,0,2
BRDA:1772,247,1,3
BRDA:1773,248,0,0
BRDA:1773,248,1,3
BRDA:1774,249,0,3
BRDA:1774,249,1,2
BRDA:1775,250,0,2
BRDA:1775,250,1,3
BRDA:1776,251,0,3
BRDA:1776,251,1,0
BRDA:1778,252,0,1
BRDA:1778,252,1,4
BRDA:1779,253,0,0
BRDA:1779,253,1,4
BRDA:1780,254,0,1
BRDA:1780,254,1,4
BRDA:1781,255,0,2
BRDA:1781,255,1,3
BRDA:1782,256,0,3
BRDA:1782,256,1,0
BRDA:1783,257,0,2
BRDA:1783,257,1,3
BRDA:1784,258,0,3
BRDA:1784,258,1,0
BRDA:1786,259,0,2
BRDA:1786,259,1,3
BRDA:1787,260,0,3
BRDA:1787,260,1,0
BRDA:1788,261,0,2
BRDA:1788,261,1,3
BRDA:1788,262,0,3
BRDA:1788,262,1,0
BRDA:1789,263,0,2
BRDA:1789,263,1,3
BRDA:1789,264,0,3
BRDA:1789,264,1,3
BRDA:1794,265,0,1
BRDA:1794,265,1,4
BRDA:1795,266,0,0
BRDA:1795,266,1,4
BRDA:1831,267,0,0
BRDA:1831,267,1,5
BRDA:1844,268,0,0
BRDA:1844,268,1,1
BRDA:1858,269,0,0
BRDA:1858,269,1,16
BRDA:1873,270,0,0
BRDA:1873,270,1,0
BRDA:1940,271,0,0
BRDA:1940,271,1,0
BRDA:1941,272,0,0
BRDA:1941,272,1,0
BRDA:1942,273,0,0
BRDA:1942,273,1,0
BRDA:1943,274,0,0
BRDA:1943,274,1,0
BRDA:1943,274,2,0
BRDA:1944,275,0,0
BRDA:1944,275,1,0
BRDA:1945,276,0,0
BRDA:1945,276,1,0
BRDA:1946,277,0,0
BRDA:1946,277,1,0
BRDA:1947,278,0,0
BRDA:1947,278,1,0
BRDA:1948,279,0,0
BRDA:1948,279,1,0
BRDA:1949,280,0,0
BRDA:1949,280,1,0
BRDA:1961,281,0,0
BRDA:1961,281,1,0
BRDA:1970,282,0,0
BRDA:1970,282,1,0
BRDA:1987,283,0,0
BRDA:1987,283,1,0
BRDA:2008,284,0,0
BRDA:2008,284,1,0
BRDA:2032,285,0,0
BRDA:2032,285,1,0
BRDA:2033,286,0,0
BRDA:2033,286,1,0
BRDA:2034,287,0,0
BRDA:2034,287,1,0
BRDA:2035,288,0,0
BRDA:2035,288,1,0
BRDA:2035,289,0,0
BRDA:2035,289,1,0
BRDA:2036,290,0,0
BRDA:2036,290,1,0
BRDA:2036,291,0,0
BRDA:2036,291,1,0
BRDA:2036,291,2,0
BRDA:2037,292,0,0
BRDA:2037,292,1,0
BRDA:2037,293,0,0
BRDA:2037,293,1,0
BRDA:2038,294,0,0
BRDA:2038,294,1,0
BRDA:2038,295,0,0
BRDA:2038,295,1,0
BRDA:2039,296,0,0
BRDA:2039,296,1,0
BRDA:2039,297,0,0
BRDA:2039,297,1,0
BRDA:2040,298,0,0
BRDA:2040,298,1,0
BRDA:2040,299,0,0
BRDA:2040,299,1,0
BRDA:2041,300,0,0
BRDA:2041,300,1,0
BRDA:2041,300,2,0
BRDA:2042,301,0,0
BRDA:2042,301,1,0
BRDA:2042,302,0,0
BRDA:2042,302,1,0
BRDA:2042,303,0,0
BRDA:2042,303,1,0
BRDA:2075,304,0,0
BRDA:2075,304,1,0
BRDA:2076,305,0,0
BRDA:2076,305,1,0
BRDA:2077,306,0,0
BRDA:2077,306,1,0
BRDA:2078,307,0,0
BRDA:2078,307,1,0
BRDA:2079,308,0,0
BRDA:2079,308,1,0
BRDA:2080,309,0,0
BRDA:2080,309,1,0
BRDA:2081,310,0,0
BRDA:2081,310,1,0
BRDA:2082,311,0,0
BRDA:2082,311,1,0
BRDA:2083,312,0,0
BRDA:2083,312,1,0
BRDA:2097,313,0,0
BRDA:2097,313,1,28
BRF:648
BRH:248
end_of_record
TN:
SF:server\services\url-slug.js
FN:8,(anonymous_0)
FN:18,(anonymous_1)
FN:38,(anonymous_2)
FN:54,(anonymous_3)
FN:66,(anonymous_4)
FN:93,(anonymous_5)
FN:112,(anonymous_6)
FN:146,(anonymous_7)
FN:165,(anonymous_8)
FN:177,(anonymous_9)
FN:184,(anonymous_10)
FN:200,(anonymous_11)
FN:209,(anonymous_12)
FN:210,(anonymous_13)
FN:220,(anonymous_14)
FNF:15
FNH:10
FNDA:2,(anonymous_0)
FNDA:2,(anonymous_1)
FNDA:2,(anonymous_2)
FNDA:9,(anonymous_3)
FNDA:108,(anonymous_4)
FNDA:0,(anonymous_5)
FNDA:1,(anonymous_6)
FNDA:1,(anonymous_7)
FNDA:1,(anonymous_8)
FNDA:2,(anonymous_9)
FNDA:1,(anonymous_10)
FNDA:0,(anonymous_11)
FNDA:0,(anonymous_12)
FNDA:0,(anonymous_13)
FNDA:0,(anonymous_14)
DA:1,2
DA:2,2
DA:3,2
DA:4,2
DA:5,2
DA:9,2
DA:10,2
DA:11,2
DA:12,2
DA:19,2
DA:20,2
DA:21,2
DA:22,2
DA:23,2
DA:24,2
DA:26,0
DA:27,0
DA:30,0
DA:31,0
DA:39,2
DA:40,2
DA:41,2
DA:43,2
DA:44,2
DA:45,2
DA:47,0
DA:55,9
DA:58,9
DA:63,9
DA:66,9
DA:67,108
DA:71,9
DA:78,9
DA:79,0
DA:81,0
DA:84,9
DA:94,0
DA:96,0
DA:98,0
DA:102,0
DA:105,0
DA:113,1
DA:114,1
DA:116,1
DA:117,0
DA:121,1
DA:122,0
DA:123,0
DA:124,0
DA:128,1
DA:131,1
DA:134,1
DA:135,1
DA:138,1
DA:140,1
DA:147,1
DA:148,1
DA:150,1
DA:151,1
DA:153,1
DA:154,1
DA:157,0
DA:158,0
DA:166,1
DA:167,14
DA:168,0
DA:171,1
DA:178,2
DA:185,1
DA:188,1
DA:189,1
DA:192,1
DA:194,1
DA:201,0
DA:202,0
DA:203,0
DA:210,0
DA:221,0
DA:223,0
DA:224,0
DA:225,0
DA:226,0
DA:228,0
DA:229,0
DA:230,0
DA:235,0
DA:236,0
DA:237,0
DA:240,0
DA:247,2
DA:248,2
LF:91
LH:56
BRDA:20,0,0,2
BRDA:20,0,1,0
BRDA:55,1,0,0
BRDA:55,1,1,9
BRDA:78,2,0,0
BRDA:78,2,1,9
BRDA:94,3,0,0
BRDA:94,3,1,0
BRDA:116,4,0,0
BRDA:116,4,1,1
BRDA:121,5,0,0
BRDA:121,5,1,1
BRDA:146,6,0,0
BRDA:153,7,0,1
BRDA:153,7,1,0
BRDA:153,8,0,1
BRDA:153,8,1,0
BRDA:167,9,0,0
BRDA:167,9,1,14
BRDA:178,10,0,2
BRDA:178,10,1,2
BRDA:224,11,0,0
BRDA:224,11,1,0
BRDA:224,12,0,0
BRDA:224,12,1,0
BRDA:228,13,0,0
BRDA:228,13,1,0
BRDA:228,14,0,0
BRDA:228,14,1,0
BRDA:235,15,0,0
BRDA:235,15,1,0
BRF:31
BRH:10
end_of_record
TN:
SF:server\services\video-poster.js
FN:9,ensureDir
FN:15,runFfmpeg
FN:16,(anonymous_2)
FN:33,(anonymous_3)
FN:43,createPosterFromVideo
FNF:5
FNH:1
FNDA:0,ensureDir
FNDA:0,runFfmpeg
FNDA:0,(anonymous_2)
FNDA:0,(anonymous_3)
FNDA:1,createPosterFromVideo
DA:1,1
DA:2,1
DA:3,1
DA:4,1
DA:5,1
DA:7,1
DA:10,0
DA:11,0
DA:16,0
DA:17,0
DA:30,0
DA:32,0
DA:33,0
DA:34,0
DA:35,0
DA:37,0
DA:50,1
DA:51,1
DA:54,0
DA:56,0
DA:57,0
DA:58,0
DA:60,0
DA:61,0
DA:62,0
DA:65,0
DA:66,0
DA:67,0
DA:69,0
DA:72,0
DA:73,0
DA:75,0
DA:84,0
DA:86,0
DA:90,1
LF:35
LH:9
BRDA:10,0,0,0
BRDA:10,0,1,0
BRDA:15,1,0,0
BRDA:34,2,0,0
BRDA:34,2,1,0
BRDA:48,3,0,1
BRDA:50,4,0,1
BRDA:50,4,1,0
BRDA:61,5,0,0
BRDA:61,5,1,0
BRDA:72,6,0,0
BRDA:72,6,1,0
BRDA:73,7,0,0
BRDA:73,7,1,0
BRF:14
BRH:2
end_of_record
